2000.12.22 00:10 B C:\My Documents\WebSite\Photos\GrandCanyon\GC_Tower.jpg --> upload.att.net /joesolano/Photos/GrandCanyon GC_Tower.jpg
2000.12.22 00:10 B C:\My Documents\WebSite\Photos\GrandCanyon\MountainSunset.jpg --> upload.att.net /joesolano/Photos/GrandCanyon MountainSunset.jpg
2000.12.22 00:10 B C:\My Documents\WebSite\Photos\GrandCanyon\GrandCanyon_Intro.jpg --> upload.att.net /joesolano/Photos/GrandCanyon GrandCanyon_Intro.jpg
2000.12.22 00:10 B C:\My Documents\WebSite\Photos\GrandCanyon\GCAir_Snow.jpg --> upload.att.net /joesolano/Photos/GrandCanyon GCAir_Snow.jpg
2000.12.22 00:10 B C:\My Documents\WebSite\Photos\GrandCanyon\GCAir_HellicopterShadow.jpg --> upload.att.net /joesolano/Photos/GrandCanyon GCAir_HellicopterShadow.jpg
2000.12.22 00:11 B C:\My Documents\WebSite\Photos\GrandCanyon\GCAir_Hellicopter.jpg --> upload.att.net /joesolano/Photos/GrandCanyon GCAir_Hellicopter.jpg
2000.12.22 00:11 B C:\My Documents\WebSite\Photos\GrandCanyon\GCAir_Giustina.jpg --> upload.att.net /joesolano/Photos/GrandCanyon GCAir_Giustina.jpg
2000.12.22 00:11 B C:\My Documents\WebSite\Photos\GrandCanyon\GCAir9.jpg --> upload.att.net /joesolano/Photos/GrandCanyon GCAir9.jpg
2000.12.22 00:11 B C:\My Documents\WebSite\Photos\GrandCanyon\GCAir8.jpg --> upload.att.net /joesolano/Photos/GrandCanyon GCAir8.jpg
2000.12.22 00:11 B C:\My Documents\WebSite\Photos\GrandCanyon\GCAir7.jpg --> upload.att.net /joesolano/Photos/GrandCanyon GCAir7.jpg
2000.12.22 00:11 B C:\My Documents\WebSite\Photos\GrandCanyon\GCAir6.jpg --> upload.att.net /joesolano/Photos/GrandCanyon GCAir6.jpg
2000.12.22 00:11 B C:\My Documents\WebSite\Photos\GrandCanyon\GCAir5.jpg --> upload.att.net /joesolano/Photos/GrandCanyon GCAir5.jpg
2000.12.22 00:11 B C:\My Documents\WebSite\Photos\GrandCanyon\GCAir4.jpg --> upload.att.net /joesolano/Photos/GrandCanyon GCAir4.jpg
2000.12.22 00:11 B C:\My Documents\WebSite\Photos\GrandCanyon\GCAir3.jpg --> upload.att.net /joesolano/Photos/GrandCanyon GCAir3.jpg
2000.12.22 00:12 B C:\My Documents\WebSite\Photos\GrandCanyon\GCAir2.jpg --> upload.att.net /joesolano/Photos/GrandCanyon GCAir2.jpg
2000.12.22 00:12 B C:\My Documents\WebSite\Photos\GrandCanyon\GCAir10.jpg --> upload.att.net /joesolano/Photos/GrandCanyon GCAir10.jpg
2000.12.22 00:12 B C:\My Documents\WebSite\Photos\GrandCanyon\GCAir1.jpg --> upload.att.net /joesolano/Photos/GrandCanyon GCAir1.jpg
2000.12.22 00:12 B C:\My Documents\WebSite\Photos\GrandCanyon\GC9.jpg --> upload.att.net /joesolano/Photos/GrandCanyon GC9.jpg
2000.12.22 00:12 B C:\My Documents\WebSite\Photos\GrandCanyon\GC8.jpg --> upload.att.net /joesolano/Photos/GrandCanyon GC8.jpg
2000.12.22 00:12 B C:\My Documents\WebSite\Photos\GrandCanyon\GC7.jpg --> upload.att.net /joesolano/Photos/GrandCanyon GC7.jpg
2000.12.22 00:12 B C:\My Documents\WebSite\Photos\GrandCanyon\GC6.jpg --> upload.att.net /joesolano/Photos/GrandCanyon GC6.jpg
2000.12.22 00:12 B C:\My Documents\WebSite\Photos\GrandCanyon\GC5.jpg --> upload.att.net /joesolano/Photos/GrandCanyon GC5.jpg
2000.12.22 00:12 B C:\My Documents\WebSite\Photos\GrandCanyon\GC4.jpg --> upload.att.net /joesolano/Photos/GrandCanyon GC4.jpg
2000.12.22 00:12 B C:\My Documents\WebSite\Photos\GrandCanyon\GC3.jpg --> upload.att.net /joesolano/Photos/GrandCanyon GC3.jpg
2000.12.22 00:13 B C:\My Documents\WebSite\Photos\GrandCanyon\GC13.jpg --> upload.att.net /joesolano/Photos/GrandCanyon GC13.jpg
2000.12.22 00:13 B C:\My Documents\WebSite\Photos\GrandCanyon\GC12.jpg --> upload.att.net /joesolano/Photos/GrandCanyon GC12.jpg
2000.12.22 00:13 B C:\My Documents\WebSite\Photos\GrandCanyon\GC11.jpg --> upload.att.net /joesolano/Photos/GrandCanyon GC11.jpg
2000.12.22 00:13 B C:\My Documents\WebSite\Photos\GrandCanyon\GC10.jpg --> upload.att.net /joesolano/Photos/GrandCanyon GC10.jpg
2000.12.22 00:13 B C:\My Documents\WebSite\Photos\GrandCanyon\GC1.jpg --> upload.att.net /joesolano/Photos/GrandCanyon GC1.jpg
2000.12.22 00:13 B C:\My Documents\WebSite\Photos\GrandCanyon\GC_Raven.jpg --> upload.att.net /joesolano/Photos/GrandCanyon GC_Raven.jpg
2000.12.22 00:13 B C:\My Documents\WebSite\Photos\GrandCanyon\GC_Goat.jpg --> upload.att.net /joesolano/Photos/GrandCanyon GC_Goat.jpg
2000.12.22 00:13 B C:\My Documents\WebSite\Photos\GrandCanyon\GC_GiustinaJoe.jpg --> upload.att.net /joesolano/Photos/GrandCanyon GC_GiustinaJoe.jpg
2000.12.22 00:14 B C:\My Documents\WebSite\Photos\GrandCanyon\GC_Giustina.jpg --> upload.att.net /joesolano/Photos/GrandCanyon GC_Giustina.jpg
2000.12.22 00:14 B C:\My Documents\WebSite\Photos\GrandCanyon\GC_Cactus.jpg --> upload.att.net /joesolano/Photos/GrandCanyon GC_Cactus.jpg
2000.12.22 00:14 B C:\My Documents\WebSite\Photos\GrandCanyon\EntranceRoadView.jpg --> upload.att.net /joesolano/Photos/GrandCanyon EntranceRoadView.jpg
2001.12.19 15:43 B C:\My Documents\WebSite\Photos\GrandCanyon\EntranceRoadView.jpg --> home.tampabay.rr.com /Photos/GrandCanyon EntranceRoadView.jpg
2001.12.19 15:43 B C:\My Documents\WebSite\Photos\GrandCanyon\GC1.jpg --> home.tampabay.rr.com /Photos/GrandCanyon GC1.jpg
2001.12.19 15:43 B C:\My Documents\WebSite\Photos\GrandCanyon\GC10.jpg --> home.tampabay.rr.com /Photos/GrandCanyon GC10.jpg
2001.12.19 15:43 B C:\My Documents\WebSite\Photos\GrandCanyon\GC11.jpg --> home.tampabay.rr.com /Photos/GrandCanyon GC11.jpg
2001.12.19 15:43 B C:\My Documents\WebSite\Photos\GrandCanyon\GC12.jpg --> home.tampabay.rr.com /Photos/GrandCanyon GC12.jpg
2001.12.19 15:43 B C:\My Documents\WebSite\Photos\GrandCanyon\GC13.jpg --> home.tampabay.rr.com /Photos/GrandCanyon GC13.jpg
2001.12.19 15:43 B C:\My Documents\WebSite\Photos\GrandCanyon\GC3.jpg --> home.tampabay.rr.com /Photos/GrandCanyon GC3.jpg
2001.12.19 15:43 B C:\My Documents\WebSite\Photos\GrandCanyon\GC4.jpg --> home.tampabay.rr.com /Photos/GrandCanyon GC4.jpg
2001.12.19 15:43 B C:\My Documents\WebSite\Photos\GrandCanyon\GC5.jpg --> home.tampabay.rr.com /Photos/GrandCanyon GC5.jpg
2001.12.19 15:43 B C:\My Documents\WebSite\Photos\GrandCanyon\GC6.jpg --> home.tampabay.rr.com /Photos/GrandCanyon GC6.jpg
2001.12.19 15:43 B C:\My Documents\WebSite\Photos\GrandCanyon\GC7.jpg --> home.tampabay.rr.com /Photos/GrandCanyon GC7.jpg
2001.12.19 15:43 B C:\My Documents\WebSite\Photos\GrandCanyon\GC8.jpg --> home.tampabay.rr.com /Photos/GrandCanyon GC8.jpg
2001.12.19 15:43 B C:\My Documents\WebSite\Photos\GrandCanyon\GC9.jpg --> home.tampabay.rr.com /Photos/GrandCanyon GC9.jpg
2001.12.19 15:43 B C:\My Documents\WebSite\Photos\GrandCanyon\GC_Cactus.jpg --> home.tampabay.rr.com /Photos/GrandCanyon GC_Cactus.jpg
2001.12.19 15:43 B C:\My Documents\WebSite\Photos\GrandCanyon\GC_Giustina.jpg --> home.tampabay.rr.com /Photos/GrandCanyon GC_Giustina.jpg
2001.12.19 15:43 B C:\My Documents\WebSite\Photos\GrandCanyon\GC_GiustinaJoe.jpg --> home.tampabay.rr.com /Photos/GrandCanyon GC_GiustinaJoe.jpg
2001.12.19 15:43 B C:\My Documents\WebSite\Photos\GrandCanyon\GC_Goat.jpg --> home.tampabay.rr.com /Photos/GrandCanyon GC_Goat.jpg
2001.12.19 15:43 B C:\My Documents\WebSite\Photos\GrandCanyon\GC_Raven.jpg --> home.tampabay.rr.com /Photos/GrandCanyon GC_Raven.jpg
2001.12.19 15:43 B C:\My Documents\WebSite\Photos\GrandCanyon\GC_Tower.jpg --> home.tampabay.rr.com /Photos/GrandCanyon GC_Tower.jpg
2001.12.19 15:43 B C:\My Documents\WebSite\Photos\GrandCanyon\GCAir1.jpg --> home.tampabay.rr.com /Photos/GrandCanyon GCAir1.jpg
2001.12.19 15:43 B C:\My Documents\WebSite\Photos\GrandCanyon\GCAir10.jpg --> home.tampabay.rr.com /Photos/GrandCanyon GCAir10.jpg
2001.12.19 15:43 B C:\My Documents\WebSite\Photos\GrandCanyon\GCAir2.jpg --> home.tampabay.rr.com /Photos/GrandCanyon GCAir2.jpg
2001.12.19 15:43 B C:\My Documents\WebSite\Photos\GrandCanyon\GCAir3.jpg --> home.tampabay.rr.com /Photos/GrandCanyon GCAir3.jpg
2001.12.19 15:43 B C:\My Documents\WebSite\Photos\GrandCanyon\GCAir4.jpg --> home.tampabay.rr.com /Photos/GrandCanyon GCAir4.jpg
2001.12.19 15:43 B C:\My Documents\WebSite\Photos\GrandCanyon\GCAir5.jpg --> home.tampabay.rr.com /Photos/GrandCanyon GCAir5.jpg
2001.12.19 15:43 B C:\My Documents\WebSite\Photos\GrandCanyon\GCAir6.jpg --> home.tampabay.rr.com /Photos/GrandCanyon GCAir6.jpg
2001.12.19 15:43 B C:\My Documents\WebSite\Photos\GrandCanyon\GCAir7.jpg --> home.tampabay.rr.com /Photos/GrandCanyon GCAir7.jpg
2001.12.19 15:43 B C:\My Documents\WebSite\Photos\GrandCanyon\GCAir8.jpg --> home.tampabay.rr.com /Photos/GrandCanyon GCAir8.jpg
2001.12.19 15:43 B C:\My Documents\WebSite\Photos\GrandCanyon\GCAir9.jpg --> home.tampabay.rr.com /Photos/GrandCanyon GCAir9.jpg
2001.12.19 15:43 B C:\My Documents\WebSite\Photos\GrandCanyon\GCAir_Giustina.jpg --> home.tampabay.rr.com /Photos/GrandCanyon GCAir_Giustina.jpg
2001.12.19 15:43 B C:\My Documents\WebSite\Photos\GrandCanyon\GCAir_Hellicopter.jpg --> home.tampabay.rr.com /Photos/GrandCanyon GCAir_Hellicopter.jpg
2001.12.19 15:43 B C:\My Documents\WebSite\Photos\GrandCanyon\GCAir_HellicopterShadow.jpg --> home.tampabay.rr.com /Photos/GrandCanyon GCAir_HellicopterShadow.jpg
2001.12.19 15:43 B C:\My Documents\WebSite\Photos\GrandCanyon\GCAir_Snow.jpg --> home.tampabay.rr.com /Photos/GrandCanyon GCAir_Snow.jpg
2001.12.19 15:43 B C:\My Documents\WebSite\Photos\GrandCanyon\GrandCanyon_Intro.jpg --> home.tampabay.rr.com /Photos/GrandCanyon GrandCanyon_Intro.jpg
2001.12.19 15:43 B C:\My Documents\WebSite\Photos\GrandCanyon\MountainSunset.jpg --> home.tampabay.rr.com /Photos/GrandCanyon MountainSunset.jpg
2001.12.19 15:43 B C:\My Documents\WebSite\Photos\GrandCanyon\WS_FTP.LOG --> home.tampabay.rr.com /Photos/GrandCanyon WS_FTP.LOG
