2000.08.18 11:04 B C:\My Documents\WebSite_ATT\Photos\Logo.jpg --> upload.att.net /joesolano/Photos Logo.jpg
2000.08.21 23:54 B C:\My Documents\WebSite_ATT\Photos\Photos.htm --> upload.att.net /joesolano/Photos Photos.htm
2000.08.21 23:54 B C:\My Documents\WebSite_ATT\Photos\WS_FTP.LOG --> upload.att.net /joesolano/Photos WS_FTP.LOG
2000.08.22 00:14 B C:\My Documents\WebSite_ATT\Photos\Photos.htm --> upload.att.net /joesolano/Photos Photos.htm
2000.08.22 00:14 B C:\My Documents\WebSite_ATT\Photos\WS_FTP.LOG --> upload.att.net /joesolano/Photos WS_FTP.LOG
2000.09.19 23:13 B C:\My Documents\WebSite\Photos\NiagaraFalls.htm --> upload.att.net /joesolano/Photos NiagaraFalls.htm
2000.09.19 23:13 B C:\My Documents\WebSite\Photos\OurWinnebagoInside.htm --> upload.att.net /joesolano/Photos OurWinnebagoInside.htm
2000.09.19 23:13 B C:\My Documents\WebSite\Photos\OurWinnebagoOutside.htm --> upload.att.net /joesolano/Photos OurWinnebagoOutside.htm
2000.09.19 23:13 B C:\My Documents\WebSite\Photos\Photos.htm --> upload.att.net /joesolano/Photos Photos.htm
2000.09.19 23:14 B C:\My Documents\WebSite\Photos\Steamtown.htm --> upload.att.net /joesolano/Photos Steamtown.htm
2000.09.19 23:14 B C:\My Documents\WebSite\Photos\SteamtownPage2.htm --> upload.att.net /joesolano/Photos SteamtownPage2.htm
2000.09.19 23:14 B C:\My Documents\WebSite\Photos\WS_FTP.LOG --> upload.att.net /joesolano/Photos WS_FTP.LOG
2000.10.13 18:22 B C:\My Documents\WebSite\Photos\Photos.htm --> upload.att.net /joesolano/Photos Photos.htm
2000.10.13 18:22 B C:\My Documents\WebSite\Photos\Chicago.htm --> upload.att.net /joesolano/Photos Chicago.htm
2000.10.13 18:22 B C:\My Documents\WebSite\Photos\Michigan.htm --> upload.att.net /joesolano/Photos Michigan.htm
2000.10.13 18:22 B C:\My Documents\WebSite\Photos\Ohio.htm --> upload.att.net /joesolano/Photos Ohio.htm
2000.10.13 18:22 B C:\My Documents\WebSite\Photos\JimNancy.htm --> upload.att.net /joesolano/Photos JimNancy.htm
2000.10.13 18:23 B C:\My Documents\WebSite\Photos\Lancaster.htm --> upload.att.net /joesolano/Photos Lancaster.htm
2000.10.16 22:51 B C:\My Documents\WebSite\Photos\DeanAndNicole.htm --> upload.att.net /joesolano/Photos DeanAndNicole.htm
2000.10.26 20:39 B C:\My Documents\WebSite\Photos\LaCrosse.htm --> upload.att.net /joesolano LaCrosse.htm
2000.10.26 20:39 B C:\My Documents\WebSite\Photos\Milwaukee.htm --> upload.att.net /joesolano Milwaukee.htm
2000.10.26 20:40 B C:\My Documents\WebSite\Photos\LaCrosse.htm --> upload.att.net /joesolano/Photos LaCrosse.htm
2000.10.26 20:40 B C:\My Documents\WebSite\Photos\Milwaukee.htm --> upload.att.net /joesolano/Photos Milwaukee.htm
2000.10.26 20:40 B C:\My Documents\WebSite\Photos\Photos.htm --> upload.att.net /joesolano/Photos Photos.htm
2000.10.26 20:40 B C:\My Documents\WebSite\Photos\WisconsinDells.htm --> upload.att.net /joesolano/Photos WisconsinDells.htm
2000.10.30 01:23 B C:\My Documents\WebSite\Photos\CusterSouthDakota.htm --> upload.att.net /joesolano/Photos CusterSouthDakota.htm
2000.10.30 01:23 B C:\My Documents\WebSite\Photos\Minneapolis.htm --> upload.att.net /joesolano/Photos Minneapolis.htm
2000.10.30 01:23 B C:\My Documents\WebSite\Photos\SpearfishSouthDakota.htm --> upload.att.net /joesolano/Photos SpearfishSouthDakota.htm
2000.10.30 01:23 B C:\My Documents\WebSite\Photos\WisconsinSouthDakotaDrive.htm --> upload.att.net /joesolano/Photos WisconsinSouthDakotaDrive.htm
2000.10.30 01:23 B C:\My Documents\WebSite\Photos\WyomingDrive.htm --> upload.att.net /joesolano/Photos WyomingDrive.htm
2000.10.30 01:23 B C:\My Documents\WebSite\Photos\Yellowstone.htm --> upload.att.net /joesolano/Photos Yellowstone.htm
2000.10.30 01:24 B C:\My Documents\WebSite\Photos\Photos.htm --> upload.att.net /joesolano/Photos Photos.htm
2000.11.25 12:40 B C:\My Documents\WebSite\Photos\Photos.htm --> upload.att.net /joesolano/Photos Photos.htm
2000.11.25 12:40 B C:\My Documents\WebSite\Photos\Monterey.htm --> upload.att.net /joesolano/Photos Monterey.htm
2000.11.25 12:40 B C:\My Documents\WebSite\Photos\California.htm --> upload.att.net /joesolano/Photos California.htm
2000.11.25 12:40 B C:\My Documents\WebSite\Photos\Oregon.htm --> upload.att.net /joesolano/Photos Oregon.htm
2000.11.25 12:40 B C:\My Documents\WebSite\Photos\Washington.htm --> upload.att.net /joesolano/Photos Washington.htm
2000.11.25 12:40 B C:\My Documents\WebSite\Photos\Idaho.htm --> upload.att.net /joesolano/Photos Idaho.htm
2000.12.22 00:27 B C:\My Documents\WebSite\Photos\NiagaraFalls.htm --> upload.att.net /joesolano NiagaraFalls.htm
2000.12.22 00:28 B C:\My Documents\WebSite\Photos\NiagaraFalls.htm --> upload.att.net /joesolano/Photos NiagaraFalls.htm
2000.12.22 00:47 B C:\My Documents\WebSite\Photos\Arizona.htm --> upload.att.net /joesolano/Photos Arizona.htm
2000.12.22 00:47 B C:\My Documents\WebSite\Photos\BeverlyHills.htm --> upload.att.net /joesolano/Photos BeverlyHills.htm
2000.12.22 00:47 B C:\My Documents\WebSite\Photos\Disneyland.htm --> upload.att.net /joesolano/Photos Disneyland.htm
2000.12.22 00:47 B C:\My Documents\WebSite\Photos\GrandCanyon.htm --> upload.att.net /joesolano/Photos GrandCanyon.htm
2000.12.22 00:47 B C:\My Documents\WebSite\Photos\Hollywood.htm --> upload.att.net /joesolano/Photos Hollywood.htm
2000.12.22 00:47 B C:\My Documents\WebSite\Photos\HooverDam.htm --> upload.att.net /joesolano/Photos HooverDam.htm
2000.12.22 00:47 B C:\My Documents\WebSite\Photos\LasVegas.htm --> upload.att.net /joesolano/Photos LasVegas.htm
2000.12.22 00:47 B C:\My Documents\WebSite\Photos\NewMexico.htm --> upload.att.net /joesolano/Photos NewMexico.htm
2000.12.22 00:53 B C:\My Documents\WebSite\Photos\SouthernCalifornia.htm --> upload.att.net /joesolano/Photos SouthernCalifornia.htm
2000.12.22 00:53 B C:\My Documents\WebSite\Photos\TheAlamo.htm --> upload.att.net /joesolano/Photos TheAlamo.htm
2000.12.22 00:55 B C:\My Documents\WebSite\Photos\Photos.htm --> upload.att.net /joesolano/Photos Photos.htm
2000.12.22 01:10 B C:\My Documents\WebSite\Photos\SanDiegoZoo.htm --> upload.att.net /joesolano2/Photos SanDiegoZoo.htm
2000.12.22 01:10 B C:\My Documents\WebSite\Photos\TheAlamo.htm --> upload.att.net /joesolano2/Photos TheAlamo.htm
2000.12.22 01:20 B C:\My Documents\WebSite\Photos\NewOrleans.htm --> upload.att.net /joesolano2/Photos NewOrleans.htm
2000.12.22 01:21 B C:\My Documents\WebSite\Photos\Photos.htm --> upload.att.net /joesolano/Photos Photos.htm
2001.12.19 15:54 B C:\My Documents\WebSite\Photos\Arizona.htm --> home.tampabay.rr.com /Photos Arizona.htm
2001.12.19 15:57 B C:\My Documents\WebSite\Photos\Arizona.htm --> home.tampabay.rr.com /Photos Arizona.htm
2001.12.19 15:57 B C:\My Documents\WebSite\Photos\BeverlyHills.htm --> home.tampabay.rr.com /Photos BeverlyHills.htm
2001.12.19 15:57 B C:\My Documents\WebSite\Photos\California.htm --> home.tampabay.rr.com /Photos California.htm
2001.12.19 15:57 B C:\My Documents\WebSite\Photos\Chicago.htm --> home.tampabay.rr.com /Photos Chicago.htm
2001.12.19 15:57 B C:\My Documents\WebSite\Photos\CusterSouthDakota.htm --> home.tampabay.rr.com /Photos CusterSouthDakota.htm
2001.12.19 15:57 B C:\My Documents\WebSite\Photos\DeanAndNicole.htm --> home.tampabay.rr.com /Photos DeanAndNicole.htm
2001.12.19 15:57 B C:\My Documents\WebSite\Photos\Disneyland.htm --> home.tampabay.rr.com /Photos Disneyland.htm
2001.12.19 15:57 B C:\My Documents\WebSite\Photos\GrandCanyon.htm --> home.tampabay.rr.com /Photos GrandCanyon.htm
2001.12.19 15:57 B C:\My Documents\WebSite\Photos\Hollywood.htm --> home.tampabay.rr.com /Photos Hollywood.htm
2001.12.19 15:57 B C:\My Documents\WebSite\Photos\HooverDam.htm --> home.tampabay.rr.com /Photos HooverDam.htm
2001.12.19 15:57 B C:\My Documents\WebSite\Photos\Idaho.htm --> home.tampabay.rr.com /Photos Idaho.htm
2001.12.19 15:57 B C:\My Documents\WebSite\Photos\JimNancy.htm --> home.tampabay.rr.com /Photos JimNancy.htm
2001.12.19 15:57 B C:\My Documents\WebSite\Photos\LaCrosse.htm --> home.tampabay.rr.com /Photos LaCrosse.htm
2001.12.19 15:57 B C:\My Documents\WebSite\Photos\Lancaster.htm --> home.tampabay.rr.com /Photos Lancaster.htm
2001.12.19 15:57 B C:\My Documents\WebSite\Photos\LasVegas.htm --> home.tampabay.rr.com /Photos LasVegas.htm
2001.12.19 15:57 B C:\My Documents\WebSite\Photos\Michigan.htm --> home.tampabay.rr.com /Photos Michigan.htm
2001.12.19 15:57 B C:\My Documents\WebSite\Photos\Milwaukee.htm --> home.tampabay.rr.com /Photos Milwaukee.htm
2001.12.19 15:57 B C:\My Documents\WebSite\Photos\Minneapolis.htm --> home.tampabay.rr.com /Photos Minneapolis.htm
2001.12.19 15:57 B C:\My Documents\WebSite\Photos\Monterey.htm --> home.tampabay.rr.com /Photos Monterey.htm
2001.12.19 15:57 B C:\My Documents\WebSite\Photos\NewMexico.htm --> home.tampabay.rr.com /Photos NewMexico.htm
2001.12.19 15:57 B C:\My Documents\WebSite\Photos\NewOrleans.htm --> home.tampabay.rr.com /Photos NewOrleans.htm
2001.12.19 15:57 B C:\My Documents\WebSite\Photos\NiagaraFalls.htm --> home.tampabay.rr.com /Photos NiagaraFalls.htm
2001.12.19 15:57 B C:\My Documents\WebSite\Photos\Ohio.htm --> home.tampabay.rr.com /Photos Ohio.htm
2001.12.19 15:57 B C:\My Documents\WebSite\Photos\Oregon.htm --> home.tampabay.rr.com /Photos Oregon.htm
2001.12.19 15:57 B C:\My Documents\WebSite\Photos\OurWinnebagoInside.htm --> home.tampabay.rr.com /Photos OurWinnebagoInside.htm
2001.12.19 15:57 B C:\My Documents\WebSite\Photos\OurWinnebagoOutside.htm --> home.tampabay.rr.com /Photos OurWinnebagoOutside.htm
2001.12.19 15:57 B C:\My Documents\WebSite\Photos\Photos.htm --> home.tampabay.rr.com /Photos Photos.htm
2001.12.19 15:57 B C:\My Documents\WebSite\Photos\SanDiegoZoo.htm --> home.tampabay.rr.com /Photos SanDiegoZoo.htm
2001.12.19 15:57 B C:\My Documents\WebSite\Photos\SouthernCalifornia.htm --> home.tampabay.rr.com /Photos SouthernCalifornia.htm
2001.12.19 15:57 B C:\My Documents\WebSite\Photos\SpearfishSouthDakota.htm --> home.tampabay.rr.com /Photos SpearfishSouthDakota.htm
2001.12.19 15:57 B C:\My Documents\WebSite\Photos\Steamtown.htm --> home.tampabay.rr.com /Photos Steamtown.htm
2001.12.19 15:57 B C:\My Documents\WebSite\Photos\SteamtownPage2.htm --> home.tampabay.rr.com /Photos SteamtownPage2.htm
2001.12.19 15:57 B C:\My Documents\WebSite\Photos\Template.htm --> home.tampabay.rr.com /Photos Template.htm
2001.12.19 15:57 B C:\My Documents\WebSite\Photos\TheAlamo.htm --> home.tampabay.rr.com /Photos TheAlamo.htm
2001.12.19 15:57 B C:\My Documents\WebSite\Photos\Washington.htm --> home.tampabay.rr.com /Photos Washington.htm
2001.12.19 15:57 B C:\My Documents\WebSite\Photos\WisconsinDells.htm --> home.tampabay.rr.com /Photos WisconsinDells.htm
2001.12.19 15:57 B C:\My Documents\WebSite\Photos\WisconsinSouthDakotaDrive.htm --> home.tampabay.rr.com /Photos WisconsinSouthDakotaDrive.htm
2001.12.19 15:57 B C:\My Documents\WebSite\Photos\WS_FTP.LOG --> home.tampabay.rr.com /Photos WS_FTP.LOG
2001.12.19 15:57 B C:\My Documents\WebSite\Photos\WyomingDrive.htm --> home.tampabay.rr.com /Photos WyomingDrive.htm
2001.12.19 15:57 B C:\My Documents\WebSite\Photos\Yellowstone.htm --> home.tampabay.rr.com /Photos Yellowstone.htm
