2000.12.22 00:30 B C:\My Documents\WebSite\Photos\HooverDam\VisitorCenter.jpg --> upload.att.net /joesolano/Photos/HooverDam VisitorCenter.jpg
2000.12.22 00:30 B C:\My Documents\WebSite\Photos\HooverDam\Turbines.jpg --> upload.att.net /joesolano/Photos/HooverDam Turbines.jpg
2000.12.22 00:30 B C:\My Documents\WebSite\Photos\HooverDam\Turbine.jpg --> upload.att.net /joesolano/Photos/HooverDam Turbine.jpg
2000.12.22 00:30 B C:\My Documents\WebSite\Photos\HooverDam\Spillway.jpg --> upload.att.net /joesolano/Photos/HooverDam Spillway.jpg
2000.12.22 00:31 B C:\My Documents\WebSite\Photos\HooverDam\RiverBelowDam.jpg --> upload.att.net /joesolano/Photos/HooverDam RiverBelowDam.jpg
2000.12.22 00:31 B C:\My Documents\WebSite\Photos\HooverDam\IntakeTowers.jpg --> upload.att.net /joesolano/Photos/HooverDam IntakeTowers.jpg
2000.12.22 00:31 B C:\My Documents\WebSite\Photos\HooverDam\DamTruck.jpg --> upload.att.net /joesolano/Photos/HooverDam DamTruck.jpg
2000.12.22 00:31 B C:\My Documents\WebSite\Photos\HooverDam\DamIntro.jpg --> upload.att.net /joesolano/Photos/HooverDam DamIntro.jpg
2000.12.22 00:31 B C:\My Documents\WebSite\Photos\HooverDam\DamGiustina.jpg --> upload.att.net /joesolano/Photos/HooverDam DamGiustina.jpg
2000.12.22 00:31 B C:\My Documents\WebSite\Photos\HooverDam\DamBase.jpg --> upload.att.net /joesolano/Photos/HooverDam DamBase.jpg
2000.12.22 00:31 B C:\My Documents\WebSite\Photos\HooverDam\Dam.jpg --> upload.att.net /joesolano/Photos/HooverDam Dam.jpg
2000.12.22 00:31 B C:\My Documents\WebSite\Photos\HooverDam\ControlPanel.jpg --> upload.att.net /joesolano/Photos/HooverDam ControlPanel.jpg
2001.12.19 15:43 B C:\My Documents\WebSite\Photos\HooverDam\ControlPanel.jpg --> home.tampabay.rr.com /Photos/HooverDam ControlPanel.jpg
2001.12.19 15:43 B C:\My Documents\WebSite\Photos\HooverDam\Dam.jpg --> home.tampabay.rr.com /Photos/HooverDam Dam.jpg
2001.12.19 15:43 B C:\My Documents\WebSite\Photos\HooverDam\DamBase.jpg --> home.tampabay.rr.com /Photos/HooverDam DamBase.jpg
2001.12.19 15:43 B C:\My Documents\WebSite\Photos\HooverDam\DamGiustina.jpg --> home.tampabay.rr.com /Photos/HooverDam DamGiustina.jpg
2001.12.19 15:43 B C:\My Documents\WebSite\Photos\HooverDam\DamIntro.jpg --> home.tampabay.rr.com /Photos/HooverDam DamIntro.jpg
2001.12.19 15:43 B C:\My Documents\WebSite\Photos\HooverDam\DamTruck.jpg --> home.tampabay.rr.com /Photos/HooverDam DamTruck.jpg
2001.12.19 15:43 B C:\My Documents\WebSite\Photos\HooverDam\IntakeTowers.jpg --> home.tampabay.rr.com /Photos/HooverDam IntakeTowers.jpg
2001.12.19 15:43 B C:\My Documents\WebSite\Photos\HooverDam\RiverBelowDam.jpg --> home.tampabay.rr.com /Photos/HooverDam RiverBelowDam.jpg
2001.12.19 15:43 B C:\My Documents\WebSite\Photos\HooverDam\Spillway.jpg --> home.tampabay.rr.com /Photos/HooverDam Spillway.jpg
2001.12.19 15:43 B C:\My Documents\WebSite\Photos\HooverDam\Turbine.jpg --> home.tampabay.rr.com /Photos/HooverDam Turbine.jpg
2001.12.19 15:43 B C:\My Documents\WebSite\Photos\HooverDam\Turbines.jpg --> home.tampabay.rr.com /Photos/HooverDam Turbines.jpg
2001.12.19 15:43 B C:\My Documents\WebSite\Photos\HooverDam\VisitorCenter.jpg --> home.tampabay.rr.com /Photos/HooverDam VisitorCenter.jpg
2001.12.19 15:43 B C:\My Documents\WebSite\Photos\HooverDam\WS_FTP.LOG --> home.tampabay.rr.com /Photos/HooverDam WS_FTP.LOG
