2000.08.21 23:54 B C:\My Documents\WebSite_ATT\Menu_files\filelist.xml --> upload.att.net /joesolano/Menu_files filelist.xml
2000.08.21 23:54 B C:\My Documents\WebSite_ATT\Menu_files\image001.jpg --> upload.att.net /joesolano/Menu_files image001.jpg
2000.08.22 00:13 B C:\My Documents\WebSite_ATT\Menu_files\filelist.xml --> upload.att.net /joesolano/Menu_files filelist.xml
2000.08.22 00:13 B C:\My Documents\WebSite_ATT\Menu_files\image001.jpg --> upload.att.net /joesolano/Menu_files image001.jpg
2000.08.22 00:13 B C:\My Documents\WebSite_ATT\Menu_files\WS_FTP.LOG --> upload.att.net /joesolano/Menu_files WS_FTP.LOG
2000.08.22 10:47 B C:\My Documents\WebSite_ATT\Menu_files\filelist.xml --> upload.att.net /joesolano filelist.xml
2000.08.22 10:47 B C:\My Documents\WebSite_ATT\Menu_files\image001.jpg --> upload.att.net /joesolano image001.jpg
2000.08.22 10:47 B C:\My Documents\WebSite_ATT\Menu_files\filelist.xml --> upload.att.net /joesolano/Menu_files filelist.xml
2000.08.22 10:48 B C:\My Documents\WebSite_ATT\Menu_files\image001.jpg --> upload.att.net /joesolano/Menu_files image001.jpg
2000.09.19 22:43 B C:\My Documents\WebSite\Menu_files\filelist.xml --> upload.att.net /joesolano/Menu_files filelist.xml
2000.09.19 22:43 B C:\My Documents\WebSite\Menu_files\image001.jpg --> upload.att.net /joesolano/Menu_files image001.jpg
2000.09.19 22:43 B C:\My Documents\WebSite\Menu_files\WS_FTP.LOG --> upload.att.net /joesolano/Menu_files WS_FTP.LOG
2000.10.13 18:02 B C:\My Documents\WebSite\Menu_files\image001.jpg --> upload.att.net /joesolano/Menu_files image001.jpg
2000.10.13 18:03 B C:\My Documents\WebSite\Menu_files\filelist.xml --> upload.att.net /joesolano/Menu_files filelist.xml
2000.12.21 23:45 B C:\My Documents\WebSite\Menu_files\image001.jpg --> upload.att.net /joesolano/Menu_files image001.jpg
2000.12.21 23:46 B C:\My Documents\WebSite\Menu_files\filelist.xml --> upload.att.net /joesolano/Menu_files filelist.xml
2000.12.22 00:02 B C:\My Documents\WebSite\Menu_files\image001.jpg --> upload.att.net /joesolano/Menu_files image001.jpg
2000.12.22 00:02 B C:\My Documents\WebSite\Menu_files\filelist.xml --> upload.att.net /joesolano/Menu_files filelist.xml
2001.12.19 15:41 B C:\My Documents\WebSite\Menu_files\filelist.xml --> home.tampabay.rr.com /Menu_files filelist.xml
2001.12.19 15:41 B C:\My Documents\WebSite\Menu_files\image001.jpg --> home.tampabay.rr.com /Menu_files image001.jpg
2001.12.19 15:41 B C:\My Documents\WebSite\Menu_files\WS_FTP.LOG --> home.tampabay.rr.com /Menu_files WS_FTP.LOG
2001.12.19 16:27 B C:\My Documents\WebSite\Menu_files\filelist.xml --> solano.topcities.com /Menu_files filelist.xml
2001.12.19 16:27 B C:\My Documents\WebSite\Menu_files\image001.jpg --> solano.topcities.com /Menu_files image001.jpg
2001.12.19 16:27 B C:\My Documents\WebSite\Menu_files\WS_FTP.LOG --> solano.topcities.com /Menu_files WS_FTP.LOG
