2000.12.21 23:52 B C:\My Documents\WebSite\Photos\DisneyLand\CaroselGiustina.jpg --> upload.att.net /joesolano/Photos/DisneyLand CaroselGiustina.jpg
2000.12.21 23:52 B C:\My Documents\WebSite\Photos\DisneyLand\Winnie.jpg --> upload.att.net /joesolano/Photos/DisneyLand Winnie.jpg
2000.12.21 23:52 B C:\My Documents\WebSite\Photos\DisneyLand\Whale.jpg --> upload.att.net /joesolano/Photos/DisneyLand Whale.jpg
2000.12.21 23:53 B C:\My Documents\WebSite\Photos\DisneyLand\Tigger.jpg --> upload.att.net /joesolano/Photos/DisneyLand Tigger.jpg
2000.12.21 23:53 B C:\My Documents\WebSite\Photos\DisneyLand\Robot.jpg --> upload.att.net /joesolano/Photos/DisneyLand Robot.jpg
2000.12.21 23:53 B C:\My Documents\WebSite\Photos\DisneyLand\RiverBoat.jpg --> upload.att.net /joesolano/Photos/DisneyLand RiverBoat.jpg
2000.12.21 23:53 B C:\My Documents\WebSite\Photos\DisneyLand\PoohEyeore.jpg --> upload.att.net /joesolano/Photos/DisneyLand PoohEyeore.jpg
2000.12.21 23:53 B C:\My Documents\WebSite\Photos\DisneyLand\Pluto.jpg --> upload.att.net /joesolano/Photos/DisneyLand Pluto.jpg
2000.12.21 23:54 B C:\My Documents\WebSite\Photos\DisneyLand\NewOrleansChristmas.jpg --> upload.att.net /joesolano/Photos/DisneyLand NewOrleansChristmas.jpg
2000.12.21 23:55 B C:\My Documents\WebSite\Photos\DisneyLand\NewOrleans.jpg --> upload.att.net /joesolano/Photos/DisneyLand NewOrleans.jpg
2000.12.22 00:06 B C:\My Documents\WebSite\Photos\DisneyLand\WS_FTP.LOG --> upload.att.net /joesolano/Photos/DisneyLand WS_FTP.LOG
2000.12.22 00:06 B C:\My Documents\WebSite\Photos\DisneyLand\CaroselGiustina.jpg --> upload.att.net /joesolano/Photos/DisneyLand CaroselGiustina.jpg
2000.12.22 00:06 B C:\My Documents\WebSite\Photos\DisneyLand\Winnie.jpg --> upload.att.net /joesolano/Photos/DisneyLand Winnie.jpg
2000.12.22 00:07 B C:\My Documents\WebSite\Photos\DisneyLand\Whale.jpg --> upload.att.net /joesolano/Photos/DisneyLand Whale.jpg
2000.12.22 00:07 B C:\My Documents\WebSite\Photos\DisneyLand\Tigger.jpg --> upload.att.net /joesolano/Photos/DisneyLand Tigger.jpg
2000.12.22 00:07 B C:\My Documents\WebSite\Photos\DisneyLand\Robot.jpg --> upload.att.net /joesolano/Photos/DisneyLand Robot.jpg
2000.12.22 00:07 B C:\My Documents\WebSite\Photos\DisneyLand\RiverBoat.jpg --> upload.att.net /joesolano/Photos/DisneyLand RiverBoat.jpg
2000.12.22 00:07 B C:\My Documents\WebSite\Photos\DisneyLand\PoohEyeore.jpg --> upload.att.net /joesolano/Photos/DisneyLand PoohEyeore.jpg
2000.12.22 00:07 B C:\My Documents\WebSite\Photos\DisneyLand\Pluto.jpg --> upload.att.net /joesolano/Photos/DisneyLand Pluto.jpg
2000.12.22 00:08 B C:\My Documents\WebSite\Photos\DisneyLand\NewOrleansChristmas.jpg --> upload.att.net /joesolano/Photos/DisneyLand NewOrleansChristmas.jpg
2000.12.22 00:08 B C:\My Documents\WebSite\Photos\DisneyLand\NewOrleans.jpg --> upload.att.net /joesolano/Photos/DisneyLand NewOrleans.jpg
2000.12.22 00:08 B C:\My Documents\WebSite\Photos\DisneyLand\MinnieMouse.jpg --> upload.att.net /joesolano/Photos/DisneyLand MinnieMouse.jpg
2000.12.22 00:08 B C:\My Documents\WebSite\Photos\DisneyLand\MickeyJoe.jpg --> upload.att.net /joesolano/Photos/DisneyLand MickeyJoe.jpg
2000.12.22 00:08 B C:\My Documents\WebSite\Photos\DisneyLand\MickeyGiustina.jpg --> upload.att.net /joesolano/Photos/DisneyLand MickeyGiustina.jpg
2000.12.22 00:08 B C:\My Documents\WebSite\Photos\DisneyLand\MainStreet.jpg --> upload.att.net /joesolano/Photos/DisneyLand MainStreet.jpg
2000.12.22 00:08 B C:\My Documents\WebSite\Photos\DisneyLand\HauntedHouse.jpg --> upload.att.net /joesolano/Photos/DisneyLand HauntedHouse.jpg
2000.12.22 00:09 B C:\My Documents\WebSite\Photos\DisneyLand\Goofy.jpg --> upload.att.net /joesolano/Photos/DisneyLand Goofy.jpg
2000.12.22 00:09 B C:\My Documents\WebSite\Photos\DisneyLand\DisneyEntrance.jpg --> upload.att.net /joesolano/Photos/DisneyLand DisneyEntrance.jpg
2000.12.22 00:09 B C:\My Documents\WebSite\Photos\DisneyLand\CountryBearJamboree.jpg --> upload.att.net /joesolano/Photos/DisneyLand CountryBearJamboree.jpg
2000.12.22 00:09 B C:\My Documents\WebSite\Photos\DisneyLand\ChristmasTree.jpg --> upload.att.net /joesolano/Photos/DisneyLand ChristmasTree.jpg
2000.12.22 00:09 B C:\My Documents\WebSite\Photos\DisneyLand\Castle.jpg --> upload.att.net /joesolano/Photos/DisneyLand Castle.jpg
2000.12.22 00:09 B C:\My Documents\WebSite\Photos\DisneyLand\Carosel.jpg --> upload.att.net /joesolano/Photos/DisneyLand Carosel.jpg
2000.12.22 00:09 B C:\My Documents\WebSite\Photos\DisneyLand\BobsledRide.jpg --> upload.att.net /joesolano/Photos/DisneyLand BobsledRide.jpg
2001.12.19 15:42 B C:\My Documents\WebSite\Photos\DisneyLand\BobsledRide.jpg --> home.tampabay.rr.com /Photos/DisneyLand BobsledRide.jpg
2001.12.19 15:42 B C:\My Documents\WebSite\Photos\DisneyLand\Carosel.jpg --> home.tampabay.rr.com /Photos/DisneyLand Carosel.jpg
2001.12.19 15:42 B C:\My Documents\WebSite\Photos\DisneyLand\CaroselGiustina.jpg --> home.tampabay.rr.com /Photos/DisneyLand CaroselGiustina.jpg
2001.12.19 15:42 B C:\My Documents\WebSite\Photos\DisneyLand\Castle.jpg --> home.tampabay.rr.com /Photos/DisneyLand Castle.jpg
2001.12.19 15:42 B C:\My Documents\WebSite\Photos\DisneyLand\ChristmasTree.jpg --> home.tampabay.rr.com /Photos/DisneyLand ChristmasTree.jpg
2001.12.19 15:42 B C:\My Documents\WebSite\Photos\DisneyLand\CountryBearJamboree.jpg --> home.tampabay.rr.com /Photos/DisneyLand CountryBearJamboree.jpg
2001.12.19 15:42 B C:\My Documents\WebSite\Photos\DisneyLand\DisneyEntrance.jpg --> home.tampabay.rr.com /Photos/DisneyLand DisneyEntrance.jpg
2001.12.19 15:42 B C:\My Documents\WebSite\Photos\DisneyLand\Goofy.jpg --> home.tampabay.rr.com /Photos/DisneyLand Goofy.jpg
2001.12.19 15:42 B C:\My Documents\WebSite\Photos\DisneyLand\HauntedHouse.jpg --> home.tampabay.rr.com /Photos/DisneyLand HauntedHouse.jpg
2001.12.19 15:42 B C:\My Documents\WebSite\Photos\DisneyLand\MainStreet.jpg --> home.tampabay.rr.com /Photos/DisneyLand MainStreet.jpg
2001.12.19 15:42 B C:\My Documents\WebSite\Photos\DisneyLand\MickeyGiustina.jpg --> home.tampabay.rr.com /Photos/DisneyLand MickeyGiustina.jpg
2001.12.19 15:42 B C:\My Documents\WebSite\Photos\DisneyLand\MickeyJoe.jpg --> home.tampabay.rr.com /Photos/DisneyLand MickeyJoe.jpg
2001.12.19 15:42 B C:\My Documents\WebSite\Photos\DisneyLand\MinnieMouse.jpg --> home.tampabay.rr.com /Photos/DisneyLand MinnieMouse.jpg
2001.12.19 15:42 B C:\My Documents\WebSite\Photos\DisneyLand\NewOrleans.jpg --> home.tampabay.rr.com /Photos/DisneyLand NewOrleans.jpg
2001.12.19 15:42 B C:\My Documents\WebSite\Photos\DisneyLand\NewOrleansChristmas.jpg --> home.tampabay.rr.com /Photos/DisneyLand NewOrleansChristmas.jpg
2001.12.19 15:43 B C:\My Documents\WebSite\Photos\DisneyLand\Pluto.jpg --> home.tampabay.rr.com /Photos/DisneyLand Pluto.jpg
2001.12.19 15:43 B C:\My Documents\WebSite\Photos\DisneyLand\PoohEyeore.jpg --> home.tampabay.rr.com /Photos/DisneyLand PoohEyeore.jpg
2001.12.19 15:43 B C:\My Documents\WebSite\Photos\DisneyLand\RiverBoat.jpg --> home.tampabay.rr.com /Photos/DisneyLand RiverBoat.jpg
2001.12.19 15:43 B C:\My Documents\WebSite\Photos\DisneyLand\Robot.jpg --> home.tampabay.rr.com /Photos/DisneyLand Robot.jpg
2001.12.19 15:43 B C:\My Documents\WebSite\Photos\DisneyLand\Tigger.jpg --> home.tampabay.rr.com /Photos/DisneyLand Tigger.jpg
2001.12.19 15:43 B C:\My Documents\WebSite\Photos\DisneyLand\Whale.jpg --> home.tampabay.rr.com /Photos/DisneyLand Whale.jpg
2001.12.19 15:43 B C:\My Documents\WebSite\Photos\DisneyLand\Winnie.jpg --> home.tampabay.rr.com /Photos/DisneyLand Winnie.jpg
2001.12.19 15:43 B C:\My Documents\WebSite\Photos\DisneyLand\WS_FTP.LOG --> home.tampabay.rr.com /Photos/DisneyLand WS_FTP.LOG
