2000.11.25 12:27 B C:\My Documents\WebSite\Photos\Washington\MountRainier_Intro.jpg --> upload.att.net /joesolano/Photos/Washington MountRainier_Intro.jpg
2000.11.25 12:27 B C:\My Documents\WebSite\Photos\Washington\Golf_intro.jpg --> upload.att.net /joesolano/Photos/Washington Golf_intro.jpg
2000.11.25 12:27 B C:\My Documents\WebSite\Photos\Washington\Spokane_ClockTower.jpg --> upload.att.net /joesolano/Photos/Washington Spokane_ClockTower.jpg
2000.11.25 12:27 B C:\My Documents\WebSite\Photos\Washington\Spokane_CaroselIntro.jpg --> upload.att.net /joesolano/Photos/Washington Spokane_CaroselIntro.jpg
2000.11.25 12:27 B C:\My Documents\WebSite\Photos\Washington\Spokane_Carosel.jpg --> upload.att.net /joesolano/Photos/Washington Spokane_Carosel.jpg
2000.11.25 12:27 B C:\My Documents\WebSite\Photos\Washington\Seattle_UndergroundTour2.jpg --> upload.att.net /joesolano/Photos/Washington Seattle_UndergroundTour2.jpg
2000.11.25 12:28 B C:\My Documents\WebSite\Photos\Washington\Seattle_UndergroundTour1.jpg --> upload.att.net /joesolano/Photos/Washington Seattle_UndergroundTour1.jpg
2000.11.25 12:28 B C:\My Documents\WebSite\Photos\Washington\Seattle_Sunset.jpg --> upload.att.net /joesolano/Photos/Washington Seattle_Sunset.jpg
2000.11.25 12:28 B C:\My Documents\WebSite\Photos\Washington\Seattle_SpaceNeedleTop2.jpg --> upload.att.net /joesolano/Photos/Washington Seattle_SpaceNeedleTop2.jpg
2000.11.25 12:28 B C:\My Documents\WebSite\Photos\Washington\Seattle_SpaceNeedleTop1.jpg --> upload.att.net /joesolano/Photos/Washington Seattle_SpaceNeedleTop1.jpg
2000.11.25 12:28 B C:\My Documents\WebSite\Photos\Washington\Seattle_SpaceNeedleSkyline.jpg --> upload.att.net /joesolano/Photos/Washington Seattle_SpaceNeedleSkyline.jpg
2000.11.25 12:28 B C:\My Documents\WebSite\Photos\Washington\Seattle_SpaceNeedleNight.jpg --> upload.att.net /joesolano/Photos/Washington Seattle_SpaceNeedleNight.jpg
2000.11.25 12:28 B C:\My Documents\WebSite\Photos\Washington\Seattle_SpaceNeedle.jpg --> upload.att.net /joesolano/Photos/Washington Seattle_SpaceNeedle.jpg
2000.11.25 12:28 B C:\My Documents\WebSite\Photos\Washington\Seattle_PublicMarket.jpg --> upload.att.net /joesolano/Photos/Washington Seattle_PublicMarket.jpg
2000.11.25 12:28 B C:\My Documents\WebSite\Photos\Washington\Seattle_OneLeggedPigon.jpg --> upload.att.net /joesolano/Photos/Washington Seattle_OneLeggedPigon.jpg
2000.11.25 12:28 B C:\My Documents\WebSite\Photos\Washington\Seattle_Campground2.jpg --> upload.att.net /joesolano/Photos/Washington Seattle_Campground2.jpg
2000.11.25 12:29 B C:\My Documents\WebSite\Photos\Washington\Seattle_Campground.jpg --> upload.att.net /joesolano/Photos/Washington Seattle_Campground.jpg
2000.11.25 12:29 B C:\My Documents\WebSite\Photos\Washington\Rainbow.jpg --> upload.att.net /joesolano/Photos/Washington Rainbow.jpg
2000.11.25 12:29 B C:\My Documents\WebSite\Photos\Washington\MountSaintHellensCampground.jpg --> upload.att.net /joesolano/Photos/Washington MountSaintHellensCampground.jpg
2000.11.25 12:29 B C:\My Documents\WebSite\Photos\Washington\MountSaintHellens.jpg --> upload.att.net /joesolano/Photos/Washington MountSaintHellens.jpg
2000.11.25 12:29 B C:\My Documents\WebSite\Photos\Washington\MountRainier_Tree.jpg --> upload.att.net /joesolano/Photos/Washington MountRainier_Tree.jpg
2000.11.25 12:29 B C:\My Documents\WebSite\Photos\Washington\MountRainier.jpg --> upload.att.net /joesolano/Photos/Washington MountRainier.jpg
2000.11.25 12:29 B C:\My Documents\WebSite\Photos\Washington\Golf_HoleZ.jpg --> upload.att.net /joesolano/Photos/Washington Golf_HoleZ.jpg
2000.11.25 12:29 B C:\My Documents\WebSite\Photos\Washington\Golf_HoleY.jpg --> upload.att.net /joesolano/Photos/Washington Golf_HoleY.jpg
2000.11.25 12:30 B C:\My Documents\WebSite\Photos\Washington\Golf_HoleX.jpg --> upload.att.net /joesolano/Photos/Washington Golf_HoleX.jpg
