2000.11.25 12:33 B C:\My Documents\WebSite\Photos\California\RedwoodNationalForrest_Intro.jpg --> upload.att.net /joesolano/Photos/California RedwoodNationalForrest_Intro.jpg
2000.11.25 12:33 B C:\My Documents\WebSite\Photos\California\Yosemite_ValleyJoeGiustina.jpg --> upload.att.net /joesolano/Photos/California Yosemite_ValleyJoeGiustina.jpg
2000.11.25 12:33 B C:\My Documents\WebSite\Photos\California\Yosemite_Valley.jpg --> upload.att.net /joesolano/Photos/California Yosemite_Valley.jpg
2000.11.25 12:33 B C:\My Documents\WebSite\Photos\California\Yosemite_Stream.jpg --> upload.att.net /joesolano/Photos/California Yosemite_Stream.jpg
2000.11.25 12:34 B C:\My Documents\WebSite\Photos\California\Yosemite_SnowGiustina.jpg --> upload.att.net /joesolano/Photos/California Yosemite_SnowGiustina.jpg
2000.11.25 12:34 B C:\My Documents\WebSite\Photos\California\Yosemite_Rock.jpg --> upload.att.net /joesolano/Photos/California Yosemite_Rock.jpg
2000.11.25 12:34 B C:\My Documents\WebSite\Photos\California\Yosemite_ElCapitan.jpg --> upload.att.net /joesolano/Photos/California Yosemite_ElCapitan.jpg
2000.11.25 12:34 B C:\My Documents\WebSite\Photos\California\Yosemite_BridalVielWaterfall.jpg --> upload.att.net /joesolano/Photos/California Yosemite_BridalVielWaterfall.jpg
2000.11.25 12:34 B C:\My Documents\WebSite\Photos\California\Yesomite_Intro.jpg --> upload.att.net /joesolano/Photos/California Yesomite_Intro.jpg
2000.11.25 12:34 B C:\My Documents\WebSite\Photos\California\WildHawk_Intro.jpg --> upload.att.net /joesolano/Photos/California WildHawk_Intro.jpg
2000.11.25 12:34 B C:\My Documents\WebSite\Photos\California\WHawk_HoleY.jpg --> upload.att.net /joesolano/Photos/California WHawk_HoleY.jpg
2000.11.25 12:34 B C:\My Documents\WebSite\Photos\California\WHawk_HoleX.jpg --> upload.att.net /joesolano/Photos/California WHawk_HoleX.jpg
2000.11.25 12:35 B C:\My Documents\WebSite\Photos\California\RNF_BigTreeJoe.jpg --> upload.att.net /joesolano/Photos/California RNF_BigTreeJoe.jpg
2001.12.19 15:42 B C:\My Documents\WebSite\Photos\California\RedwoodNationalForrest_Intro.jpg --> home.tampabay.rr.com /Photos/California RedwoodNationalForrest_Intro.jpg
2001.12.19 15:42 B C:\My Documents\WebSite\Photos\California\RNF_BigTreeJoe.jpg --> home.tampabay.rr.com /Photos/California RNF_BigTreeJoe.jpg
2001.12.19 15:42 B C:\My Documents\WebSite\Photos\California\WHawk_HoleX.jpg --> home.tampabay.rr.com /Photos/California WHawk_HoleX.jpg
2001.12.19 15:42 B C:\My Documents\WebSite\Photos\California\WHawk_HoleY.jpg --> home.tampabay.rr.com /Photos/California WHawk_HoleY.jpg
2001.12.19 15:42 B C:\My Documents\WebSite\Photos\California\WildHawk_Intro.jpg --> home.tampabay.rr.com /Photos/California WildHawk_Intro.jpg
2001.12.19 15:42 B C:\My Documents\WebSite\Photos\California\WS_FTP.LOG --> home.tampabay.rr.com /Photos/California WS_FTP.LOG
2001.12.19 15:42 B C:\My Documents\WebSite\Photos\California\Yesomite_Intro.jpg --> home.tampabay.rr.com /Photos/California Yesomite_Intro.jpg
2001.12.19 15:42 B C:\My Documents\WebSite\Photos\California\Yosemite_BridalVielWaterfall.jpg --> home.tampabay.rr.com /Photos/California Yosemite_BridalVielWaterfall.jpg
2001.12.19 15:42 B C:\My Documents\WebSite\Photos\California\Yosemite_ElCapitan.jpg --> home.tampabay.rr.com /Photos/California Yosemite_ElCapitan.jpg
2001.12.19 15:42 B C:\My Documents\WebSite\Photos\California\Yosemite_Rock.jpg --> home.tampabay.rr.com /Photos/California Yosemite_Rock.jpg
2001.12.19 15:42 B C:\My Documents\WebSite\Photos\California\Yosemite_SnowGiustina.jpg --> home.tampabay.rr.com /Photos/California Yosemite_SnowGiustina.jpg
2001.12.19 15:42 B C:\My Documents\WebSite\Photos\California\Yosemite_Stream.jpg --> home.tampabay.rr.com /Photos/California Yosemite_Stream.jpg
2001.12.19 15:42 B C:\My Documents\WebSite\Photos\California\Yosemite_Valley.jpg --> home.tampabay.rr.com /Photos/California Yosemite_Valley.jpg
2001.12.19 15:42 B C:\My Documents\WebSite\Photos\California\Yosemite_ValleyJoeGiustina.jpg --> home.tampabay.rr.com /Photos/California Yosemite_ValleyJoeGiustina.jpg
