2000.11.25 12:35 B C:\My Documents\WebSite\Photos\Monterey\SquirlOnRocks.jpg --> upload.att.net /joesolano/Photos/Monterey SquirlOnRocks.jpg
2000.11.25 12:35 B C:\My Documents\WebSite\Photos\Monterey\SpyGlass_Par3.jpg --> upload.att.net /joesolano/Photos/Monterey SpyGlass_Par3.jpg
2000.11.25 12:35 B C:\My Documents\WebSite\Photos\Monterey\SpanishBay_Resort.jpg --> upload.att.net /joesolano/Photos/Monterey SpanishBay_Resort.jpg
2000.11.25 12:36 B C:\My Documents\WebSite\Photos\Monterey\SpanishBay_Intro.jpg --> upload.att.net /joesolano/Photos/Monterey SpanishBay_Intro.jpg
2000.11.25 12:36 B C:\My Documents\WebSite\Photos\Monterey\SpanishBay_HoleOcean.jpg --> upload.att.net /joesolano/Photos/Monterey SpanishBay_HoleOcean.jpg
2000.11.25 12:36 B C:\My Documents\WebSite\Photos\Monterey\SpanishBay_Hole.jpg --> upload.att.net /joesolano/Photos/Monterey SpanishBay_Hole.jpg
2000.11.25 12:36 B C:\My Documents\WebSite\Photos\Monterey\SpanishBay_Giustina.jpg --> upload.att.net /joesolano/Photos/Monterey SpanishBay_Giustina.jpg
2000.11.25 12:36 B C:\My Documents\WebSite\Photos\Monterey\PointJoe.jpg --> upload.att.net /joesolano/Photos/Monterey PointJoe.jpg
2000.11.25 12:36 B C:\My Documents\WebSite\Photos\Monterey\PebbleBeach_Lodge.jpg --> upload.att.net /joesolano/Photos/Monterey PebbleBeach_Lodge.jpg
2000.11.25 12:36 B C:\My Documents\WebSite\Photos\Monterey\PebbleBeach_Intro.jpg --> upload.att.net /joesolano/Photos/Monterey PebbleBeach_Intro.jpg
2000.11.25 12:36 B C:\My Documents\WebSite\Photos\Monterey\PebbleBeach_House2.jpg --> upload.att.net /joesolano/Photos/Monterey PebbleBeach_House2.jpg
2000.11.25 12:37 B C:\My Documents\WebSite\Photos\Monterey\PebbleBeach_House.jpg --> upload.att.net /joesolano/Photos/Monterey PebbleBeach_House.jpg
2000.11.25 12:37 B C:\My Documents\WebSite\Photos\Monterey\PebbleBeach_Hole1Tee.jpg --> upload.att.net /joesolano/Photos/Monterey PebbleBeach_Hole1Tee.jpg
2000.11.25 12:37 B C:\My Documents\WebSite\Photos\Monterey\PebbleBeach_GreenOcean.jpg --> upload.att.net /joesolano/Photos/Monterey PebbleBeach_GreenOcean.jpg
2000.11.25 12:37 B C:\My Documents\WebSite\Photos\Monterey\PebbleBeach_Green.jpg --> upload.att.net /joesolano/Photos/Monterey PebbleBeach_Green.jpg
2000.11.25 12:37 B C:\My Documents\WebSite\Photos\Monterey\PebbleBeach_18thGreen.jpg --> upload.att.net /joesolano/Photos/Monterey PebbleBeach_18thGreen.jpg
2000.11.25 12:37 B C:\My Documents\WebSite\Photos\Monterey\PebbleBeach.jpg --> upload.att.net /joesolano/Photos/Monterey PebbleBeach.jpg
2000.11.25 12:37 B C:\My Documents\WebSite\Photos\Monterey\PacificGrove_Ocean.jpg --> upload.att.net /joesolano/Photos/Monterey PacificGrove_Ocean.jpg
2000.11.25 12:37 B C:\My Documents\WebSite\Photos\Monterey\PacificGrove_Intro.jpg --> upload.att.net /joesolano/Photos/Monterey PacificGrove_Intro.jpg
2000.11.25 12:38 B C:\My Documents\WebSite\Photos\Monterey\PacificGrove_HoleY.jpg --> upload.att.net /joesolano/Photos/Monterey PacificGrove_HoleY.jpg
2000.11.25 12:38 B C:\My Documents\WebSite\Photos\Monterey\PacificGrove_HoleX.jpg --> upload.att.net /joesolano/Photos/Monterey PacificGrove_HoleX.jpg
2000.11.25 12:38 B C:\My Documents\WebSite\Photos\Monterey\PacificGrove_DeerJoe.jpg --> upload.att.net /joesolano/Photos/Monterey PacificGrove_DeerJoe.jpg
2000.11.25 12:38 B C:\My Documents\WebSite\Photos\Monterey\PacificGrove_Deer.jpg --> upload.att.net /joesolano/Photos/Monterey PacificGrove_Deer.jpg
2000.11.25 12:38 B C:\My Documents\WebSite\Photos\Monterey\MontereyAquarium_JellyFish.jpg --> upload.att.net /joesolano/Photos/Monterey MontereyAquarium_JellyFish.jpg
2000.11.25 12:38 B C:\My Documents\WebSite\Photos\Monterey\MontereyAquarium_Intro.jpg --> upload.att.net /joesolano/Photos/Monterey MontereyAquarium_Intro.jpg
2000.11.25 12:38 B C:\My Documents\WebSite\Photos\Monterey\MontereyAquarium_Fish3.jpg --> upload.att.net /joesolano/Photos/Monterey MontereyAquarium_Fish3.jpg
2000.11.25 12:38 B C:\My Documents\WebSite\Photos\Monterey\MontereyAquarium_Fish2.jpg --> upload.att.net /joesolano/Photos/Monterey MontereyAquarium_Fish2.jpg
2000.11.25 12:38 B C:\My Documents\WebSite\Photos\Monterey\MontereyAquarium_Fish.jpg --> upload.att.net /joesolano/Photos/Monterey MontereyAquarium_Fish.jpg
2000.11.25 12:39 B C:\My Documents\WebSite\Photos\Monterey\MontereyAquarium_Birds.jpg --> upload.att.net /joesolano/Photos/Monterey MontereyAquarium_Birds.jpg
2000.11.25 12:39 B C:\My Documents\WebSite\Photos\Monterey\MontereyAquarium_Bird.jpg --> upload.att.net /joesolano/Photos/Monterey MontereyAquarium_Bird.jpg
2000.11.25 12:39 B C:\My Documents\WebSite\Photos\Monterey\MontereyAquarium_Anemone2.jpg --> upload.att.net /joesolano/Photos/Monterey MontereyAquarium_Anemone2.jpg
2000.11.25 12:39 B C:\My Documents\WebSite\Photos\Monterey\MontereyAquarium_Anemone.jpg --> upload.att.net /joesolano/Photos/Monterey MontereyAquarium_Anemone.jpg
2000.11.25 12:39 B C:\My Documents\WebSite\Photos\Monterey\GiustinaTree.jpg --> upload.att.net /joesolano/Photos/Monterey GiustinaTree.jpg
2000.11.25 12:39 B C:\My Documents\WebSite\Photos\Monterey\CarmelByTheRiverCampground.jpg --> upload.att.net /joesolano/Photos/Monterey CarmelByTheRiverCampground.jpg
2001.12.19 15:45 B C:\My Documents\WebSite\Photos\Monterey\CarmelByTheRiverCampground.jpg --> home.tampabay.rr.com /Photos/Monterey CarmelByTheRiverCampground.jpg
2001.12.19 15:45 B C:\My Documents\WebSite\Photos\Monterey\GiustinaTree.jpg --> home.tampabay.rr.com /Photos/Monterey GiustinaTree.jpg
2001.12.19 15:45 B C:\My Documents\WebSite\Photos\Monterey\MontereyAquarium_Anemone.jpg --> home.tampabay.rr.com /Photos/Monterey MontereyAquarium_Anemone.jpg
2001.12.19 15:45 B C:\My Documents\WebSite\Photos\Monterey\MontereyAquarium_Anemone2.jpg --> home.tampabay.rr.com /Photos/Monterey MontereyAquarium_Anemone2.jpg
2001.12.19 15:45 B C:\My Documents\WebSite\Photos\Monterey\MontereyAquarium_Bird.jpg --> home.tampabay.rr.com /Photos/Monterey MontereyAquarium_Bird.jpg
2001.12.19 15:45 B C:\My Documents\WebSite\Photos\Monterey\MontereyAquarium_Birds.jpg --> home.tampabay.rr.com /Photos/Monterey MontereyAquarium_Birds.jpg
2001.12.19 15:45 B C:\My Documents\WebSite\Photos\Monterey\MontereyAquarium_Fish.jpg --> home.tampabay.rr.com /Photos/Monterey MontereyAquarium_Fish.jpg
2001.12.19 15:45 B C:\My Documents\WebSite\Photos\Monterey\MontereyAquarium_Fish2.jpg --> home.tampabay.rr.com /Photos/Monterey MontereyAquarium_Fish2.jpg
2001.12.19 15:45 B C:\My Documents\WebSite\Photos\Monterey\MontereyAquarium_Fish3.jpg --> home.tampabay.rr.com /Photos/Monterey MontereyAquarium_Fish3.jpg
2001.12.19 15:45 B C:\My Documents\WebSite\Photos\Monterey\MontereyAquarium_Intro.jpg --> home.tampabay.rr.com /Photos/Monterey MontereyAquarium_Intro.jpg
2001.12.19 15:45 B C:\My Documents\WebSite\Photos\Monterey\MontereyAquarium_JellyFish.jpg --> home.tampabay.rr.com /Photos/Monterey MontereyAquarium_JellyFish.jpg
2001.12.19 15:45 B C:\My Documents\WebSite\Photos\Monterey\PacificGrove_Deer.jpg --> home.tampabay.rr.com /Photos/Monterey PacificGrove_Deer.jpg
2001.12.19 15:45 B C:\My Documents\WebSite\Photos\Monterey\PacificGrove_DeerJoe.jpg --> home.tampabay.rr.com /Photos/Monterey PacificGrove_DeerJoe.jpg
2001.12.19 15:45 B C:\My Documents\WebSite\Photos\Monterey\PacificGrove_HoleX.jpg --> home.tampabay.rr.com /Photos/Monterey PacificGrove_HoleX.jpg
2001.12.19 15:45 B C:\My Documents\WebSite\Photos\Monterey\PacificGrove_HoleY.jpg --> home.tampabay.rr.com /Photos/Monterey PacificGrove_HoleY.jpg
2001.12.19 15:45 B C:\My Documents\WebSite\Photos\Monterey\PacificGrove_Intro.jpg --> home.tampabay.rr.com /Photos/Monterey PacificGrove_Intro.jpg
2001.12.19 15:45 B C:\My Documents\WebSite\Photos\Monterey\PacificGrove_Ocean.jpg --> home.tampabay.rr.com /Photos/Monterey PacificGrove_Ocean.jpg
2001.12.19 15:45 B C:\My Documents\WebSite\Photos\Monterey\PebbleBeach.jpg --> home.tampabay.rr.com /Photos/Monterey PebbleBeach.jpg
2001.12.19 15:45 B C:\My Documents\WebSite\Photos\Monterey\PebbleBeach_18thGreen.jpg --> home.tampabay.rr.com /Photos/Monterey PebbleBeach_18thGreen.jpg
2001.12.19 15:45 B C:\My Documents\WebSite\Photos\Monterey\PebbleBeach_Green.jpg --> home.tampabay.rr.com /Photos/Monterey PebbleBeach_Green.jpg
2001.12.19 15:45 B C:\My Documents\WebSite\Photos\Monterey\PebbleBeach_GreenOcean.jpg --> home.tampabay.rr.com /Photos/Monterey PebbleBeach_GreenOcean.jpg
2001.12.19 15:45 B C:\My Documents\WebSite\Photos\Monterey\PebbleBeach_Hole1Tee.jpg --> home.tampabay.rr.com /Photos/Monterey PebbleBeach_Hole1Tee.jpg
2001.12.19 15:45 B C:\My Documents\WebSite\Photos\Monterey\PebbleBeach_House.jpg --> home.tampabay.rr.com /Photos/Monterey PebbleBeach_House.jpg
2001.12.19 15:45 B C:\My Documents\WebSite\Photos\Monterey\PebbleBeach_House2.jpg --> home.tampabay.rr.com /Photos/Monterey PebbleBeach_House2.jpg
2001.12.19 15:45 B C:\My Documents\WebSite\Photos\Monterey\PebbleBeach_Intro.jpg --> home.tampabay.rr.com /Photos/Monterey PebbleBeach_Intro.jpg
2001.12.19 15:45 B C:\My Documents\WebSite\Photos\Monterey\PebbleBeach_Lodge.jpg --> home.tampabay.rr.com /Photos/Monterey PebbleBeach_Lodge.jpg
2001.12.19 15:45 B C:\My Documents\WebSite\Photos\Monterey\PointJoe.jpg --> home.tampabay.rr.com /Photos/Monterey PointJoe.jpg
2001.12.19 15:45 B C:\My Documents\WebSite\Photos\Monterey\SpanishBay_Giustina.jpg --> home.tampabay.rr.com /Photos/Monterey SpanishBay_Giustina.jpg
2001.12.19 15:45 B C:\My Documents\WebSite\Photos\Monterey\SpanishBay_Hole.jpg --> home.tampabay.rr.com /Photos/Monterey SpanishBay_Hole.jpg
2001.12.19 15:45 B C:\My Documents\WebSite\Photos\Monterey\SpanishBay_HoleOcean.jpg --> home.tampabay.rr.com /Photos/Monterey SpanishBay_HoleOcean.jpg
2001.12.19 15:45 B C:\My Documents\WebSite\Photos\Monterey\SpanishBay_Intro.jpg --> home.tampabay.rr.com /Photos/Monterey SpanishBay_Intro.jpg
2001.12.19 15:45 B C:\My Documents\WebSite\Photos\Monterey\SpanishBay_Resort.jpg --> home.tampabay.rr.com /Photos/Monterey SpanishBay_Resort.jpg
2001.12.19 15:45 B C:\My Documents\WebSite\Photos\Monterey\SpyGlass_Par3.jpg --> home.tampabay.rr.com /Photos/Monterey SpyGlass_Par3.jpg
2001.12.19 15:45 B C:\My Documents\WebSite\Photos\Monterey\SquirlOnRocks.jpg --> home.tampabay.rr.com /Photos/Monterey SquirlOnRocks.jpg
2001.12.19 15:45 B C:\My Documents\WebSite\Photos\Monterey\WS_FTP.LOG --> home.tampabay.rr.com /Photos/Monterey WS_FTP.LOG
