2000.10.26 20:50 B C:\My Documents\WebSite\Photos\WisconsinDells\Aquarium.jpg --> upload.att.net /joesolano/Photos/WisconsinDells Aquarium.jpg
2000.10.26 20:50 B C:\My Documents\WebSite\Photos\WisconsinDells\Cheese_Intro.jpg --> upload.att.net /joesolano/Photos/WisconsinDells Cheese_Intro.jpg
2000.10.26 20:50 B C:\My Documents\WebSite\Photos\WisconsinDells\Cheese_Step1.jpg --> upload.att.net /joesolano/Photos/WisconsinDells Cheese_Step1.jpg
2000.10.26 20:51 B C:\My Documents\WebSite\Photos\WisconsinDells\Cheese_Step2.jpg --> upload.att.net /joesolano/Photos/WisconsinDells Cheese_Step2.jpg
2000.10.26 20:51 B C:\My Documents\WebSite\Photos\WisconsinDells\Cheese_Step3.jpg --> upload.att.net /joesolano/Photos/WisconsinDells Cheese_Step3.jpg
2000.10.26 20:51 B C:\My Documents\WebSite\Photos\WisconsinDells\Cheese_Step4.jpg --> upload.att.net /joesolano/Photos/WisconsinDells Cheese_Step4.jpg
2000.10.26 20:51 B C:\My Documents\WebSite\Photos\WisconsinDells\MainStreet.jpg --> upload.att.net /joesolano/Photos/WisconsinDells MainStreet.jpg
2000.10.26 20:52 B C:\My Documents\WebSite\Photos\WisconsinDells\Ripley_Joe.jpg --> upload.att.net /joesolano/Photos/WisconsinDells Ripley_Joe.jpg
2000.10.26 20:52 B C:\My Documents\WebSite\Photos\WisconsinDells\Ripley_SkullBowl.jpg --> upload.att.net /joesolano/Photos/WisconsinDells Ripley_SkullBowl.jpg
2000.10.26 20:52 B C:\My Documents\WebSite\Photos\WisconsinDells\Ripley_WoodenCar.jpg --> upload.att.net /joesolano/Photos/WisconsinDells Ripley_WoodenCar.jpg
2000.10.26 20:52 B C:\My Documents\WebSite\Photos\WisconsinDells\Robot_1.jpg --> upload.att.net /joesolano/Photos/WisconsinDells Robot_1.jpg
2000.10.26 20:52 B C:\My Documents\WebSite\Photos\WisconsinDells\Robot_Intro.jpg --> upload.att.net /joesolano/Photos/WisconsinDells Robot_Intro.jpg
2000.10.26 20:53 B C:\My Documents\WebSite\Photos\WisconsinDells\Robot_Joe.jpg --> upload.att.net /joesolano/Photos/WisconsinDells Robot_Joe.jpg
2000.10.26 20:53 B C:\My Documents\WebSite\Photos\WisconsinDells\Robot_SpaceSuit.jpg --> upload.att.net /joesolano/Photos/WisconsinDells Robot_SpaceSuit.jpg
2000.10.26 20:54 B C:\My Documents\WebSite\Photos\WisconsinDells\RV.jpg --> upload.att.net /joesolano/Photos/WisconsinDells RV.jpg
2000.10.26 20:54 B C:\My Documents\WebSite\Photos\WisconsinDells\Wax_ClintJohn.jpg --> upload.att.net /joesolano/Photos/WisconsinDells Wax_ClintJohn.jpg
2000.10.26 20:54 B C:\My Documents\WebSite\Photos\WisconsinDells\Wax_Elvis.jpg --> upload.att.net /joesolano/Photos/WisconsinDells Wax_Elvis.jpg
2000.10.26 20:54 B C:\My Documents\WebSite\Photos\WisconsinDells\Wax_Kramer.jpg --> upload.att.net /joesolano/Photos/WisconsinDells Wax_Kramer.jpg
2000.10.26 20:54 B C:\My Documents\WebSite\Photos\WisconsinDells\Wax_Picard.jpg --> upload.att.net /joesolano/Photos/WisconsinDells Wax_Picard.jpg
2000.10.26 20:54 B C:\My Documents\WebSite\Photos\WisconsinDells\Wax_StarWars.jpg --> upload.att.net /joesolano/Photos/WisconsinDells Wax_StarWars.jpg
2000.10.26 20:54 B C:\My Documents\WebSite\Photos\WisconsinDells\Wax_Superman.jpg --> upload.att.net /joesolano/Photos/WisconsinDells Wax_Superman.jpg
2000.10.26 20:55 B C:\My Documents\WebSite\Photos\WisconsinDells\Wax_Trek.jpg --> upload.att.net /joesolano/Photos/WisconsinDells Wax_Trek.jpg
2000.10.26 20:55 B C:\My Documents\WebSite\Photos\WisconsinDells\Wax_WizardOfOz.jpg --> upload.att.net /joesolano/Photos/WisconsinDells Wax_WizardOfOz.jpg
