2000.12.22 00:39 B C:\My Documents\WebSite\Photos\NewOrleans\SwampTour_Turtle.jpg --> upload.att.net /joesolano/Photos/NewOrleans SwampTour_Turtle.jpg
2000.12.22 00:40 B C:\My Documents\WebSite\Photos\NewOrleans\SwampTour_Tree.jpg --> upload.att.net /joesolano/Photos/NewOrleans SwampTour_Tree.jpg
2000.12.22 00:40 B C:\My Documents\WebSite\Photos\NewOrleans\SwampTour_SouthernCabin.jpg --> upload.att.net /joesolano/Photos/NewOrleans SwampTour_SouthernCabin.jpg
2000.12.22 00:40 B C:\My Documents\WebSite\Photos\NewOrleans\SwampTour_Owl.jpg --> upload.att.net /joesolano/Photos/NewOrleans SwampTour_Owl.jpg
2000.12.22 00:40 B C:\My Documents\WebSite\Photos\NewOrleans\SwampTour_Intro.jpg --> upload.att.net /joesolano/Photos/NewOrleans SwampTour_Intro.jpg
2000.12.22 00:40 B C:\My Documents\WebSite\Photos\NewOrleans\SwampTour_Grass.jpg --> upload.att.net /joesolano/Photos/NewOrleans SwampTour_Grass.jpg
2000.12.22 00:41 B C:\My Documents\WebSite\Photos\NewOrleans\SwampTour_Gator2.jpg --> upload.att.net /joesolano/Photos/NewOrleans SwampTour_Gator2.jpg
2000.12.22 00:41 B C:\My Documents\WebSite\Photos\NewOrleans\SwampTour_Gator.jpg --> upload.att.net /joesolano/Photos/NewOrleans SwampTour_Gator.jpg
2000.12.22 00:41 B C:\My Documents\WebSite\Photos\NewOrleans\SwampTour_FishingCabin.jpg --> upload.att.net /joesolano/Photos/NewOrleans SwampTour_FishingCabin.jpg
2000.12.22 00:41 B C:\My Documents\WebSite\Photos\NewOrleans\SwampTour_dock.jpg --> upload.att.net /joesolano/Photos/NewOrleans SwampTour_dock.jpg
2000.12.22 00:42 B C:\My Documents\WebSite\Photos\NewOrleans\SwampTour_Cabins.jpg --> upload.att.net /joesolano/Photos/NewOrleans SwampTour_Cabins.jpg
2000.12.22 00:42 B C:\My Documents\WebSite\Photos\NewOrleans\SwampTour_3.jpg --> upload.att.net /joesolano/Photos/NewOrleans SwampTour_3.jpg
2000.12.22 00:42 B C:\My Documents\WebSite\Photos\NewOrleans\SwampTour_2.jpg --> upload.att.net /joesolano/Photos/NewOrleans SwampTour_2.jpg
2000.12.22 00:42 B C:\My Documents\WebSite\Photos\NewOrleans\SwampTour_1.jpg --> upload.att.net /joesolano/Photos/NewOrleans SwampTour_1.jpg
2000.12.22 00:42 B C:\My Documents\WebSite\Photos\NewOrleans\SteamboatNatchez_skyline.jpg --> upload.att.net /joesolano/Photos/NewOrleans SteamboatNatchez_skyline.jpg
2000.12.22 00:42 B C:\My Documents\WebSite\Photos\NewOrleans\SteamboatNatchez_Paddlewheeler.jpg --> upload.att.net /joesolano/Photos/NewOrleans SteamboatNatchez_Paddlewheeler.jpg
2000.12.22 01:13 B C:\My Documents\WebSite\Photos\NewOrleans\Cemetary1.jpg --> upload.att.net /joesolano2/Photos/NewOrleans Cemetary1.jpg
2000.12.22 01:13 B C:\My Documents\WebSite\Photos\NewOrleans\Cemetary2.jpg --> upload.att.net /joesolano2/Photos/NewOrleans Cemetary2.jpg
2000.12.22 01:13 B C:\My Documents\WebSite\Photos\NewOrleans\Cemetary3.jpg --> upload.att.net /joesolano2/Photos/NewOrleans Cemetary3.jpg
2000.12.22 01:13 B C:\My Documents\WebSite\Photos\NewOrleans\ChristmasInTheOaks_Angel.jpg --> upload.att.net /joesolano2/Photos/NewOrleans ChristmasInTheOaks_Angel.jpg
2000.12.22 01:13 B C:\My Documents\WebSite\Photos\NewOrleans\ChristmasInTheOaks_House.jpg --> upload.att.net /joesolano2/Photos/NewOrleans ChristmasInTheOaks_House.jpg
2000.12.22 01:13 B C:\My Documents\WebSite\Photos\NewOrleans\ChristmasInTheOaks_Intro.jpg --> upload.att.net /joesolano2/Photos/NewOrleans ChristmasInTheOaks_Intro.jpg
2000.12.22 01:14 B C:\My Documents\WebSite\Photos\NewOrleans\ChristmasInTheOaks_Santa.jpg --> upload.att.net /joesolano2/Photos/NewOrleans ChristmasInTheOaks_Santa.jpg
2000.12.22 01:14 B C:\My Documents\WebSite\Photos\NewOrleans\ChristmasInTheOaks_Sled.jpg --> upload.att.net /joesolano2/Photos/NewOrleans ChristmasInTheOaks_Sled.jpg
2000.12.22 01:14 B C:\My Documents\WebSite\Photos\NewOrleans\ChristmasInTheOaks_Snowman.jpg --> upload.att.net /joesolano2/Photos/NewOrleans ChristmasInTheOaks_Snowman.jpg
2000.12.22 01:14 B C:\My Documents\WebSite\Photos\NewOrleans\ChristmasInTheOaks_Walkway.jpg --> upload.att.net /joesolano2/Photos/NewOrleans ChristmasInTheOaks_Walkway.jpg
2000.12.22 01:14 B C:\My Documents\WebSite\Photos\NewOrleans\Church.jpg --> upload.att.net /joesolano2/Photos/NewOrleans Church.jpg
2000.12.22 01:14 B C:\My Documents\WebSite\Photos\NewOrleans\PharmacyMuseum_AbbottCase.jpg --> upload.att.net /joesolano2/Photos/NewOrleans PharmacyMuseum_AbbottCase.jpg
2000.12.22 01:15 B C:\My Documents\WebSite\Photos\NewOrleans\PharmacyMuseum_Giustina.jpg --> upload.att.net /joesolano2/Photos/NewOrleans PharmacyMuseum_Giustina.jpg
2000.12.22 01:15 B C:\My Documents\WebSite\Photos\NewOrleans\PharmacyMuseum_OutsideGiustina.jpg --> upload.att.net /joesolano2/Photos/NewOrleans PharmacyMuseum_OutsideGiustina.jpg
2000.12.22 01:15 B C:\My Documents\WebSite\Photos\NewOrleans\SteamboatNatchez_Boat1.jpg --> upload.att.net /joesolano2/Photos/NewOrleans SteamboatNatchez_Boat1.jpg
2000.12.22 01:15 B C:\My Documents\WebSite\Photos\NewOrleans\SteamboatNatchez_Boat2.jpg --> upload.att.net /joesolano2/Photos/NewOrleans SteamboatNatchez_Boat2.jpg
2000.12.22 01:15 B C:\My Documents\WebSite\Photos\NewOrleans\SteamboatNatchez_Boats.jpg --> upload.att.net /joesolano2/Photos/NewOrleans SteamboatNatchez_Boats.jpg
2000.12.22 01:15 B C:\My Documents\WebSite\Photos\NewOrleans\SteamboatNatchez_Joe.jpg --> upload.att.net /joesolano2/Photos/NewOrleans SteamboatNatchez_Joe.jpg
2000.12.22 01:16 B C:\My Documents\WebSite\Photos\NewOrleans\SteamboatNatchez_Mississippi.jpg --> upload.att.net /joesolano2/Photos/NewOrleans SteamboatNatchez_Mississippi.jpg
2000.12.22 01:16 B C:\My Documents\WebSite\Photos\NewOrleans\SteamboatNatchez_Paddlewheeler.jpg --> upload.att.net /joesolano2/Photos/NewOrleans SteamboatNatchez_Paddlewheeler.jpg
2000.12.22 01:16 B C:\My Documents\WebSite\Photos\NewOrleans\SteamboatNatchez_skyline.jpg --> upload.att.net /joesolano2/Photos/NewOrleans SteamboatNatchez_skyline.jpg
2000.12.22 01:16 B C:\My Documents\WebSite\Photos\NewOrleans\SwampTour_1.jpg --> upload.att.net /joesolano2/Photos/NewOrleans SwampTour_1.jpg
2000.12.22 01:16 B C:\My Documents\WebSite\Photos\NewOrleans\SwampTour_2.jpg --> upload.att.net /joesolano2/Photos/NewOrleans SwampTour_2.jpg
2000.12.22 01:16 B C:\My Documents\WebSite\Photos\NewOrleans\SwampTour_3.jpg --> upload.att.net /joesolano2/Photos/NewOrleans SwampTour_3.jpg
2000.12.22 01:16 B C:\My Documents\WebSite\Photos\NewOrleans\SwampTour_Cabins.jpg --> upload.att.net /joesolano2/Photos/NewOrleans SwampTour_Cabins.jpg
2000.12.22 01:17 B C:\My Documents\WebSite\Photos\NewOrleans\SwampTour_dock.jpg --> upload.att.net /joesolano2/Photos/NewOrleans SwampTour_dock.jpg
2000.12.22 01:17 B C:\My Documents\WebSite\Photos\NewOrleans\SwampTour_FishingCabin.jpg --> upload.att.net /joesolano2/Photos/NewOrleans SwampTour_FishingCabin.jpg
2000.12.22 01:17 B C:\My Documents\WebSite\Photos\NewOrleans\SwampTour_Gator.jpg --> upload.att.net /joesolano2/Photos/NewOrleans SwampTour_Gator.jpg
2000.12.22 01:18 B C:\My Documents\WebSite\Photos\NewOrleans\SwampTour_Gator2.jpg --> upload.att.net /joesolano2/Photos/NewOrleans SwampTour_Gator2.jpg
2000.12.22 01:18 B C:\My Documents\WebSite\Photos\NewOrleans\SwampTour_Grass.jpg --> upload.att.net /joesolano2/Photos/NewOrleans SwampTour_Grass.jpg
2000.12.22 01:18 B C:\My Documents\WebSite\Photos\NewOrleans\SwampTour_Intro.jpg --> upload.att.net /joesolano2/Photos/NewOrleans SwampTour_Intro.jpg
2000.12.22 01:18 B C:\My Documents\WebSite\Photos\NewOrleans\SwampTour_Owl.jpg --> upload.att.net /joesolano2/Photos/NewOrleans SwampTour_Owl.jpg
2000.12.22 01:19 B C:\My Documents\WebSite\Photos\NewOrleans\SwampTour_SouthernCabin.jpg --> upload.att.net /joesolano2/Photos/NewOrleans SwampTour_SouthernCabin.jpg
2000.12.22 01:19 B C:\My Documents\WebSite\Photos\NewOrleans\SwampTour_Tree.jpg --> upload.att.net /joesolano2/Photos/NewOrleans SwampTour_Tree.jpg
2000.12.22 01:19 B C:\My Documents\WebSite\Photos\NewOrleans\SwampTour_Turtle.jpg --> upload.att.net /joesolano2/Photos/NewOrleans SwampTour_Turtle.jpg
2000.12.22 01:19 B C:\My Documents\WebSite\Photos\NewOrleans\WS_FTP.LOG --> upload.att.net /joesolano2/Photos/NewOrleans WS_FTP.LOG
2001.12.19 15:46 B C:\My Documents\WebSite\Photos\NewOrleans\Cemetary1.jpg --> home.tampabay.rr.com /Photos/NewOrleans Cemetary1.jpg
2001.12.19 15:46 B C:\My Documents\WebSite\Photos\NewOrleans\Cemetary2.jpg --> home.tampabay.rr.com /Photos/NewOrleans Cemetary2.jpg
2001.12.19 15:46 B C:\My Documents\WebSite\Photos\NewOrleans\Cemetary3.jpg --> home.tampabay.rr.com /Photos/NewOrleans Cemetary3.jpg
2001.12.19 15:46 B C:\My Documents\WebSite\Photos\NewOrleans\ChristmasInTheOaks_Angel.jpg --> home.tampabay.rr.com /Photos/NewOrleans ChristmasInTheOaks_Angel.jpg
2001.12.19 15:46 B C:\My Documents\WebSite\Photos\NewOrleans\ChristmasInTheOaks_House.jpg --> home.tampabay.rr.com /Photos/NewOrleans ChristmasInTheOaks_House.jpg
2001.12.19 15:46 B C:\My Documents\WebSite\Photos\NewOrleans\ChristmasInTheOaks_Intro.jpg --> home.tampabay.rr.com /Photos/NewOrleans ChristmasInTheOaks_Intro.jpg
2001.12.19 15:46 B C:\My Documents\WebSite\Photos\NewOrleans\ChristmasInTheOaks_Santa.jpg --> home.tampabay.rr.com /Photos/NewOrleans ChristmasInTheOaks_Santa.jpg
2001.12.19 15:46 B C:\My Documents\WebSite\Photos\NewOrleans\ChristmasInTheOaks_Sled.jpg --> home.tampabay.rr.com /Photos/NewOrleans ChristmasInTheOaks_Sled.jpg
2001.12.19 15:46 B C:\My Documents\WebSite\Photos\NewOrleans\ChristmasInTheOaks_Snowman.jpg --> home.tampabay.rr.com /Photos/NewOrleans ChristmasInTheOaks_Snowman.jpg
2001.12.19 15:46 B C:\My Documents\WebSite\Photos\NewOrleans\ChristmasInTheOaks_Walkway.jpg --> home.tampabay.rr.com /Photos/NewOrleans ChristmasInTheOaks_Walkway.jpg
2001.12.19 15:46 B C:\My Documents\WebSite\Photos\NewOrleans\Church.jpg --> home.tampabay.rr.com /Photos/NewOrleans Church.jpg
2001.12.19 15:46 B C:\My Documents\WebSite\Photos\NewOrleans\PharmacyMuseum_AbbottCase.jpg --> home.tampabay.rr.com /Photos/NewOrleans PharmacyMuseum_AbbottCase.jpg
2001.12.19 15:46 B C:\My Documents\WebSite\Photos\NewOrleans\PharmacyMuseum_Giustina.jpg --> home.tampabay.rr.com /Photos/NewOrleans PharmacyMuseum_Giustina.jpg
2001.12.19 15:46 B C:\My Documents\WebSite\Photos\NewOrleans\PharmacyMuseum_OutsideGiustina.jpg --> home.tampabay.rr.com /Photos/NewOrleans PharmacyMuseum_OutsideGiustina.jpg
2001.12.19 15:46 B C:\My Documents\WebSite\Photos\NewOrleans\SteamboatNatchez_Boat1.jpg --> home.tampabay.rr.com /Photos/NewOrleans SteamboatNatchez_Boat1.jpg
2001.12.19 15:46 B C:\My Documents\WebSite\Photos\NewOrleans\SteamboatNatchez_Boat2.jpg --> home.tampabay.rr.com /Photos/NewOrleans SteamboatNatchez_Boat2.jpg
2001.12.19 15:46 B C:\My Documents\WebSite\Photos\NewOrleans\SteamboatNatchez_Boats.jpg --> home.tampabay.rr.com /Photos/NewOrleans SteamboatNatchez_Boats.jpg
2001.12.19 15:46 B C:\My Documents\WebSite\Photos\NewOrleans\SteamboatNatchez_Joe.jpg --> home.tampabay.rr.com /Photos/NewOrleans SteamboatNatchez_Joe.jpg
2001.12.19 15:46 B C:\My Documents\WebSite\Photos\NewOrleans\SteamboatNatchez_Mississippi.jpg --> home.tampabay.rr.com /Photos/NewOrleans SteamboatNatchez_Mississippi.jpg
2001.12.19 15:46 B C:\My Documents\WebSite\Photos\NewOrleans\SteamboatNatchez_Paddlewheeler.jpg --> home.tampabay.rr.com /Photos/NewOrleans SteamboatNatchez_Paddlewheeler.jpg
2001.12.19 15:46 B C:\My Documents\WebSite\Photos\NewOrleans\SteamboatNatchez_skyline.jpg --> home.tampabay.rr.com /Photos/NewOrleans SteamboatNatchez_skyline.jpg
2001.12.19 15:46 B C:\My Documents\WebSite\Photos\NewOrleans\SwampTour_1.jpg --> home.tampabay.rr.com /Photos/NewOrleans SwampTour_1.jpg
2001.12.19 15:46 B C:\My Documents\WebSite\Photos\NewOrleans\SwampTour_2.jpg --> home.tampabay.rr.com /Photos/NewOrleans SwampTour_2.jpg
2001.12.19 15:46 B C:\My Documents\WebSite\Photos\NewOrleans\SwampTour_3.jpg --> home.tampabay.rr.com /Photos/NewOrleans SwampTour_3.jpg
2001.12.19 15:46 B C:\My Documents\WebSite\Photos\NewOrleans\SwampTour_Cabins.jpg --> home.tampabay.rr.com /Photos/NewOrleans SwampTour_Cabins.jpg
2001.12.19 15:46 B C:\My Documents\WebSite\Photos\NewOrleans\SwampTour_dock.jpg --> home.tampabay.rr.com /Photos/NewOrleans SwampTour_dock.jpg
2001.12.19 15:46 B C:\My Documents\WebSite\Photos\NewOrleans\SwampTour_FishingCabin.jpg --> home.tampabay.rr.com /Photos/NewOrleans SwampTour_FishingCabin.jpg
2001.12.19 15:46 B C:\My Documents\WebSite\Photos\NewOrleans\SwampTour_Gator.jpg --> home.tampabay.rr.com /Photos/NewOrleans SwampTour_Gator.jpg
2001.12.19 15:46 B C:\My Documents\WebSite\Photos\NewOrleans\SwampTour_Gator2.jpg --> home.tampabay.rr.com /Photos/NewOrleans SwampTour_Gator2.jpg
2001.12.19 15:46 B C:\My Documents\WebSite\Photos\NewOrleans\SwampTour_Grass.jpg --> home.tampabay.rr.com /Photos/NewOrleans SwampTour_Grass.jpg
2001.12.19 15:46 B C:\My Documents\WebSite\Photos\NewOrleans\SwampTour_Intro.jpg --> home.tampabay.rr.com /Photos/NewOrleans SwampTour_Intro.jpg
2001.12.19 15:46 B C:\My Documents\WebSite\Photos\NewOrleans\SwampTour_Owl.jpg --> home.tampabay.rr.com /Photos/NewOrleans SwampTour_Owl.jpg
2001.12.19 15:46 B C:\My Documents\WebSite\Photos\NewOrleans\SwampTour_SouthernCabin.jpg --> home.tampabay.rr.com /Photos/NewOrleans SwampTour_SouthernCabin.jpg
2001.12.19 15:46 B C:\My Documents\WebSite\Photos\NewOrleans\SwampTour_Tree.jpg --> home.tampabay.rr.com /Photos/NewOrleans SwampTour_Tree.jpg
2001.12.19 15:46 B C:\My Documents\WebSite\Photos\NewOrleans\SwampTour_Turtle.jpg --> home.tampabay.rr.com /Photos/NewOrleans SwampTour_Turtle.jpg
2001.12.19 15:46 B C:\My Documents\WebSite\Photos\NewOrleans\WS_FTP.LOG --> home.tampabay.rr.com /Photos/NewOrleans WS_FTP.LOG
