2000.10.30 01:08 B C:\My Documents\WebSite\Photos\SpearfishSouthDakota\Campground_Intro.jpg --> upload.att.net /joesolano/Photos/SpearfishSouthDakota Campground_Intro.jpg
2000.10.30 01:08 B C:\My Documents\WebSite\Photos\SpearfishSouthDakota\Campground_RV.jpg --> upload.att.net /joesolano/Photos/SpearfishSouthDakota Campground_RV.jpg
2000.10.30 01:09 B C:\My Documents\WebSite\Photos\SpearfishSouthDakota\Deadwood.jpg --> upload.att.net /joesolano/Photos/SpearfishSouthDakota Deadwood.jpg
2000.10.30 01:09 B C:\My Documents\WebSite\Photos\SpearfishSouthDakota\Deadwood_Saloon10.jpg --> upload.att.net /joesolano/Photos/SpearfishSouthDakota Deadwood_Saloon10.jpg
2000.10.30 01:09 B C:\My Documents\WebSite\Photos\SpearfishSouthDakota\Deadwood_WildBill.jpg --> upload.att.net /joesolano/Photos/SpearfishSouthDakota Deadwood_WildBill.jpg
2000.10.30 01:09 B C:\My Documents\WebSite\Photos\SpearfishSouthDakota\HomeStakeMining.jpg --> upload.att.net /joesolano/Photos/SpearfishSouthDakota HomeStakeMining.jpg
2000.10.30 01:09 B C:\My Documents\WebSite\Photos\SpearfishSouthDakota\HomeStakeMining_mine.jpg --> upload.att.net /joesolano/Photos/SpearfishSouthDakota HomeStakeMining_mine.jpg
2000.10.30 01:10 B C:\My Documents\WebSite\Photos\SpearfishSouthDakota\ReptileGarden.JPG --> upload.att.net /joesolano/Photos/SpearfishSouthDakota ReptileGarden.JPG
2000.10.30 01:10 B C:\My Documents\WebSite\Photos\SpearfishSouthDakota\RG_AlbinoSnake.jpg --> upload.att.net /joesolano/Photos/SpearfishSouthDakota RG_AlbinoSnake.jpg
2000.10.30 01:10 B C:\My Documents\WebSite\Photos\SpearfishSouthDakota\RG_BlueLizzard.jpg --> upload.att.net /joesolano/Photos/SpearfishSouthDakota RG_BlueLizzard.jpg
2000.10.30 01:10 B C:\My Documents\WebSite\Photos\SpearfishSouthDakota\RG_BurmesePython.jpg --> upload.att.net /joesolano/Photos/SpearfishSouthDakota RG_BurmesePython.jpg
2000.10.30 01:10 B C:\My Documents\WebSite\Photos\SpearfishSouthDakota\RG_Crocodile.jpg --> upload.att.net /joesolano/Photos/SpearfishSouthDakota RG_Crocodile.jpg
2000.10.30 01:11 B C:\My Documents\WebSite\Photos\SpearfishSouthDakota\RG_GiantTurtle.jpg --> upload.att.net /joesolano/Photos/SpearfishSouthDakota RG_GiantTurtle.jpg
2000.10.30 01:11 B C:\My Documents\WebSite\Photos\SpearfishSouthDakota\RG_Parrot.jpg --> upload.att.net /joesolano/Photos/SpearfishSouthDakota RG_Parrot.jpg
2000.10.30 01:11 B C:\My Documents\WebSite\Photos\SpearfishSouthDakota\RG_Parrot2.jpg --> upload.att.net /joesolano/Photos/SpearfishSouthDakota RG_Parrot2.jpg
2000.10.30 01:11 B C:\My Documents\WebSite\Photos\SpearfishSouthDakota\RG_PrarieDog.jpg --> upload.att.net /joesolano/Photos/SpearfishSouthDakota RG_PrarieDog.jpg
2000.10.30 01:11 B C:\My Documents\WebSite\Photos\SpearfishSouthDakota\RG_Snake.jpg --> upload.att.net /joesolano/Photos/SpearfishSouthDakota RG_Snake.jpg
2000.10.30 01:11 B C:\My Documents\WebSite\Photos\SpearfishSouthDakota\SpearFish_RoughLockFalls.jpg --> upload.att.net /joesolano/Photos/SpearfishSouthDakota SpearFish_RoughLockFalls.jpg
2000.10.30 01:12 B C:\My Documents\WebSite\Photos\SpearfishSouthDakota\SpearFishCreek.jpg --> upload.att.net /joesolano/Photos/SpearfishSouthDakota SpearFishCreek.jpg
2001.12.19 15:47 B C:\My Documents\WebSite\Photos\SpearfishSouthDakota\Campground_Intro.jpg --> home.tampabay.rr.com /Photos/SpearfishSouthDakota Campground_Intro.jpg
2001.12.19 15:47 B C:\My Documents\WebSite\Photos\SpearfishSouthDakota\Campground_RV.jpg --> home.tampabay.rr.com /Photos/SpearfishSouthDakota Campground_RV.jpg
2001.12.19 15:47 B C:\My Documents\WebSite\Photos\SpearfishSouthDakota\Deadwood.jpg --> home.tampabay.rr.com /Photos/SpearfishSouthDakota Deadwood.jpg
2001.12.19 15:47 B C:\My Documents\WebSite\Photos\SpearfishSouthDakota\Deadwood_Saloon10.jpg --> home.tampabay.rr.com /Photos/SpearfishSouthDakota Deadwood_Saloon10.jpg
2001.12.19 15:47 B C:\My Documents\WebSite\Photos\SpearfishSouthDakota\Deadwood_WildBill.jpg --> home.tampabay.rr.com /Photos/SpearfishSouthDakota Deadwood_WildBill.jpg
2001.12.19 15:47 B C:\My Documents\WebSite\Photos\SpearfishSouthDakota\HomeStakeMining.jpg --> home.tampabay.rr.com /Photos/SpearfishSouthDakota HomeStakeMining.jpg
2001.12.19 15:47 B C:\My Documents\WebSite\Photos\SpearfishSouthDakota\HomeStakeMining_mine.jpg --> home.tampabay.rr.com /Photos/SpearfishSouthDakota HomeStakeMining_mine.jpg
2001.12.19 15:47 B C:\My Documents\WebSite\Photos\SpearfishSouthDakota\ReptileGarden.JPG --> home.tampabay.rr.com /Photos/SpearfishSouthDakota ReptileGarden.JPG
2001.12.19 15:47 B C:\My Documents\WebSite\Photos\SpearfishSouthDakota\RG_AlbinoSnake.jpg --> home.tampabay.rr.com /Photos/SpearfishSouthDakota RG_AlbinoSnake.jpg
2001.12.19 15:47 B C:\My Documents\WebSite\Photos\SpearfishSouthDakota\RG_BlueLizzard.jpg --> home.tampabay.rr.com /Photos/SpearfishSouthDakota RG_BlueLizzard.jpg
2001.12.19 15:47 B C:\My Documents\WebSite\Photos\SpearfishSouthDakota\RG_BurmesePython.jpg --> home.tampabay.rr.com /Photos/SpearfishSouthDakota RG_BurmesePython.jpg
2001.12.19 15:47 B C:\My Documents\WebSite\Photos\SpearfishSouthDakota\RG_Crocodile.jpg --> home.tampabay.rr.com /Photos/SpearfishSouthDakota RG_Crocodile.jpg
2001.12.19 15:47 B C:\My Documents\WebSite\Photos\SpearfishSouthDakota\RG_GiantTurtle.jpg --> home.tampabay.rr.com /Photos/SpearfishSouthDakota RG_GiantTurtle.jpg
2001.12.19 15:47 B C:\My Documents\WebSite\Photos\SpearfishSouthDakota\RG_Parrot.jpg --> home.tampabay.rr.com /Photos/SpearfishSouthDakota RG_Parrot.jpg
2001.12.19 15:47 B C:\My Documents\WebSite\Photos\SpearfishSouthDakota\RG_Parrot2.jpg --> home.tampabay.rr.com /Photos/SpearfishSouthDakota RG_Parrot2.jpg
2001.12.19 15:47 B C:\My Documents\WebSite\Photos\SpearfishSouthDakota\RG_PrarieDog.jpg --> home.tampabay.rr.com /Photos/SpearfishSouthDakota RG_PrarieDog.jpg
2001.12.19 15:47 B C:\My Documents\WebSite\Photos\SpearfishSouthDakota\RG_Snake.jpg --> home.tampabay.rr.com /Photos/SpearfishSouthDakota RG_Snake.jpg
2001.12.19 15:47 B C:\My Documents\WebSite\Photos\SpearfishSouthDakota\SpearFish_RoughLockFalls.jpg --> home.tampabay.rr.com /Photos/SpearfishSouthDakota SpearFish_RoughLockFalls.jpg
2001.12.19 15:47 B C:\My Documents\WebSite\Photos\SpearfishSouthDakota\SpearFishCreek.jpg --> home.tampabay.rr.com /Photos/SpearfishSouthDakota SpearFishCreek.jpg
2001.12.19 15:47 B C:\My Documents\WebSite\Photos\SpearfishSouthDakota\WS_FTP.LOG --> home.tampabay.rr.com /Photos/SpearfishSouthDakota WS_FTP.LOG
