2000.12.22 01:02 B C:\My Documents\WebSite\Photos\SanDiegoZoo\11200012.JPG --> upload.att.net /joesolano2/Photos/SanDiegoZoo 11200012.JPG
2000.12.22 01:02 B C:\My Documents\WebSite\Photos\SanDiegoZoo\Bear.jpg --> upload.att.net /joesolano2/Photos/SanDiegoZoo Bear.jpg
2000.12.22 01:02 B C:\My Documents\WebSite\Photos\SanDiegoZoo\BigNose.jpg --> upload.att.net /joesolano2/Photos/SanDiegoZoo BigNose.jpg
2000.12.22 01:02 B C:\My Documents\WebSite\Photos\SanDiegoZoo\BrownBear.jpg --> upload.att.net /joesolano2/Photos/SanDiegoZoo BrownBear.jpg
2000.12.22 01:02 B C:\My Documents\WebSite\Photos\SanDiegoZoo\BullLike.jpg --> upload.att.net /joesolano2/Photos/SanDiegoZoo BullLike.jpg
2000.12.22 01:02 B C:\My Documents\WebSite\Photos\SanDiegoZoo\Camel.jpg --> upload.att.net /joesolano2/Photos/SanDiegoZoo Camel.jpg
2000.12.22 01:02 B C:\My Documents\WebSite\Photos\SanDiegoZoo\Camels.jpg --> upload.att.net /joesolano2/Photos/SanDiegoZoo Camels.jpg
2000.12.22 01:03 B C:\My Documents\WebSite\Photos\SanDiegoZoo\DarkHippo.jpg --> upload.att.net /joesolano2/Photos/SanDiegoZoo DarkHippo.jpg
2000.12.22 01:03 B C:\My Documents\WebSite\Photos\SanDiegoZoo\Deerish.jpg --> upload.att.net /joesolano2/Photos/SanDiegoZoo Deerish.jpg
2000.12.22 01:03 B C:\My Documents\WebSite\Photos\SanDiegoZoo\DeerLike.jpg --> upload.att.net /joesolano2/Photos/SanDiegoZoo DeerLike.jpg
2000.12.22 01:03 B C:\My Documents\WebSite\Photos\SanDiegoZoo\Ducks.jpg --> upload.att.net /joesolano2/Photos/SanDiegoZoo Ducks.jpg
2000.12.22 01:03 B C:\My Documents\WebSite\Photos\SanDiegoZoo\Elephant.jpg --> upload.att.net /joesolano2/Photos/SanDiegoZoo Elephant.jpg
2000.12.22 01:03 B C:\My Documents\WebSite\Photos\SanDiegoZoo\ElephantHedge.jpg --> upload.att.net /joesolano2/Photos/SanDiegoZoo ElephantHedge.jpg
2000.12.22 01:03 B C:\My Documents\WebSite\Photos\SanDiegoZoo\Giraffe.jpg --> upload.att.net /joesolano2/Photos/SanDiegoZoo Giraffe.jpg
2000.12.22 01:03 B C:\My Documents\WebSite\Photos\SanDiegoZoo\Giraffe2.jpg --> upload.att.net /joesolano2/Photos/SanDiegoZoo Giraffe2.jpg
2000.12.22 01:04 B C:\My Documents\WebSite\Photos\SanDiegoZoo\GoatLike.jpg --> upload.att.net /joesolano2/Photos/SanDiegoZoo GoatLike.jpg
2000.12.22 01:04 B C:\My Documents\WebSite\Photos\SanDiegoZoo\Gorilla.jpg --> upload.att.net /joesolano2/Photos/SanDiegoZoo Gorilla.jpg
2000.12.22 01:04 B C:\My Documents\WebSite\Photos\SanDiegoZoo\Gorilla_Brown.jpg --> upload.att.net /joesolano2/Photos/SanDiegoZoo Gorilla_Brown.jpg
2000.12.22 01:04 B C:\My Documents\WebSite\Photos\SanDiegoZoo\Gorilla_Brown2.jpg --> upload.att.net /joesolano2/Photos/SanDiegoZoo Gorilla_Brown2.jpg
2000.12.22 01:04 B C:\My Documents\WebSite\Photos\SanDiegoZoo\Gorilla_Brown3.jpg --> upload.att.net /joesolano2/Photos/SanDiegoZoo Gorilla_Brown3.jpg
2000.12.22 01:05 B C:\My Documents\WebSite\Photos\SanDiegoZoo\Gorilla_Brown4.jpg --> upload.att.net /joesolano2/Photos/SanDiegoZoo Gorilla_Brown4.jpg
2000.12.22 01:05 B C:\My Documents\WebSite\Photos\SanDiegoZoo\GorillaFamily.jpg --> upload.att.net /joesolano2/Photos/SanDiegoZoo GorillaFamily.jpg
2000.12.22 01:05 B C:\My Documents\WebSite\Photos\SanDiegoZoo\Hippo.jpg --> upload.att.net /joesolano2/Photos/SanDiegoZoo Hippo.jpg
2000.12.22 01:05 B C:\My Documents\WebSite\Photos\SanDiegoZoo\HippoSign_Giustina.jpg --> upload.att.net /joesolano2/Photos/SanDiegoZoo HippoSign_Giustina.jpg
2000.12.22 01:05 B C:\My Documents\WebSite\Photos\SanDiegoZoo\Introduction.jpg --> upload.att.net /joesolano2/Photos/SanDiegoZoo Introduction.jpg
2000.12.22 01:05 B C:\My Documents\WebSite\Photos\SanDiegoZoo\Kangaroo.jpg --> upload.att.net /joesolano2/Photos/SanDiegoZoo Kangaroo.jpg
2000.12.22 01:06 B C:\My Documents\WebSite\Photos\SanDiegoZoo\KoalaBear.jpg --> upload.att.net /joesolano2/Photos/SanDiegoZoo KoalaBear.jpg
2000.12.22 01:06 B C:\My Documents\WebSite\Photos\SanDiegoZoo\Leopard.jpg --> upload.att.net /joesolano2/Photos/SanDiegoZoo Leopard.jpg
2000.12.22 01:06 B C:\My Documents\WebSite\Photos\SanDiegoZoo\Lizard.jpg --> upload.att.net /joesolano2/Photos/SanDiegoZoo Lizard.jpg
2000.12.22 01:06 B C:\My Documents\WebSite\Photos\SanDiegoZoo\Monkey.jpg --> upload.att.net /joesolano2/Photos/SanDiegoZoo Monkey.jpg
2000.12.22 01:06 B C:\My Documents\WebSite\Photos\SanDiegoZoo\PandaBear.jpg --> upload.att.net /joesolano2/Photos/SanDiegoZoo PandaBear.jpg
2000.12.22 01:06 B C:\My Documents\WebSite\Photos\SanDiegoZoo\PandaBear2.jpg --> upload.att.net /joesolano2/Photos/SanDiegoZoo PandaBear2.jpg
2000.12.22 01:07 B C:\My Documents\WebSite\Photos\SanDiegoZoo\Parrot.jpg --> upload.att.net /joesolano2/Photos/SanDiegoZoo Parrot.jpg
2000.12.22 01:07 B C:\My Documents\WebSite\Photos\SanDiegoZoo\PinkFlamingo_Joe.jpg --> upload.att.net /joesolano2/Photos/SanDiegoZoo PinkFlamingo_Joe.jpg
2000.12.22 01:07 B C:\My Documents\WebSite\Photos\SanDiegoZoo\PolarBear.jpg --> upload.att.net /joesolano2/Photos/SanDiegoZoo PolarBear.jpg
2000.12.22 01:07 B C:\My Documents\WebSite\Photos\SanDiegoZoo\TigerCub.jpg --> upload.att.net /joesolano2/Photos/SanDiegoZoo TigerCub.jpg
2000.12.22 01:07 B C:\My Documents\WebSite\Photos\SanDiegoZoo\Warthog.jpg --> upload.att.net /joesolano2/Photos/SanDiegoZoo Warthog.jpg
2000.12.22 01:07 B C:\My Documents\WebSite\Photos\SanDiegoZoo\WhiteGoat.jpg --> upload.att.net /joesolano2/Photos/SanDiegoZoo WhiteGoat.jpg
2000.12.22 01:08 B C:\My Documents\WebSite\Photos\SanDiegoZoo\WolfLike.jpg --> upload.att.net /joesolano2/Photos/SanDiegoZoo WolfLike.jpg
2000.12.22 01:08 B C:\My Documents\WebSite\Photos\SanDiegoZoo\Zebra.jpg --> upload.att.net /joesolano2/Photos/SanDiegoZoo Zebra.jpg
2000.12.22 01:08 B C:\My Documents\WebSite\Photos\SanDiegoZoo\Zebra2.jpg --> upload.att.net /joesolano2/Photos/SanDiegoZoo Zebra2.jpg
2000.12.22 01:08 B C:\My Documents\WebSite\Photos\SanDiegoZoo\ZebraTailMonkey.jpg --> upload.att.net /joesolano2/Photos/SanDiegoZoo ZebraTailMonkey.jpg
2001.12.19 15:47 B C:\My Documents\WebSite\Photos\SanDiegoZoo\11200012.JPG --> home.tampabay.rr.com /Photos/SanDiegoZoo 11200012.JPG
2001.12.19 15:47 B C:\My Documents\WebSite\Photos\SanDiegoZoo\Bear.jpg --> home.tampabay.rr.com /Photos/SanDiegoZoo Bear.jpg
2001.12.19 15:47 B C:\My Documents\WebSite\Photos\SanDiegoZoo\BigNose.jpg --> home.tampabay.rr.com /Photos/SanDiegoZoo BigNose.jpg
2001.12.19 15:47 B C:\My Documents\WebSite\Photos\SanDiegoZoo\BrownBear.jpg --> home.tampabay.rr.com /Photos/SanDiegoZoo BrownBear.jpg
2001.12.19 15:47 B C:\My Documents\WebSite\Photos\SanDiegoZoo\BullLike.jpg --> home.tampabay.rr.com /Photos/SanDiegoZoo BullLike.jpg
2001.12.19 15:47 B C:\My Documents\WebSite\Photos\SanDiegoZoo\Camel.jpg --> home.tampabay.rr.com /Photos/SanDiegoZoo Camel.jpg
2001.12.19 15:47 B C:\My Documents\WebSite\Photos\SanDiegoZoo\Camels.jpg --> home.tampabay.rr.com /Photos/SanDiegoZoo Camels.jpg
2001.12.19 15:47 B C:\My Documents\WebSite\Photos\SanDiegoZoo\DarkHippo.jpg --> home.tampabay.rr.com /Photos/SanDiegoZoo DarkHippo.jpg
2001.12.19 15:47 B C:\My Documents\WebSite\Photos\SanDiegoZoo\Deerish.jpg --> home.tampabay.rr.com /Photos/SanDiegoZoo Deerish.jpg
2001.12.19 15:47 B C:\My Documents\WebSite\Photos\SanDiegoZoo\DeerLike.jpg --> home.tampabay.rr.com /Photos/SanDiegoZoo DeerLike.jpg
2001.12.19 15:47 B C:\My Documents\WebSite\Photos\SanDiegoZoo\Ducks.jpg --> home.tampabay.rr.com /Photos/SanDiegoZoo Ducks.jpg
2001.12.19 15:47 B C:\My Documents\WebSite\Photos\SanDiegoZoo\Elephant.jpg --> home.tampabay.rr.com /Photos/SanDiegoZoo Elephant.jpg
2001.12.19 15:47 B C:\My Documents\WebSite\Photos\SanDiegoZoo\ElephantHedge.jpg --> home.tampabay.rr.com /Photos/SanDiegoZoo ElephantHedge.jpg
2001.12.19 15:47 B C:\My Documents\WebSite\Photos\SanDiegoZoo\Giraffe.jpg --> home.tampabay.rr.com /Photos/SanDiegoZoo Giraffe.jpg
2001.12.19 15:47 B C:\My Documents\WebSite\Photos\SanDiegoZoo\Giraffe2.jpg --> home.tampabay.rr.com /Photos/SanDiegoZoo Giraffe2.jpg
2001.12.19 15:47 B C:\My Documents\WebSite\Photos\SanDiegoZoo\GoatLike.jpg --> home.tampabay.rr.com /Photos/SanDiegoZoo GoatLike.jpg
2001.12.19 15:47 B C:\My Documents\WebSite\Photos\SanDiegoZoo\Gorilla.jpg --> home.tampabay.rr.com /Photos/SanDiegoZoo Gorilla.jpg
2001.12.19 15:47 B C:\My Documents\WebSite\Photos\SanDiegoZoo\Gorilla_Brown.jpg --> home.tampabay.rr.com /Photos/SanDiegoZoo Gorilla_Brown.jpg
2001.12.19 15:47 B C:\My Documents\WebSite\Photos\SanDiegoZoo\Gorilla_Brown2.jpg --> home.tampabay.rr.com /Photos/SanDiegoZoo Gorilla_Brown2.jpg
2001.12.19 15:47 B C:\My Documents\WebSite\Photos\SanDiegoZoo\Gorilla_Brown3.jpg --> home.tampabay.rr.com /Photos/SanDiegoZoo Gorilla_Brown3.jpg
2001.12.19 15:47 B C:\My Documents\WebSite\Photos\SanDiegoZoo\Gorilla_Brown4.jpg --> home.tampabay.rr.com /Photos/SanDiegoZoo Gorilla_Brown4.jpg
2001.12.19 15:47 B C:\My Documents\WebSite\Photos\SanDiegoZoo\GorillaFamily.jpg --> home.tampabay.rr.com /Photos/SanDiegoZoo GorillaFamily.jpg
2001.12.19 15:47 B C:\My Documents\WebSite\Photos\SanDiegoZoo\Hippo.jpg --> home.tampabay.rr.com /Photos/SanDiegoZoo Hippo.jpg
2001.12.19 15:47 B C:\My Documents\WebSite\Photos\SanDiegoZoo\HippoSign_Giustina.jpg --> home.tampabay.rr.com /Photos/SanDiegoZoo HippoSign_Giustina.jpg
2001.12.19 15:47 B C:\My Documents\WebSite\Photos\SanDiegoZoo\Introduction.jpg --> home.tampabay.rr.com /Photos/SanDiegoZoo Introduction.jpg
2001.12.19 15:47 B C:\My Documents\WebSite\Photos\SanDiegoZoo\Kangaroo.jpg --> home.tampabay.rr.com /Photos/SanDiegoZoo Kangaroo.jpg
2001.12.19 15:47 B C:\My Documents\WebSite\Photos\SanDiegoZoo\KoalaBear.jpg --> home.tampabay.rr.com /Photos/SanDiegoZoo KoalaBear.jpg
2001.12.19 15:47 B C:\My Documents\WebSite\Photos\SanDiegoZoo\Leopard.jpg --> home.tampabay.rr.com /Photos/SanDiegoZoo Leopard.jpg
2001.12.19 15:47 B C:\My Documents\WebSite\Photos\SanDiegoZoo\Lizard.jpg --> home.tampabay.rr.com /Photos/SanDiegoZoo Lizard.jpg
2001.12.19 15:47 B C:\My Documents\WebSite\Photos\SanDiegoZoo\Monkey.jpg --> home.tampabay.rr.com /Photos/SanDiegoZoo Monkey.jpg
2001.12.19 15:47 B C:\My Documents\WebSite\Photos\SanDiegoZoo\PandaBear.jpg --> home.tampabay.rr.com /Photos/SanDiegoZoo PandaBear.jpg
2001.12.19 15:47 B C:\My Documents\WebSite\Photos\SanDiegoZoo\PandaBear2.jpg --> home.tampabay.rr.com /Photos/SanDiegoZoo PandaBear2.jpg
2001.12.19 15:47 B C:\My Documents\WebSite\Photos\SanDiegoZoo\Parrot.jpg --> home.tampabay.rr.com /Photos/SanDiegoZoo Parrot.jpg
2001.12.19 15:47 B C:\My Documents\WebSite\Photos\SanDiegoZoo\PinkFlamingo_Joe.jpg --> home.tampabay.rr.com /Photos/SanDiegoZoo PinkFlamingo_Joe.jpg
2001.12.19 15:47 B C:\My Documents\WebSite\Photos\SanDiegoZoo\PolarBear.jpg --> home.tampabay.rr.com /Photos/SanDiegoZoo PolarBear.jpg
2001.12.19 15:47 B C:\My Documents\WebSite\Photos\SanDiegoZoo\TigerCub.jpg --> home.tampabay.rr.com /Photos/SanDiegoZoo TigerCub.jpg
2001.12.19 15:47 B C:\My Documents\WebSite\Photos\SanDiegoZoo\Warthog.jpg --> home.tampabay.rr.com /Photos/SanDiegoZoo Warthog.jpg
2001.12.19 15:47 B C:\My Documents\WebSite\Photos\SanDiegoZoo\WhiteGoat.jpg --> home.tampabay.rr.com /Photos/SanDiegoZoo WhiteGoat.jpg
2001.12.19 15:47 B C:\My Documents\WebSite\Photos\SanDiegoZoo\WolfLike.jpg --> home.tampabay.rr.com /Photos/SanDiegoZoo WolfLike.jpg
2001.12.19 15:47 B C:\My Documents\WebSite\Photos\SanDiegoZoo\WS_FTP.LOG --> home.tampabay.rr.com /Photos/SanDiegoZoo WS_FTP.LOG
2001.12.19 15:47 B C:\My Documents\WebSite\Photos\SanDiegoZoo\Zebra.jpg --> home.tampabay.rr.com /Photos/SanDiegoZoo Zebra.jpg
2001.12.19 15:47 B C:\My Documents\WebSite\Photos\SanDiegoZoo\Zebra2.jpg --> home.tampabay.rr.com /Photos/SanDiegoZoo Zebra2.jpg
2001.12.19 15:47 B C:\My Documents\WebSite\Photos\SanDiegoZoo\ZebraTailMonkey.jpg --> home.tampabay.rr.com /Photos/SanDiegoZoo ZebraTailMonkey.jpg
