2000.08.18 11:04 B C:\My Documents\WebSite_ATT\Photos\Rv\RVDriversSide.jpg --> upload.att.net /joesolano/Photos/Rv RVDriversSide.jpg
2000.08.18 11:04 B C:\My Documents\WebSite_ATT\Photos\Rv\RVDriversSideFront.jpg --> upload.att.net /joesolano/Photos/Rv RVDriversSideFront.jpg
2000.08.18 11:04 B C:\My Documents\WebSite_ATT\Photos\Rv\RVPassengersSide.jpg --> upload.att.net /joesolano/Photos/Rv RVPassengersSide.jpg
2000.08.18 11:04 B C:\My Documents\WebSite_ATT\Photos\Rv\RVPassengersSideFront.jpg --> upload.att.net /joesolano/Photos/Rv RVPassengersSideFront.jpg
2000.08.21 23:54 B C:\My Documents\WebSite_ATT\Photos\Rv\WS_FTP.LOG --> upload.att.net /joesolano/Photos/Rv WS_FTP.LOG
2000.08.22 00:13 B C:\My Documents\WebSite_ATT\Photos\Rv\RVDriversSide.jpg --> upload.att.net /joesolano/Photos/Rv RVDriversSide.jpg
2000.08.22 00:14 B C:\My Documents\WebSite_ATT\Photos\Rv\RVDriversSideFront.jpg --> upload.att.net /joesolano/Photos/Rv RVDriversSideFront.jpg
2000.08.22 00:14 B C:\My Documents\WebSite_ATT\Photos\Rv\RVPassengersSide.jpg --> upload.att.net /joesolano/Photos/Rv RVPassengersSide.jpg
2000.08.22 00:14 B C:\My Documents\WebSite_ATT\Photos\Rv\RVPassengersSideFront.jpg --> upload.att.net /joesolano/Photos/Rv RVPassengersSideFront.jpg
2000.08.22 00:14 B C:\My Documents\WebSite_ATT\Photos\Rv\WS_FTP.LOG --> upload.att.net /joesolano/Photos/Rv WS_FTP.LOG
2000.09.19 23:05 B C:\My Documents\WebSite\Photos\Rv\Bedroom.jpg --> upload.att.net /joesolano/Photos/Rv Bedroom.jpg
2000.09.19 23:05 B C:\My Documents\WebSite\Photos\Rv\Floorplan.jpg --> upload.att.net /joesolano/Photos/Rv Floorplan.jpg
2000.09.19 23:06 B C:\My Documents\WebSite\Photos\Rv\Front.jpg --> upload.att.net /joesolano/Photos/Rv Front.jpg
2000.09.19 23:06 B C:\My Documents\WebSite\Photos\Rv\GiustinaDriving.jpg --> upload.att.net /joesolano/Photos/Rv GiustinaDriving.jpg
2000.09.19 23:06 B C:\My Documents\WebSite\Photos\Rv\JoeDriving.jpg --> upload.att.net /joesolano/Photos/Rv JoeDriving.jpg
2000.09.19 23:06 B C:\My Documents\WebSite\Photos\Rv\Kitchen.jpg --> upload.att.net /joesolano/Photos/Rv Kitchen.jpg
2000.09.19 23:07 B C:\My Documents\WebSite\Photos\Rv\LivingRoomtoBedroom.jpg --> upload.att.net /joesolano/Photos/Rv LivingRoomtoBedroom.jpg
2000.09.19 23:07 B C:\My Documents\WebSite\Photos\Rv\LivingRoomtoFront.jpg --> upload.att.net /joesolano/Photos/Rv LivingRoomtoFront.jpg
2000.09.19 23:08 B C:\My Documents\WebSite\Photos\Rv\RVDriversSide.jpg --> upload.att.net /joesolano/Photos/Rv RVDriversSide.jpg
2000.09.19 23:08 B C:\My Documents\WebSite\Photos\Rv\RVDriversSideFront.jpg --> upload.att.net /joesolano/Photos/Rv RVDriversSideFront.jpg
2000.09.19 23:08 B C:\My Documents\WebSite\Photos\Rv\RVPassengersSide.jpg --> upload.att.net /joesolano/Photos/Rv RVPassengersSide.jpg
2000.09.19 23:08 B C:\My Documents\WebSite\Photos\Rv\RVPassengersSideFront.jpg --> upload.att.net /joesolano/Photos/Rv RVPassengersSideFront.jpg
2000.09.19 23:08 B C:\My Documents\WebSite\Photos\Rv\WS_FTP.LOG --> upload.att.net /joesolano/Photos/Rv WS_FTP.LOG
2001.12.19 15:46 B C:\My Documents\WebSite\Photos\Rv\Bedroom.jpg --> home.tampabay.rr.com /Photos/Rv Bedroom.jpg
2001.12.19 15:46 B C:\My Documents\WebSite\Photos\Rv\Floorplan.jpg --> home.tampabay.rr.com /Photos/Rv Floorplan.jpg
2001.12.19 15:46 B C:\My Documents\WebSite\Photos\Rv\Front.jpg --> home.tampabay.rr.com /Photos/Rv Front.jpg
2001.12.19 15:46 B C:\My Documents\WebSite\Photos\Rv\GiustinaDriving.jpg --> home.tampabay.rr.com /Photos/Rv GiustinaDriving.jpg
2001.12.19 15:46 B C:\My Documents\WebSite\Photos\Rv\JoeDriving.jpg --> home.tampabay.rr.com /Photos/Rv JoeDriving.jpg
2001.12.19 15:46 B C:\My Documents\WebSite\Photos\Rv\Kitchen.jpg --> home.tampabay.rr.com /Photos/Rv Kitchen.jpg
2001.12.19 15:47 B C:\My Documents\WebSite\Photos\Rv\LivingRoomtoBedroom.jpg --> home.tampabay.rr.com /Photos/Rv LivingRoomtoBedroom.jpg
2001.12.19 15:47 B C:\My Documents\WebSite\Photos\Rv\LivingRoomtoFront.jpg --> home.tampabay.rr.com /Photos/Rv LivingRoomtoFront.jpg
2001.12.19 15:47 B C:\My Documents\WebSite\Photos\Rv\RVDriversSide.jpg --> home.tampabay.rr.com /Photos/Rv RVDriversSide.jpg
2001.12.19 15:47 B C:\My Documents\WebSite\Photos\Rv\RVDriversSideFront.jpg --> home.tampabay.rr.com /Photos/Rv RVDriversSideFront.jpg
2001.12.19 15:47 B C:\My Documents\WebSite\Photos\Rv\RVPassengersSide.jpg --> home.tampabay.rr.com /Photos/Rv RVPassengersSide.jpg
2001.12.19 15:47 B C:\My Documents\WebSite\Photos\Rv\RVPassengersSideFront.jpg --> home.tampabay.rr.com /Photos/Rv RVPassengersSideFront.jpg
2001.12.19 15:47 B C:\My Documents\WebSite\Photos\Rv\WS_FTP.LOG --> home.tampabay.rr.com /Photos/Rv WS_FTP.LOG
