2000.10.30 01:17 B C:\My Documents\WebSite\Photos\Yellowstone\BuffaloCloseUp.jpg --> upload.att.net /joesolano/Photos/Yellowstone BuffaloCloseUp.jpg
2000.10.30 01:17 B C:\My Documents\WebSite\Photos\Yellowstone\BuffaloOnRoad.jpg --> upload.att.net /joesolano/Photos/Yellowstone BuffaloOnRoad.jpg
2000.10.30 01:17 B C:\My Documents\WebSite\Photos\Yellowstone\BuffaloOnRoad2.jpg --> upload.att.net /joesolano/Photos/Yellowstone BuffaloOnRoad2.jpg
2000.10.30 01:18 B C:\My Documents\WebSite\Photos\Yellowstone\BuffaloOnRoad3.jpg --> upload.att.net /joesolano/Photos/Yellowstone BuffaloOnRoad3.jpg
2000.10.30 01:18 B C:\My Documents\WebSite\Photos\Yellowstone\BuffaloOnRoad4.jpg --> upload.att.net /joesolano/Photos/Yellowstone BuffaloOnRoad4.jpg
2000.10.30 01:18 B C:\My Documents\WebSite\Photos\Yellowstone\BuffaloOnRoadAgain.jpg --> upload.att.net /joesolano/Photos/Yellowstone BuffaloOnRoadAgain.jpg
2000.10.30 01:18 B C:\My Documents\WebSite\Photos\Yellowstone\Campground_RV.jpg --> upload.att.net /joesolano/Photos/Yellowstone Campground_RV.jpg
2000.10.30 01:18 B C:\My Documents\WebSite\Photos\Yellowstone\CampgroundIntro.jpg --> upload.att.net /joesolano/Photos/Yellowstone CampgroundIntro.jpg
2000.10.30 01:18 B C:\My Documents\WebSite\Photos\Yellowstone\CanyonRoad.jpg --> upload.att.net /joesolano/Photos/Yellowstone CanyonRoad.jpg
2000.10.30 01:19 B C:\My Documents\WebSite\Photos\Yellowstone\Elk.jpg --> upload.att.net /joesolano/Photos/Yellowstone Elk.jpg
2000.10.30 01:19 B C:\My Documents\WebSite\Photos\Yellowstone\Elk1.jpg --> upload.att.net /joesolano/Photos/Yellowstone Elk1.jpg
2000.10.30 01:19 B C:\My Documents\WebSite\Photos\Yellowstone\Elk2.jpg --> upload.att.net /joesolano/Photos/Yellowstone Elk2.jpg
2000.10.30 01:19 B C:\My Documents\WebSite\Photos\Yellowstone\Elk_Giustina.jpg --> upload.att.net /joesolano/Photos/Yellowstone Elk_Giustina.jpg
2000.10.30 01:19 B C:\My Documents\WebSite\Photos\Yellowstone\Falls.jpg --> upload.att.net /joesolano/Photos/Yellowstone Falls.jpg
2000.10.30 01:20 B C:\My Documents\WebSite\Photos\Yellowstone\HotSpring.jpg --> upload.att.net /joesolano/Photos/Yellowstone HotSpring.jpg
2000.10.30 01:20 B C:\My Documents\WebSite\Photos\Yellowstone\HotSprings.jpg --> upload.att.net /joesolano/Photos/Yellowstone HotSprings.jpg
2000.10.30 01:20 B C:\My Documents\WebSite\Photos\Yellowstone\HotSprings2.jpg --> upload.att.net /joesolano/Photos/Yellowstone HotSprings2.jpg
2000.10.30 01:20 B C:\My Documents\WebSite\Photos\Yellowstone\HotSprings3.jpg --> upload.att.net /joesolano/Photos/Yellowstone HotSprings3.jpg
2000.10.30 01:20 B C:\My Documents\WebSite\Photos\Yellowstone\MamouthHotSprings.jpg --> upload.att.net /joesolano/Photos/Yellowstone MamouthHotSprings.jpg
2000.10.30 01:20 B C:\My Documents\WebSite\Photos\Yellowstone\OldFaithfulI.jpg --> upload.att.net /joesolano/Photos/Yellowstone OldFaithfulI.jpg
2000.10.30 01:20 B C:\My Documents\WebSite\Photos\Yellowstone\OldFaithfulIntro.jpg --> upload.att.net /joesolano/Photos/Yellowstone OldFaithfulIntro.jpg
2000.10.30 01:21 B C:\My Documents\WebSite\Photos\Yellowstone\RoaringMountain.jpg --> upload.att.net /joesolano/Photos/Yellowstone RoaringMountain.jpg
2000.10.30 01:21 B C:\My Documents\WebSite\Photos\Yellowstone\YellowStoneGrandCanyon1.jpg --> upload.att.net /joesolano/Photos/Yellowstone YellowStoneGrandCanyon1.jpg
2000.10.30 01:21 B C:\My Documents\WebSite\Photos\Yellowstone\YellowStoneGrandCanyon2.jpg --> upload.att.net /joesolano/Photos/Yellowstone YellowStoneGrandCanyon2.jpg
2000.10.30 01:21 B C:\My Documents\WebSite\Photos\Yellowstone\YellowStoneGrandCanyon_Intro.jpg --> upload.att.net /joesolano/Photos/Yellowstone YellowStoneGrandCanyon_Intro.jpg
2000.10.30 01:21 B C:\My Documents\WebSite\Photos\Yellowstone\YellowStoneGrandCanyonFalls_Joe.jpg --> upload.att.net /joesolano/Photos/Yellowstone YellowStoneGrandCanyonFalls_Joe.jpg
2000.10.30 01:21 B C:\My Documents\WebSite\Photos\Yellowstone\YellowstoneIntro.jpg --> upload.att.net /joesolano/Photos/Yellowstone YellowstoneIntro.jpg
