2000.12.22 00:32 B C:\My Documents\WebSite\Photos\LasVegas\VenetianTower.jpg --> upload.att.net /joesolano/Photos/LasVegas VenetianTower.jpg
2000.12.22 00:32 B C:\My Documents\WebSite\Photos\LasVegas\Venetian.jpg --> upload.att.net /joesolano/Photos/LasVegas Venetian.jpg
2000.12.22 00:32 B C:\My Documents\WebSite\Photos\LasVegas\TreasureIslandSign.jpg --> upload.att.net /joesolano/Photos/LasVegas TreasureIslandSign.jpg
2000.12.22 00:32 B C:\My Documents\WebSite\Photos\LasVegas\TreasureIslandBoat.jpg --> upload.att.net /joesolano/Photos/LasVegas TreasureIslandBoat.jpg
2000.12.22 00:33 B C:\My Documents\WebSite\Photos\LasVegas\TreasureIsland.jpg --> upload.att.net /joesolano/Photos/LasVegas TreasureIsland.jpg
2000.12.22 00:33 B C:\My Documents\WebSite\Photos\LasVegas\StarTrek_Uniform.jpg --> upload.att.net /joesolano/Photos/LasVegas StarTrek_Uniform.jpg
2000.12.22 00:33 B C:\My Documents\WebSite\Photos\LasVegas\StarTrek_Tricorder.jpg --> upload.att.net /joesolano/Photos/LasVegas StarTrek_Tricorder.jpg
2000.12.22 00:33 B C:\My Documents\WebSite\Photos\LasVegas\StarTrek_NewUniform.jpg --> upload.att.net /joesolano/Photos/LasVegas StarTrek_NewUniform.jpg
2000.12.22 00:33 B C:\My Documents\WebSite\Photos\LasVegas\StarTrek_Intro.jpg --> upload.att.net /joesolano/Photos/LasVegas StarTrek_Intro.jpg
2000.12.22 00:33 B C:\My Documents\WebSite\Photos\LasVegas\StarTrek_Enterprise.jpg --> upload.att.net /joesolano/Photos/LasVegas StarTrek_Enterprise.jpg
2000.12.22 00:33 B C:\My Documents\WebSite\Photos\LasVegas\StarTrek_Borg.jpg --> upload.att.net /joesolano/Photos/LasVegas StarTrek_Borg.jpg
2000.12.22 00:33 B C:\My Documents\WebSite\Photos\LasVegas\StarTrek_Batlif.jpg --> upload.att.net /joesolano/Photos/LasVegas StarTrek_Batlif.jpg
2000.12.22 00:34 B C:\My Documents\WebSite\Photos\LasVegas\Paris_Arc.jpg --> upload.att.net /joesolano/Photos/LasVegas Paris_Arc.jpg
2000.12.22 00:34 B C:\My Documents\WebSite\Photos\LasVegas\Paris.jpg --> upload.att.net /joesolano/Photos/LasVegas Paris.jpg
2000.12.22 00:34 B C:\My Documents\WebSite\Photos\LasVegas\NickMaryJoeGiustina.jpg --> upload.att.net /joesolano/Photos/LasVegas NickMaryJoeGiustina.jpg
2000.12.22 00:34 B C:\My Documents\WebSite\Photos\LasVegas\NickJoeGiustina.jpg --> upload.att.net /joesolano/Photos/LasVegas NickJoeGiustina.jpg
2000.12.22 00:34 B C:\My Documents\WebSite\Photos\LasVegas\NewYorkNewYorkNight.jpg --> upload.att.net /joesolano/Photos/LasVegas NewYorkNewYorkNight.jpg
2000.12.22 00:34 B C:\My Documents\WebSite\Photos\LasVegas\NewYorkNewYork.jpg --> upload.att.net /joesolano/Photos/LasVegas NewYorkNewYork.jpg
2000.12.22 00:34 B C:\My Documents\WebSite\Photos\LasVegas\MirageVolcano.jpg --> upload.att.net /joesolano/Photos/LasVegas MirageVolcano.jpg
2000.12.22 00:34 B C:\My Documents\WebSite\Photos\LasVegas\MirageNight.jpg --> upload.att.net /joesolano/Photos/LasVegas MirageNight.jpg
2000.12.22 00:35 B C:\My Documents\WebSite\Photos\LasVegas\MirageDolphins.jpg --> upload.att.net /joesolano/Photos/LasVegas MirageDolphins.jpg
2000.12.22 00:35 B C:\My Documents\WebSite\Photos\LasVegas\Mirage.jpg --> upload.att.net /joesolano/Photos/LasVegas Mirage.jpg
2000.12.22 00:35 B C:\My Documents\WebSite\Photos\LasVegas\MandMWorldJoe.jpg --> upload.att.net /joesolano/Photos/LasVegas MandMWorldJoe.jpg
2000.12.22 00:35 B C:\My Documents\WebSite\Photos\LasVegas\FreemontStreet.jpg --> upload.att.net /joesolano/Photos/LasVegas FreemontStreet.jpg
2000.12.22 00:35 B C:\My Documents\WebSite\Photos\LasVegas\FAOHorse.jpg --> upload.att.net /joesolano/Photos/LasVegas FAOHorse.jpg
2000.12.22 00:35 B C:\My Documents\WebSite\Photos\LasVegas\ExcaliburGiustina.jpg --> upload.att.net /joesolano/Photos/LasVegas ExcaliburGiustina.jpg
2000.12.22 00:35 B C:\My Documents\WebSite\Photos\LasVegas\CircusCircus.jpg --> upload.att.net /joesolano/Photos/LasVegas CircusCircus.jpg
2000.12.22 00:36 B C:\My Documents\WebSite\Photos\LasVegas\Ceasers.jpg --> upload.att.net /joesolano/Photos/LasVegas Ceasers.jpg
2000.12.22 00:36 B C:\My Documents\WebSite\Photos\LasVegas\BlueManMary.jpg --> upload.att.net /joesolano/Photos/LasVegas BlueManMary.jpg
2000.12.22 00:36 B C:\My Documents\WebSite\Photos\LasVegas\BlueManGiustinaMary.jpg --> upload.att.net /joesolano/Photos/LasVegas BlueManGiustinaMary.jpg
2000.12.22 00:36 B C:\My Documents\WebSite\Photos\LasVegas\BlueManGiustinaJoe.jpg --> upload.att.net /joesolano/Photos/LasVegas BlueManGiustinaJoe.jpg
2000.12.22 00:36 B C:\My Documents\WebSite\Photos\LasVegas\Belagio.jpg --> upload.att.net /joesolano/Photos/LasVegas Belagio.jpg
2001.12.19 15:44 B C:\My Documents\WebSite\Photos\LasVegas\Belagio.jpg --> home.tampabay.rr.com /Photos/LasVegas Belagio.jpg
2001.12.19 15:44 B C:\My Documents\WebSite\Photos\LasVegas\BlueManGiustinaJoe.jpg --> home.tampabay.rr.com /Photos/LasVegas BlueManGiustinaJoe.jpg
2001.12.19 15:44 B C:\My Documents\WebSite\Photos\LasVegas\BlueManGiustinaMary.jpg --> home.tampabay.rr.com /Photos/LasVegas BlueManGiustinaMary.jpg
2001.12.19 15:44 B C:\My Documents\WebSite\Photos\LasVegas\BlueManMary.jpg --> home.tampabay.rr.com /Photos/LasVegas BlueManMary.jpg
2001.12.19 15:44 B C:\My Documents\WebSite\Photos\LasVegas\Ceasers.jpg --> home.tampabay.rr.com /Photos/LasVegas Ceasers.jpg
2001.12.19 15:44 B C:\My Documents\WebSite\Photos\LasVegas\CircusCircus.jpg --> home.tampabay.rr.com /Photos/LasVegas CircusCircus.jpg
2001.12.19 15:44 B C:\My Documents\WebSite\Photos\LasVegas\ExcaliburGiustina.jpg --> home.tampabay.rr.com /Photos/LasVegas ExcaliburGiustina.jpg
2001.12.19 15:44 B C:\My Documents\WebSite\Photos\LasVegas\FAOHorse.jpg --> home.tampabay.rr.com /Photos/LasVegas FAOHorse.jpg
2001.12.19 15:44 B C:\My Documents\WebSite\Photos\LasVegas\FreemontStreet.jpg --> home.tampabay.rr.com /Photos/LasVegas FreemontStreet.jpg
2001.12.19 15:44 B C:\My Documents\WebSite\Photos\LasVegas\MandMWorldJoe.jpg --> home.tampabay.rr.com /Photos/LasVegas MandMWorldJoe.jpg
2001.12.19 15:44 B C:\My Documents\WebSite\Photos\LasVegas\Mirage.jpg --> home.tampabay.rr.com /Photos/LasVegas Mirage.jpg
2001.12.19 15:44 B C:\My Documents\WebSite\Photos\LasVegas\MirageDolphins.jpg --> home.tampabay.rr.com /Photos/LasVegas MirageDolphins.jpg
2001.12.19 15:44 B C:\My Documents\WebSite\Photos\LasVegas\MirageNight.jpg --> home.tampabay.rr.com /Photos/LasVegas MirageNight.jpg
2001.12.19 15:44 B C:\My Documents\WebSite\Photos\LasVegas\MirageVolcano.jpg --> home.tampabay.rr.com /Photos/LasVegas MirageVolcano.jpg
2001.12.19 15:44 B C:\My Documents\WebSite\Photos\LasVegas\NewYorkNewYork.jpg --> home.tampabay.rr.com /Photos/LasVegas NewYorkNewYork.jpg
2001.12.19 15:44 B C:\My Documents\WebSite\Photos\LasVegas\NewYorkNewYorkNight.jpg --> home.tampabay.rr.com /Photos/LasVegas NewYorkNewYorkNight.jpg
2001.12.19 15:44 B C:\My Documents\WebSite\Photos\LasVegas\NickJoeGiustina.jpg --> home.tampabay.rr.com /Photos/LasVegas NickJoeGiustina.jpg
2001.12.19 15:44 B C:\My Documents\WebSite\Photos\LasVegas\NickMaryJoeGiustina.jpg --> home.tampabay.rr.com /Photos/LasVegas NickMaryJoeGiustina.jpg
2001.12.19 15:44 B C:\My Documents\WebSite\Photos\LasVegas\Paris.jpg --> home.tampabay.rr.com /Photos/LasVegas Paris.jpg
2001.12.19 15:44 B C:\My Documents\WebSite\Photos\LasVegas\Paris_Arc.jpg --> home.tampabay.rr.com /Photos/LasVegas Paris_Arc.jpg
2001.12.19 15:44 B C:\My Documents\WebSite\Photos\LasVegas\StarTrek_Batlif.jpg --> home.tampabay.rr.com /Photos/LasVegas StarTrek_Batlif.jpg
2001.12.19 15:44 B C:\My Documents\WebSite\Photos\LasVegas\StarTrek_Borg.jpg --> home.tampabay.rr.com /Photos/LasVegas StarTrek_Borg.jpg
2001.12.19 15:44 B C:\My Documents\WebSite\Photos\LasVegas\StarTrek_Enterprise.jpg --> home.tampabay.rr.com /Photos/LasVegas StarTrek_Enterprise.jpg
2001.12.19 15:44 B C:\My Documents\WebSite\Photos\LasVegas\StarTrek_Intro.jpg --> home.tampabay.rr.com /Photos/LasVegas StarTrek_Intro.jpg
2001.12.19 15:44 B C:\My Documents\WebSite\Photos\LasVegas\StarTrek_NewUniform.jpg --> home.tampabay.rr.com /Photos/LasVegas StarTrek_NewUniform.jpg
2001.12.19 15:44 B C:\My Documents\WebSite\Photos\LasVegas\StarTrek_Tricorder.jpg --> home.tampabay.rr.com /Photos/LasVegas StarTrek_Tricorder.jpg
2001.12.19 15:44 B C:\My Documents\WebSite\Photos\LasVegas\StarTrek_Uniform.jpg --> home.tampabay.rr.com /Photos/LasVegas StarTrek_Uniform.jpg
2001.12.19 15:44 B C:\My Documents\WebSite\Photos\LasVegas\TreasureIsland.jpg --> home.tampabay.rr.com /Photos/LasVegas TreasureIsland.jpg
2001.12.19 15:44 B C:\My Documents\WebSite\Photos\LasVegas\TreasureIslandBoat.jpg --> home.tampabay.rr.com /Photos/LasVegas TreasureIslandBoat.jpg
2001.12.19 15:44 B C:\My Documents\WebSite\Photos\LasVegas\TreasureIslandSign.jpg --> home.tampabay.rr.com /Photos/LasVegas TreasureIslandSign.jpg
2001.12.19 15:44 B C:\My Documents\WebSite\Photos\LasVegas\Venetian.jpg --> home.tampabay.rr.com /Photos/LasVegas Venetian.jpg
2001.12.19 15:44 B C:\My Documents\WebSite\Photos\LasVegas\VenetianTower.jpg --> home.tampabay.rr.com /Photos/LasVegas VenetianTower.jpg
2001.12.19 15:44 B C:\My Documents\WebSite\Photos\LasVegas\WS_FTP.LOG --> home.tampabay.rr.com /Photos/LasVegas WS_FTP.LOG
