2000.10.30 00:57 B C:\My Documents\WebSite\Photos\CusterSouthDakota\BigHornSheep.jpg --> upload.att.net /joesolano/Photos/CusterSouthDakota BigHornSheep.jpg
2000.10.30 00:57 B C:\My Documents\WebSite\Photos\CusterSouthDakota\BigHornSheep2.jpg --> upload.att.net /joesolano/Photos/CusterSouthDakota BigHornSheep2.jpg
2000.10.30 00:57 B C:\My Documents\WebSite\Photos\CusterSouthDakota\Campground_Intro.jpg --> upload.att.net /joesolano/Photos/CusterSouthDakota Campground_Intro.jpg
2000.10.30 00:57 B C:\My Documents\WebSite\Photos\CusterSouthDakota\Campground_RV.jpg --> upload.att.net /joesolano/Photos/CusterSouthDakota Campground_RV.jpg
2000.10.30 00:57 B C:\My Documents\WebSite\Photos\CusterSouthDakota\CampgroundDeer.jpg --> upload.att.net /joesolano/Photos/CusterSouthDakota CampgroundDeer.jpg
2000.10.30 00:57 B C:\My Documents\WebSite\Photos\CusterSouthDakota\CusterStatePark_Buffalo.jpg --> upload.att.net /joesolano/Photos/CusterSouthDakota CusterStatePark_Buffalo.jpg
2000.10.30 00:58 B C:\My Documents\WebSite\Photos\CusterSouthDakota\CusterStatePark_Intro.jpg --> upload.att.net /joesolano/Photos/CusterSouthDakota CusterStatePark_Intro.jpg
2000.10.30 00:58 B C:\My Documents\WebSite\Photos\CusterSouthDakota\CusterStatePark_Needles.jpg --> upload.att.net /joesolano/Photos/CusterSouthDakota CusterStatePark_Needles.jpg
2000.10.30 00:58 B C:\My Documents\WebSite\Photos\CusterSouthDakota\CusterStatePark_WhiteTailDeer.jpg --> upload.att.net /joesolano/Photos/CusterSouthDakota CusterStatePark_WhiteTailDeer.jpg
2000.10.30 00:59 B C:\My Documents\WebSite\Photos\CusterSouthDakota\CusterStateParkForrest.jpg --> upload.att.net /joesolano/Photos/CusterSouthDakota CusterStateParkForrest.jpg
2000.10.30 00:59 B C:\My Documents\WebSite\Photos\CusterSouthDakota\CusterStateParkTunnel.jpg --> upload.att.net /joesolano/Photos/CusterSouthDakota CusterStateParkTunnel.jpg
2000.10.30 01:00 B C:\My Documents\WebSite\Photos\CusterSouthDakota\HonorSystemGolfRange.jpg --> upload.att.net /joesolano/Photos/CusterSouthDakota HonorSystemGolfRange.jpg
2000.10.30 01:00 B C:\My Documents\WebSite\Photos\CusterSouthDakota\JewelCave1.jpg --> upload.att.net /joesolano/Photos/CusterSouthDakota JewelCave1.jpg
2000.10.30 01:01 B C:\My Documents\WebSite\Photos\CusterSouthDakota\JewelCave2.jpg --> upload.att.net /joesolano/Photos/CusterSouthDakota JewelCave2.jpg
2000.10.30 01:01 B C:\My Documents\WebSite\Photos\CusterSouthDakota\JewelCave3.jpg --> upload.att.net /joesolano/Photos/CusterSouthDakota JewelCave3.jpg
2000.10.30 01:01 B C:\My Documents\WebSite\Photos\CusterSouthDakota\JewelCave4.jpg --> upload.att.net /joesolano/Photos/CusterSouthDakota JewelCave4.jpg
2000.10.30 01:02 B C:\My Documents\WebSite\Photos\CusterSouthDakota\JewelCaveIntro.jpg --> upload.att.net /joesolano/Photos/CusterSouthDakota JewelCaveIntro.jpg
2000.10.30 01:02 B C:\My Documents\WebSite\Photos\CusterSouthDakota\MountRushmore_closer.jpg --> upload.att.net /joesolano/Photos/CusterSouthDakota MountRushmore_closer.jpg
2000.10.30 01:02 B C:\My Documents\WebSite\Photos\CusterSouthDakota\MountRushmore_Closeup.jpg --> upload.att.net /joesolano/Photos/CusterSouthDakota MountRushmore_Closeup.jpg
2000.10.30 01:03 B C:\My Documents\WebSite\Photos\CusterSouthDakota\MountRushmore_Creator.jpg --> upload.att.net /joesolano/Photos/CusterSouthDakota MountRushmore_Creator.jpg
2000.10.30 01:04 B C:\My Documents\WebSite\Photos\CusterSouthDakota\MountRushmore_Intro.jpg --> upload.att.net /joesolano/Photos/CusterSouthDakota MountRushmore_Intro.jpg
2000.10.30 01:05 B C:\My Documents\WebSite\Photos\CusterSouthDakota\MountRushmore_overview.jpg --> upload.att.net /joesolano/Photos/CusterSouthDakota MountRushmore_overview.jpg
2001.12.19 15:42 B C:\My Documents\WebSite\Photos\CusterSouthDakota\BigHornSheep.jpg --> home.tampabay.rr.com /Photos/CusterSouthDakota BigHornSheep.jpg
2001.12.19 15:42 B C:\My Documents\WebSite\Photos\CusterSouthDakota\BigHornSheep2.jpg --> home.tampabay.rr.com /Photos/CusterSouthDakota BigHornSheep2.jpg
2001.12.19 15:42 B C:\My Documents\WebSite\Photos\CusterSouthDakota\Campground_Intro.jpg --> home.tampabay.rr.com /Photos/CusterSouthDakota Campground_Intro.jpg
2001.12.19 15:42 B C:\My Documents\WebSite\Photos\CusterSouthDakota\Campground_RV.jpg --> home.tampabay.rr.com /Photos/CusterSouthDakota Campground_RV.jpg
2001.12.19 15:42 B C:\My Documents\WebSite\Photos\CusterSouthDakota\CampgroundDeer.jpg --> home.tampabay.rr.com /Photos/CusterSouthDakota CampgroundDeer.jpg
2001.12.19 15:42 B C:\My Documents\WebSite\Photos\CusterSouthDakota\CusterStatePark_Buffalo.jpg --> home.tampabay.rr.com /Photos/CusterSouthDakota CusterStatePark_Buffalo.jpg
2001.12.19 15:42 B C:\My Documents\WebSite\Photos\CusterSouthDakota\CusterStatePark_Intro.jpg --> home.tampabay.rr.com /Photos/CusterSouthDakota CusterStatePark_Intro.jpg
2001.12.19 15:42 B C:\My Documents\WebSite\Photos\CusterSouthDakota\CusterStatePark_Needles.jpg --> home.tampabay.rr.com /Photos/CusterSouthDakota CusterStatePark_Needles.jpg
2001.12.19 15:42 B C:\My Documents\WebSite\Photos\CusterSouthDakota\CusterStatePark_WhiteTailDeer.jpg --> home.tampabay.rr.com /Photos/CusterSouthDakota CusterStatePark_WhiteTailDeer.jpg
2001.12.19 15:42 B C:\My Documents\WebSite\Photos\CusterSouthDakota\CusterStateParkForrest.jpg --> home.tampabay.rr.com /Photos/CusterSouthDakota CusterStateParkForrest.jpg
2001.12.19 15:42 B C:\My Documents\WebSite\Photos\CusterSouthDakota\CusterStateParkTunnel.jpg --> home.tampabay.rr.com /Photos/CusterSouthDakota CusterStateParkTunnel.jpg
2001.12.19 15:42 B C:\My Documents\WebSite\Photos\CusterSouthDakota\HonorSystemGolfRange.jpg --> home.tampabay.rr.com /Photos/CusterSouthDakota HonorSystemGolfRange.jpg
2001.12.19 15:42 B C:\My Documents\WebSite\Photos\CusterSouthDakota\JewelCave1.jpg --> home.tampabay.rr.com /Photos/CusterSouthDakota JewelCave1.jpg
2001.12.19 15:42 B C:\My Documents\WebSite\Photos\CusterSouthDakota\JewelCave2.jpg --> home.tampabay.rr.com /Photos/CusterSouthDakota JewelCave2.jpg
2001.12.19 15:42 B C:\My Documents\WebSite\Photos\CusterSouthDakota\JewelCave3.jpg --> home.tampabay.rr.com /Photos/CusterSouthDakota JewelCave3.jpg
2001.12.19 15:42 B C:\My Documents\WebSite\Photos\CusterSouthDakota\JewelCave4.jpg --> home.tampabay.rr.com /Photos/CusterSouthDakota JewelCave4.jpg
2001.12.19 15:42 B C:\My Documents\WebSite\Photos\CusterSouthDakota\JewelCaveIntro.jpg --> home.tampabay.rr.com /Photos/CusterSouthDakota JewelCaveIntro.jpg
2001.12.19 15:42 B C:\My Documents\WebSite\Photos\CusterSouthDakota\MountRushmore_closer.jpg --> home.tampabay.rr.com /Photos/CusterSouthDakota MountRushmore_closer.jpg
2001.12.19 15:42 B C:\My Documents\WebSite\Photos\CusterSouthDakota\MountRushmore_Closeup.jpg --> home.tampabay.rr.com /Photos/CusterSouthDakota MountRushmore_Closeup.jpg
2001.12.19 15:42 B C:\My Documents\WebSite\Photos\CusterSouthDakota\MountRushmore_Creator.jpg --> home.tampabay.rr.com /Photos/CusterSouthDakota MountRushmore_Creator.jpg
2001.12.19 15:42 B C:\My Documents\WebSite\Photos\CusterSouthDakota\MountRushmore_Intro.jpg --> home.tampabay.rr.com /Photos/CusterSouthDakota MountRushmore_Intro.jpg
2001.12.19 15:42 B C:\My Documents\WebSite\Photos\CusterSouthDakota\MountRushmore_overview.jpg --> home.tampabay.rr.com /Photos/CusterSouthDakota MountRushmore_overview.jpg
2001.12.19 15:42 B C:\My Documents\WebSite\Photos\CusterSouthDakota\WS_FTP.LOG --> home.tampabay.rr.com /Photos/CusterSouthDakota WS_FTP.LOG
