2000.09.19 23:09 B C:\My Documents\WebSite\Photos\Steamtown\280Engine.jpg --> upload.att.net /joesolano/Photos/Steamtown 280Engine.jpg
2000.09.19 23:09 B C:\My Documents\WebSite\Photos\Steamtown\4884Engine.jpg --> upload.att.net /joesolano/Photos/Steamtown 4884Engine.jpg
2000.09.19 23:09 B C:\My Documents\WebSite\Photos\Steamtown\DiselYardEngine.jpg --> upload.att.net /joesolano/Photos/Steamtown DiselYardEngine.jpg
2000.09.19 23:09 B C:\My Documents\WebSite\Photos\Steamtown\LackawannaCoalCar.jpg --> upload.att.net /joesolano/Photos/Steamtown LackawannaCoalCar.jpg
2000.09.19 23:09 B C:\My Documents\WebSite\Photos\Steamtown\LackawannaPassengerCar.jpg --> upload.att.net /joesolano/Photos/Steamtown LackawannaPassengerCar.jpg
2000.09.19 23:10 B C:\My Documents\WebSite\Photos\Steamtown\LittlevsBigEngine.jpg --> upload.att.net /joesolano/Photos/Steamtown LittlevsBigEngine.jpg
2000.09.19 23:10 B C:\My Documents\WebSite\Photos\Steamtown\PassengerCars.jpg --> upload.att.net /joesolano/Photos/Steamtown PassengerCars.jpg
2000.09.19 23:10 B C:\My Documents\WebSite\Photos\Steamtown\PassengerEngine.jpg --> upload.att.net /joesolano/Photos/Steamtown PassengerEngine.jpg
2000.09.19 23:10 B C:\My Documents\WebSite\Photos\Steamtown\PassengerEngine2.jpg --> upload.att.net /joesolano/Photos/Steamtown PassengerEngine2.jpg
2000.09.19 23:11 B C:\My Documents\WebSite\Photos\Steamtown\PassengerEngineFront.jpg --> upload.att.net /joesolano/Photos/Steamtown PassengerEngineFront.jpg
2000.09.19 23:11 B C:\My Documents\WebSite\Photos\Steamtown\PassengerEngineFront2.jpg --> upload.att.net /joesolano/Photos/Steamtown PassengerEngineFront2.jpg
2000.09.19 23:11 B C:\My Documents\WebSite\Photos\Steamtown\PassengerEngineHookingUp.jpg --> upload.att.net /joesolano/Photos/Steamtown PassengerEngineHookingUp.jpg
2000.09.19 23:11 B C:\My Documents\WebSite\Photos\Steamtown\PassengerTrainOverhead.jpg --> upload.att.net /joesolano/Photos/Steamtown PassengerTrainOverhead.jpg
2000.09.19 23:12 B C:\My Documents\WebSite\Photos\Steamtown\PassengerTrainRear.jpg --> upload.att.net /joesolano/Photos/Steamtown PassengerTrainRear.jpg
2000.09.19 23:12 B C:\My Documents\WebSite\Photos\Steamtown\PassengerTrainSide.jpg --> upload.att.net /joesolano/Photos/Steamtown PassengerTrainSide.jpg
2000.09.19 23:12 B C:\My Documents\WebSite\Photos\Steamtown\RedCaboose.jpg --> upload.att.net /joesolano/Photos/Steamtown RedCaboose.jpg
2000.09.19 23:12 B C:\My Documents\WebSite\Photos\Steamtown\SteamtownIntro.jpg --> upload.att.net /joesolano/Photos/Steamtown SteamtownIntro.jpg
2000.09.19 23:13 B C:\My Documents\WebSite\Photos\Steamtown\TicketWindow.jpg --> upload.att.net /joesolano/Photos/Steamtown TicketWindow.jpg
2000.09.19 23:13 B C:\My Documents\WebSite\Photos\Steamtown\Yard.jpg --> upload.att.net /joesolano/Photos/Steamtown Yard.jpg
2000.09.19 23:13 B C:\My Documents\WebSite\Photos\Steamtown\YardDiselAndCaboose.jpg --> upload.att.net /joesolano/Photos/Steamtown YardDiselAndCaboose.jpg
2000.09.19 23:13 B C:\My Documents\WebSite\Photos\Steamtown\YardTurntable.jpg --> upload.att.net /joesolano/Photos/Steamtown YardTurntable.jpg
2001.12.19 15:47 B C:\My Documents\WebSite\Photos\Steamtown\280Engine.jpg --> home.tampabay.rr.com /Photos/Steamtown 280Engine.jpg
2001.12.19 15:47 B C:\My Documents\WebSite\Photos\Steamtown\4884Engine.jpg --> home.tampabay.rr.com /Photos/Steamtown 4884Engine.jpg
2001.12.19 15:47 B C:\My Documents\WebSite\Photos\Steamtown\DiselYardEngine.jpg --> home.tampabay.rr.com /Photos/Steamtown DiselYardEngine.jpg
2001.12.19 15:47 B C:\My Documents\WebSite\Photos\Steamtown\LackawannaCoalCar.jpg --> home.tampabay.rr.com /Photos/Steamtown LackawannaCoalCar.jpg
2001.12.19 15:47 B C:\My Documents\WebSite\Photos\Steamtown\LackawannaPassengerCar.jpg --> home.tampabay.rr.com /Photos/Steamtown LackawannaPassengerCar.jpg
2001.12.19 15:47 B C:\My Documents\WebSite\Photos\Steamtown\LittlevsBigEngine.jpg --> home.tampabay.rr.com /Photos/Steamtown LittlevsBigEngine.jpg
2001.12.19 15:47 B C:\My Documents\WebSite\Photos\Steamtown\PassengerCars.jpg --> home.tampabay.rr.com /Photos/Steamtown PassengerCars.jpg
2001.12.19 15:47 B C:\My Documents\WebSite\Photos\Steamtown\PassengerEngine.jpg --> home.tampabay.rr.com /Photos/Steamtown PassengerEngine.jpg
2001.12.19 15:47 B C:\My Documents\WebSite\Photos\Steamtown\PassengerEngine2.jpg --> home.tampabay.rr.com /Photos/Steamtown PassengerEngine2.jpg
2001.12.19 15:47 B C:\My Documents\WebSite\Photos\Steamtown\PassengerEngineFront.jpg --> home.tampabay.rr.com /Photos/Steamtown PassengerEngineFront.jpg
2001.12.19 15:47 B C:\My Documents\WebSite\Photos\Steamtown\PassengerEngineFront2.jpg --> home.tampabay.rr.com /Photos/Steamtown PassengerEngineFront2.jpg
2001.12.19 15:47 B C:\My Documents\WebSite\Photos\Steamtown\PassengerEngineHookingUp.jpg --> home.tampabay.rr.com /Photos/Steamtown PassengerEngineHookingUp.jpg
2001.12.19 15:47 B C:\My Documents\WebSite\Photos\Steamtown\PassengerTrainOverhead.jpg --> home.tampabay.rr.com /Photos/Steamtown PassengerTrainOverhead.jpg
2001.12.19 15:47 B C:\My Documents\WebSite\Photos\Steamtown\PassengerTrainRear.jpg --> home.tampabay.rr.com /Photos/Steamtown PassengerTrainRear.jpg
2001.12.19 15:47 B C:\My Documents\WebSite\Photos\Steamtown\PassengerTrainSide.jpg --> home.tampabay.rr.com /Photos/Steamtown PassengerTrainSide.jpg
2001.12.19 15:47 B C:\My Documents\WebSite\Photos\Steamtown\RedCaboose.jpg --> home.tampabay.rr.com /Photos/Steamtown RedCaboose.jpg
2001.12.19 15:47 B C:\My Documents\WebSite\Photos\Steamtown\SteamtownIntro.jpg --> home.tampabay.rr.com /Photos/Steamtown SteamtownIntro.jpg
