2000.10.13 18:05 B C:\My Documents\WebSite\Photos\Chicago\NavyPier.jpg --> upload.att.net /joesolano/Photos/Chicago NavyPier.jpg
2000.10.13 18:05 B C:\My Documents\WebSite\Photos\Chicago\SM_JohnDeere.jpg --> upload.att.net /joesolano/Photos/Chicago SM_JohnDeere.jpg
2000.10.13 18:05 B C:\My Documents\WebSite\Photos\Chicago\SM_Intro.jpg --> upload.att.net /joesolano/Photos/Chicago SM_Intro.jpg
2000.10.13 18:06 B C:\My Documents\WebSite\Photos\Chicago\SM_ColumbusShips.jpg --> upload.att.net /joesolano/Photos/Chicago SM_ColumbusShips.jpg
2000.10.13 18:06 B C:\My Documents\WebSite\Photos\Chicago\SM_CoastGaurd.jpg --> upload.att.net /joesolano/Photos/Chicago SM_CoastGaurd.jpg
2000.10.13 18:06 B C:\My Documents\WebSite\Photos\Chicago\SM_1896Benz.jpg --> upload.att.net /joesolano/Photos/Chicago SM_1896Benz.jpg
2000.10.13 18:06 B C:\My Documents\WebSite\Photos\Chicago\SearsTower_SoldierField.jpg --> upload.att.net /joesolano/Photos/Chicago SearsTower_SoldierField.jpg
2000.10.13 18:06 B C:\My Documents\WebSite\Photos\Chicago\SearsTower_Skyline.jpg --> upload.att.net /joesolano/Photos/Chicago SearsTower_Skyline.jpg
2000.10.13 18:06 B C:\My Documents\WebSite\Photos\Chicago\GinosEast.jpg --> upload.att.net /joesolano/Photos/Chicago GinosEast.jpg
2000.10.13 18:07 B C:\My Documents\WebSite\Photos\Chicago\Dolphin.jpg --> upload.att.net /joesolano/Photos/Chicago Dolphin.jpg
2000.10.13 18:07 B C:\My Documents\WebSite\Photos\Chicago\CogHillIntro.jpg --> upload.att.net /joesolano/Photos/Chicago CogHillIntro.jpg
2000.10.13 18:07 B C:\My Documents\WebSite\Photos\Chicago\CogHillHole4.jpg --> upload.att.net /joesolano/Photos/Chicago CogHillHole4.jpg
2000.10.13 18:07 B C:\My Documents\WebSite\Photos\Chicago\CogHillHole18.jpg --> upload.att.net /joesolano/Photos/Chicago CogHillHole18.jpg
2000.10.13 18:07 B C:\My Documents\WebSite\Photos\Chicago\CogHillHole14withJoeGiustina.jpg --> upload.att.net /joesolano/Photos/Chicago CogHillHole14withJoeGiustina.jpg
2000.10.13 18:07 B C:\My Documents\WebSite\Photos\Chicago\CogHillHole12.jpg --> upload.att.net /joesolano/Photos/Chicago CogHillHole12.jpg
2000.10.13 18:07 B C:\My Documents\WebSite\Photos\Chicago\ChicagoSkyline.jpg --> upload.att.net /joesolano/Photos/Chicago ChicagoSkyline.jpg
2000.10.13 18:08 B C:\My Documents\WebSite\Photos\Chicago\Aquarium.jpg --> upload.att.net /joesolano/Photos/Chicago Aquarium.jpg
2000.10.13 18:08 B C:\My Documents\WebSite\Photos\Chicago\AM_Pillow.jpg --> upload.att.net /joesolano/Photos/Chicago AM_Pillow.jpg
2000.10.13 18:08 B C:\My Documents\WebSite\Photos\Chicago\AM_Paperweight.jpg --> upload.att.net /joesolano/Photos/Chicago AM_Paperweight.jpg
2000.10.13 18:08 B C:\My Documents\WebSite\Photos\Chicago\AdlerPlanetarium.jpg --> upload.att.net /joesolano/Photos/Chicago AdlerPlanetarium.jpg
2001.12.19 15:42 B C:\My Documents\WebSite\Photos\Chicago\AdlerPlanetarium.jpg --> home.tampabay.rr.com /Photos/Chicago AdlerPlanetarium.jpg
2001.12.19 15:42 B C:\My Documents\WebSite\Photos\Chicago\AM_Paperweight.jpg --> home.tampabay.rr.com /Photos/Chicago AM_Paperweight.jpg
2001.12.19 15:42 B C:\My Documents\WebSite\Photos\Chicago\AM_Pillow.jpg --> home.tampabay.rr.com /Photos/Chicago AM_Pillow.jpg
2001.12.19 15:42 B C:\My Documents\WebSite\Photos\Chicago\Aquarium.jpg --> home.tampabay.rr.com /Photos/Chicago Aquarium.jpg
2001.12.19 15:42 B C:\My Documents\WebSite\Photos\Chicago\ChicagoSkyline.jpg --> home.tampabay.rr.com /Photos/Chicago ChicagoSkyline.jpg
2001.12.19 15:42 B C:\My Documents\WebSite\Photos\Chicago\CogHillHole12.jpg --> home.tampabay.rr.com /Photos/Chicago CogHillHole12.jpg
2001.12.19 15:42 B C:\My Documents\WebSite\Photos\Chicago\CogHillHole14withJoeGiustina.jpg --> home.tampabay.rr.com /Photos/Chicago CogHillHole14withJoeGiustina.jpg
2001.12.19 15:42 B C:\My Documents\WebSite\Photos\Chicago\CogHillHole18.jpg --> home.tampabay.rr.com /Photos/Chicago CogHillHole18.jpg
2001.12.19 15:42 B C:\My Documents\WebSite\Photos\Chicago\CogHillHole4.jpg --> home.tampabay.rr.com /Photos/Chicago CogHillHole4.jpg
2001.12.19 15:42 B C:\My Documents\WebSite\Photos\Chicago\CogHillIntro.jpg --> home.tampabay.rr.com /Photos/Chicago CogHillIntro.jpg
2001.12.19 15:42 B C:\My Documents\WebSite\Photos\Chicago\Dolphin.jpg --> home.tampabay.rr.com /Photos/Chicago Dolphin.jpg
2001.12.19 15:42 B C:\My Documents\WebSite\Photos\Chicago\GinosEast.jpg --> home.tampabay.rr.com /Photos/Chicago GinosEast.jpg
2001.12.19 15:42 B C:\My Documents\WebSite\Photos\Chicago\NavyPier.jpg --> home.tampabay.rr.com /Photos/Chicago NavyPier.jpg
2001.12.19 15:42 B C:\My Documents\WebSite\Photos\Chicago\SearsTower_Skyline.jpg --> home.tampabay.rr.com /Photos/Chicago SearsTower_Skyline.jpg
2001.12.19 15:42 B C:\My Documents\WebSite\Photos\Chicago\SearsTower_SoldierField.jpg --> home.tampabay.rr.com /Photos/Chicago SearsTower_SoldierField.jpg
2001.12.19 15:42 B C:\My Documents\WebSite\Photos\Chicago\SM_1896Benz.jpg --> home.tampabay.rr.com /Photos/Chicago SM_1896Benz.jpg
2001.12.19 15:42 B C:\My Documents\WebSite\Photos\Chicago\SM_CoastGaurd.jpg --> home.tampabay.rr.com /Photos/Chicago SM_CoastGaurd.jpg
2001.12.19 15:42 B C:\My Documents\WebSite\Photos\Chicago\SM_ColumbusShips.jpg --> home.tampabay.rr.com /Photos/Chicago SM_ColumbusShips.jpg
2001.12.19 15:42 B C:\My Documents\WebSite\Photos\Chicago\SM_Intro.jpg --> home.tampabay.rr.com /Photos/Chicago SM_Intro.jpg
2001.12.19 15:42 B C:\My Documents\WebSite\Photos\Chicago\SM_JohnDeere.jpg --> home.tampabay.rr.com /Photos/Chicago SM_JohnDeere.jpg
2001.12.19 15:42 B C:\My Documents\WebSite\Photos\Chicago\WS_FTP.LOG --> home.tampabay.rr.com /Photos/Chicago WS_FTP.LOG
