2000.10.13 18:12 B C:\My Documents\WebSite\Photos\Ohio\FowlersMillIntro.jpg --> upload.att.net /joesolano/Photos/Ohio FowlersMillIntro.jpg
2000.10.13 18:12 B C:\My Documents\WebSite\Photos\Ohio\CampgroundIntro.jpg --> upload.att.net /joesolano/Photos/Ohio CampgroundIntro.jpg
2000.10.13 18:12 B C:\My Documents\WebSite\Photos\Ohio\Young.jpg --> upload.att.net /joesolano/Photos/Ohio Young.jpg
2000.10.13 18:12 B C:\My Documents\WebSite\Photos\Ohio\SkyWayDriveIn2.jpg --> upload.att.net /joesolano/Photos/Ohio SkyWayDriveIn2.jpg
2000.10.13 18:13 B C:\My Documents\WebSite\Photos\Ohio\SkyWayDriveIn.jpg --> upload.att.net /joesolano/Photos/Ohio SkyWayDriveIn.jpg
2000.10.13 18:13 B C:\My Documents\WebSite\Photos\Ohio\Rice.jpg --> upload.att.net /joesolano/Photos/Ohio Rice.jpg
2000.10.13 18:13 B C:\My Documents\WebSite\Photos\Ohio\ProFootballIntro.jpg --> upload.att.net /joesolano/Photos/Ohio ProFootballIntro.jpg
2000.10.13 18:13 B C:\My Documents\WebSite\Photos\Ohio\ProFootballHat.jpg --> upload.att.net /joesolano/Photos/Ohio ProFootballHat.jpg
2000.10.13 18:13 B C:\My Documents\WebSite\Photos\Ohio\Montana2.jpg --> upload.att.net /joesolano/Photos/Ohio Montana2.jpg
2000.10.13 18:13 B C:\My Documents\WebSite\Photos\Ohio\Montana.jpg --> upload.att.net /joesolano/Photos/Ohio Montana.jpg
2000.10.13 18:13 B C:\My Documents\WebSite\Photos\Ohio\JoeMontana.jpg --> upload.att.net /joesolano/Photos/Ohio JoeMontana.jpg
2000.10.13 18:14 B C:\My Documents\WebSite\Photos\Ohio\JoeByLakeErie.jpg --> upload.att.net /joesolano/Photos/Ohio JoeByLakeErie.jpg
2000.10.13 18:14 B C:\My Documents\WebSite\Photos\Ohio\Joe.jpg --> upload.att.net /joesolano/Photos/Ohio Joe.jpg
2000.10.13 18:14 B C:\My Documents\WebSite\Photos\Ohio\Hole7Par3.jpg --> upload.att.net /joesolano/Photos/Ohio Hole7Par3.jpg
2000.10.13 18:14 B C:\My Documents\WebSite\Photos\Ohio\Hole4Par5.jpg --> upload.att.net /joesolano/Photos/Ohio Hole4Par5.jpg
2000.10.13 18:14 B C:\My Documents\WebSite\Photos\Ohio\Hole2Par4.jpg --> upload.att.net /joesolano/Photos/Ohio Hole2Par4.jpg
2000.10.13 18:14 B C:\My Documents\WebSite\Photos\Ohio\HallOfFameClassOf2000.jpg --> upload.att.net /joesolano/Photos/Ohio HallOfFameClassOf2000.jpg
2000.10.13 18:14 B C:\My Documents\WebSite\Photos\Ohio\GiustinaByLakeErie.jpg --> upload.att.net /joesolano/Photos/Ohio GiustinaByLakeErie.jpg
2001.12.19 15:46 B C:\My Documents\WebSite\Photos\Ohio\CampgroundIntro.jpg --> home.tampabay.rr.com /Photos/Ohio CampgroundIntro.jpg
2001.12.19 15:46 B C:\My Documents\WebSite\Photos\Ohio\FowlersMillIntro.jpg --> home.tampabay.rr.com /Photos/Ohio FowlersMillIntro.jpg
2001.12.19 15:46 B C:\My Documents\WebSite\Photos\Ohio\GiustinaByLakeErie.jpg --> home.tampabay.rr.com /Photos/Ohio GiustinaByLakeErie.jpg
2001.12.19 15:46 B C:\My Documents\WebSite\Photos\Ohio\HallOfFameClassOf2000.jpg --> home.tampabay.rr.com /Photos/Ohio HallOfFameClassOf2000.jpg
2001.12.19 15:46 B C:\My Documents\WebSite\Photos\Ohio\Hole2Par4.jpg --> home.tampabay.rr.com /Photos/Ohio Hole2Par4.jpg
2001.12.19 15:46 B C:\My Documents\WebSite\Photos\Ohio\Hole4Par5.jpg --> home.tampabay.rr.com /Photos/Ohio Hole4Par5.jpg
2001.12.19 15:46 B C:\My Documents\WebSite\Photos\Ohio\Hole7Par3.jpg --> home.tampabay.rr.com /Photos/Ohio Hole7Par3.jpg
2001.12.19 15:46 B C:\My Documents\WebSite\Photos\Ohio\Joe.jpg --> home.tampabay.rr.com /Photos/Ohio Joe.jpg
2001.12.19 15:46 B C:\My Documents\WebSite\Photos\Ohio\JoeByLakeErie.jpg --> home.tampabay.rr.com /Photos/Ohio JoeByLakeErie.jpg
2001.12.19 15:46 B C:\My Documents\WebSite\Photos\Ohio\JoeMontana.jpg --> home.tampabay.rr.com /Photos/Ohio JoeMontana.jpg
2001.12.19 15:46 B C:\My Documents\WebSite\Photos\Ohio\Montana.jpg --> home.tampabay.rr.com /Photos/Ohio Montana.jpg
2001.12.19 15:46 B C:\My Documents\WebSite\Photos\Ohio\Montana2.jpg --> home.tampabay.rr.com /Photos/Ohio Montana2.jpg
2001.12.19 15:46 B C:\My Documents\WebSite\Photos\Ohio\ProFootballHat.jpg --> home.tampabay.rr.com /Photos/Ohio ProFootballHat.jpg
2001.12.19 15:46 B C:\My Documents\WebSite\Photos\Ohio\ProFootballIntro.jpg --> home.tampabay.rr.com /Photos/Ohio ProFootballIntro.jpg
2001.12.19 15:46 B C:\My Documents\WebSite\Photos\Ohio\Rice.jpg --> home.tampabay.rr.com /Photos/Ohio Rice.jpg
2001.12.19 15:46 B C:\My Documents\WebSite\Photos\Ohio\SkyWayDriveIn.jpg --> home.tampabay.rr.com /Photos/Ohio SkyWayDriveIn.jpg
2001.12.19 15:46 B C:\My Documents\WebSite\Photos\Ohio\SkyWayDriveIn2.jpg --> home.tampabay.rr.com /Photos/Ohio SkyWayDriveIn2.jpg
2001.12.19 15:46 B C:\My Documents\WebSite\Photos\Ohio\WS_FTP.LOG --> home.tampabay.rr.com /Photos/Ohio WS_FTP.LOG
2001.12.19 15:46 B C:\My Documents\WebSite\Photos\Ohio\Young.jpg --> home.tampabay.rr.com /Photos/Ohio Young.jpg
