2000.10.13 18:09 B C:\My Documents\WebSite\Photos\Michigan\RoadToCampground.jpg --> upload.att.net /joesolano/Photos/Michigan RoadToCampground.jpg
2000.10.13 18:09 B C:\My Documents\WebSite\Photos\Michigan\CampgroundIntro.jpg --> upload.att.net /joesolano/Photos/Michigan CampgroundIntro.jpg
2000.10.13 18:09 B C:\My Documents\WebSite\Photos\Michigan\UndergroundRailroad2.jpg --> upload.att.net /joesolano/Photos/Michigan UndergroundRailroad2.jpg
2000.10.13 18:10 B C:\My Documents\WebSite\Photos\Michigan\UndergroundRailroad.jpg --> upload.att.net /joesolano/Photos/Michigan UndergroundRailroad.jpg
2000.10.13 18:10 B C:\My Documents\WebSite\Photos\Michigan\TonyWithJoe.jpg --> upload.att.net /joesolano/Photos/Michigan TonyWithJoe.jpg
2000.10.13 18:10 B C:\My Documents\WebSite\Photos\Michigan\TonyWithGiustina.jpg --> upload.att.net /joesolano/Photos/Michigan TonyWithGiustina.jpg
2000.10.13 18:10 B C:\My Documents\WebSite\Photos\Michigan\RVInCampground.jpg --> upload.att.net /joesolano/Photos/Michigan RVInCampground.jpg
2000.10.13 18:10 B C:\My Documents\WebSite\Photos\Michigan\KelloggHouse.jpg --> upload.att.net /joesolano/Photos/Michigan KelloggHouse.jpg
2000.10.13 18:10 B C:\My Documents\WebSite\Photos\Michigan\CerealCityIntro.jpg --> upload.att.net /joesolano/Photos/Michigan CerealCityIntro.jpg
2000.10.13 18:11 B C:\My Documents\WebSite\Photos\Michigan\CampgroundPond.jpg --> upload.att.net /joesolano/Photos/Michigan CampgroundPond.jpg
2000.10.13 18:11 B C:\My Documents\WebSite\Photos\Michigan\BinderParkGolf.jpg --> upload.att.net /joesolano/Photos/Michigan BinderParkGolf.jpg
2001.12.19 15:44 B C:\My Documents\WebSite\Photos\Michigan\BinderParkGolf.jpg --> home.tampabay.rr.com /Photos/Michigan BinderParkGolf.jpg
2001.12.19 15:44 B C:\My Documents\WebSite\Photos\Michigan\CampgroundIntro.jpg --> home.tampabay.rr.com /Photos/Michigan CampgroundIntro.jpg
2001.12.19 15:44 B C:\My Documents\WebSite\Photos\Michigan\CampgroundPond.jpg --> home.tampabay.rr.com /Photos/Michigan CampgroundPond.jpg
2001.12.19 15:44 B C:\My Documents\WebSite\Photos\Michigan\CerealCityIntro.jpg --> home.tampabay.rr.com /Photos/Michigan CerealCityIntro.jpg
2001.12.19 15:44 B C:\My Documents\WebSite\Photos\Michigan\KelloggHouse.jpg --> home.tampabay.rr.com /Photos/Michigan KelloggHouse.jpg
2001.12.19 15:44 B C:\My Documents\WebSite\Photos\Michigan\RoadToCampground.jpg --> home.tampabay.rr.com /Photos/Michigan RoadToCampground.jpg
2001.12.19 15:44 B C:\My Documents\WebSite\Photos\Michigan\RVInCampground.jpg --> home.tampabay.rr.com /Photos/Michigan RVInCampground.jpg
2001.12.19 15:44 B C:\My Documents\WebSite\Photos\Michigan\TonyWithGiustina.jpg --> home.tampabay.rr.com /Photos/Michigan TonyWithGiustina.jpg
2001.12.19 15:44 B C:\My Documents\WebSite\Photos\Michigan\TonyWithJoe.jpg --> home.tampabay.rr.com /Photos/Michigan TonyWithJoe.jpg
2001.12.19 15:44 B C:\My Documents\WebSite\Photos\Michigan\UndergroundRailroad.jpg --> home.tampabay.rr.com /Photos/Michigan UndergroundRailroad.jpg
2001.12.19 15:44 B C:\My Documents\WebSite\Photos\Michigan\UndergroundRailroad2.jpg --> home.tampabay.rr.com /Photos/Michigan UndergroundRailroad2.jpg
2001.12.19 15:44 B C:\My Documents\WebSite\Photos\Michigan\WS_FTP.LOG --> home.tampabay.rr.com /Photos/Michigan WS_FTP.LOG
