2000.10.26 20:47 B C:\My Documents\WebSite\Photos\LaCrosse\GDB_Golf.jpg --> upload.att.net /joesolano/Photos/LaCrosse GDB_Golf.jpg
2000.10.26 20:47 B C:\My Documents\WebSite\Photos\LaCrosse\GDB_LaCrosse.jpg --> upload.att.net /joesolano/Photos/LaCrosse GDB_LaCrosse.jpg
2000.10.26 20:47 B C:\My Documents\WebSite\Photos\LaCrosse\GDB_Streets.jpg --> upload.att.net /joesolano/Photos/LaCrosse GDB_Streets.jpg
2000.10.26 20:47 B C:\My Documents\WebSite\Photos\LaCrosse\GrandDadsBluff.jpg --> upload.att.net /joesolano/Photos/LaCrosse GrandDadsBluff.jpg
2000.10.26 20:47 B C:\My Documents\WebSite\Photos\LaCrosse\LaCrosseQueen.jpg --> upload.att.net /joesolano/Photos/LaCrosse LaCrosseQueen.jpg
2000.10.26 20:48 B C:\My Documents\WebSite\Photos\LaCrosse\LCQ_DrawBridge1.jpg --> upload.att.net /joesolano/Photos/LaCrosse LCQ_DrawBridge1.jpg
2000.10.26 20:48 B C:\My Documents\WebSite\Photos\LaCrosse\LCQ_DrawBridge2.jpg --> upload.att.net /joesolano/Photos/LaCrosse LCQ_DrawBridge2.jpg
2000.10.26 20:48 B C:\My Documents\WebSite\Photos\LaCrosse\LCQ_Fishing.jpg --> upload.att.net /joesolano/Photos/LaCrosse LCQ_Fishing.jpg
2000.10.26 20:48 B C:\My Documents\WebSite\Photos\LaCrosse\LCQ_Giustina.jpg --> upload.att.net /joesolano/Photos/LaCrosse LCQ_Giustina.jpg
2000.10.26 20:48 B C:\My Documents\WebSite\Photos\LaCrosse\LCQ_Locks.jpg --> upload.att.net /joesolano/Photos/LaCrosse LCQ_Locks.jpg
2000.10.26 20:48 B C:\My Documents\WebSite\Photos\LaCrosse\LCQ_MississippiTrain.jpg --> upload.att.net /joesolano/Photos/LaCrosse LCQ_MississippiTrain.jpg
2000.10.26 20:48 B C:\My Documents\WebSite\Photos\LaCrosse\Mississippi_1.jpg --> upload.att.net /joesolano/Photos/LaCrosse Mississippi_1.jpg
2000.10.26 20:49 B C:\My Documents\WebSite\Photos\LaCrosse\Mississippi_3.jpg --> upload.att.net /joesolano/Photos/LaCrosse Mississippi_3.jpg
2000.10.26 20:49 B C:\My Documents\WebSite\Photos\LaCrosse\Mississippi_4.jpg --> upload.att.net /joesolano/Photos/LaCrosse Mississippi_4.jpg
2000.10.26 20:49 B C:\My Documents\WebSite\Photos\LaCrosse\Mississippi_5.jpg --> upload.att.net /joesolano/Photos/LaCrosse Mississippi_5.jpg
2000.10.26 20:49 B C:\My Documents\WebSite\Photos\LaCrosse\Mississippi_Giustina.jpg --> upload.att.net /joesolano/Photos/LaCrosse Mississippi_Giustina.jpg
2000.10.26 20:49 B C:\My Documents\WebSite\Photos\LaCrosse\Mississippi_Joe.jpg --> upload.att.net /joesolano/Photos/LaCrosse Mississippi_Joe.jpg
2000.10.26 20:50 B C:\My Documents\WebSite\Photos\LaCrosse\RV.jpg --> upload.att.net /joesolano/Photos/LaCrosse RV.jpg
2001.12.19 15:44 B C:\My Documents\WebSite\Photos\LaCrosse\GDB_Golf.jpg --> home.tampabay.rr.com /Photos/LaCrosse GDB_Golf.jpg
2001.12.19 15:44 B C:\My Documents\WebSite\Photos\LaCrosse\GDB_LaCrosse.jpg --> home.tampabay.rr.com /Photos/LaCrosse GDB_LaCrosse.jpg
2001.12.19 15:44 B C:\My Documents\WebSite\Photos\LaCrosse\GDB_Streets.jpg --> home.tampabay.rr.com /Photos/LaCrosse GDB_Streets.jpg
2001.12.19 15:44 B C:\My Documents\WebSite\Photos\LaCrosse\GrandDadsBluff.jpg --> home.tampabay.rr.com /Photos/LaCrosse GrandDadsBluff.jpg
2001.12.19 15:44 B C:\My Documents\WebSite\Photos\LaCrosse\LaCrosseQueen.jpg --> home.tampabay.rr.com /Photos/LaCrosse LaCrosseQueen.jpg
2001.12.19 15:44 B C:\My Documents\WebSite\Photos\LaCrosse\LCQ_DrawBridge1.jpg --> home.tampabay.rr.com /Photos/LaCrosse LCQ_DrawBridge1.jpg
2001.12.19 15:44 B C:\My Documents\WebSite\Photos\LaCrosse\LCQ_DrawBridge2.jpg --> home.tampabay.rr.com /Photos/LaCrosse LCQ_DrawBridge2.jpg
2001.12.19 15:44 B C:\My Documents\WebSite\Photos\LaCrosse\LCQ_Fishing.jpg --> home.tampabay.rr.com /Photos/LaCrosse LCQ_Fishing.jpg
2001.12.19 15:44 B C:\My Documents\WebSite\Photos\LaCrosse\LCQ_Giustina.jpg --> home.tampabay.rr.com /Photos/LaCrosse LCQ_Giustina.jpg
2001.12.19 15:44 B C:\My Documents\WebSite\Photos\LaCrosse\LCQ_Locks.jpg --> home.tampabay.rr.com /Photos/LaCrosse LCQ_Locks.jpg
2001.12.19 15:44 B C:\My Documents\WebSite\Photos\LaCrosse\LCQ_MississippiTrain.jpg --> home.tampabay.rr.com /Photos/LaCrosse LCQ_MississippiTrain.jpg
2001.12.19 15:44 B C:\My Documents\WebSite\Photos\LaCrosse\Mississippi_1.jpg --> home.tampabay.rr.com /Photos/LaCrosse Mississippi_1.jpg
2001.12.19 15:44 B C:\My Documents\WebSite\Photos\LaCrosse\Mississippi_3.jpg --> home.tampabay.rr.com /Photos/LaCrosse Mississippi_3.jpg
2001.12.19 15:44 B C:\My Documents\WebSite\Photos\LaCrosse\Mississippi_4.jpg --> home.tampabay.rr.com /Photos/LaCrosse Mississippi_4.jpg
2001.12.19 15:44 B C:\My Documents\WebSite\Photos\LaCrosse\Mississippi_5.jpg --> home.tampabay.rr.com /Photos/LaCrosse Mississippi_5.jpg
2001.12.19 15:44 B C:\My Documents\WebSite\Photos\LaCrosse\Mississippi_Giustina.jpg --> home.tampabay.rr.com /Photos/LaCrosse Mississippi_Giustina.jpg
2001.12.19 15:44 B C:\My Documents\WebSite\Photos\LaCrosse\Mississippi_Joe.jpg --> home.tampabay.rr.com /Photos/LaCrosse Mississippi_Joe.jpg
2001.12.19 15:44 B C:\My Documents\WebSite\Photos\LaCrosse\RV.jpg --> home.tampabay.rr.com /Photos/LaCrosse RV.jpg
2001.12.19 15:44 B C:\My Documents\WebSite\Photos\LaCrosse\WS_FTP.LOG --> home.tampabay.rr.com /Photos/LaCrosse WS_FTP.LOG
