2000.11.25 12:25 B C:\My Documents\WebSite\Photos\Idaho\ShoshoneFalls_River.jpg --> upload.att.net /joesolano/Photos/Idaho ShoshoneFalls_River.jpg
2000.11.25 12:25 B C:\My Documents\WebSite\Photos\Idaho\ShoshoneFalls_Intro.jpg --> upload.att.net /joesolano/Photos/Idaho ShoshoneFalls_Intro.jpg
2000.11.25 12:25 B C:\My Documents\WebSite\Photos\Idaho\ShoshoneFalls_Falls.jpg --> upload.att.net /joesolano/Photos/Idaho ShoshoneFalls_Falls.jpg
2000.11.25 12:25 B C:\My Documents\WebSite\Photos\Idaho\Rainbow.jpg --> upload.att.net /joesolano/Photos/Idaho Rainbow.jpg
2000.11.25 12:25 B C:\My Documents\WebSite\Photos\Idaho\LittleSalmonRiverMountains.jpg --> upload.att.net /joesolano/Photos/Idaho LittleSalmonRiverMountains.jpg
2000.11.25 12:25 B C:\My Documents\WebSite\Photos\Idaho\LittleSalmonRiverCampground.jpg --> upload.att.net /joesolano/Photos/Idaho LittleSalmonRiverCampground.jpg
2000.11.25 12:25 B C:\My Documents\WebSite\Photos\Idaho\LittleSalmonRiver.jpg --> upload.att.net /joesolano/Photos/Idaho LittleSalmonRiver.jpg
2000.11.25 12:26 B C:\My Documents\WebSite\Photos\Idaho\IdahoSunset.jpg --> upload.att.net /joesolano/Photos/Idaho IdahoSunset.jpg
2000.11.25 12:26 B C:\My Documents\WebSite\Photos\Idaho\COM_Tree.jpg --> upload.att.net /joesolano/Photos/Idaho COM_Tree.jpg
2000.11.25 12:26 B C:\My Documents\WebSite\Photos\Idaho\COM_Lava.jpg --> upload.att.net /joesolano/Photos/Idaho COM_Lava.jpg
2000.11.25 12:26 B C:\My Documents\WebSite\Photos\Idaho\COM_Giustina.jpg --> upload.att.net /joesolano/Photos/Idaho COM_Giustina.jpg
2000.11.25 12:26 B C:\My Documents\WebSite\Photos\Idaho\COM_CratersOfTheMoon_Intro.jpg --> upload.att.net /joesolano/Photos/Idaho COM_CratersOfTheMoon_Intro.jpg
2000.11.25 12:26 B C:\My Documents\WebSite\Photos\Idaho\COM_AshViewMountains.jpg --> upload.att.net /joesolano/Photos/Idaho COM_AshViewMountains.jpg
2000.11.25 12:26 B C:\My Documents\WebSite\Photos\Idaho\COM_AshHillViewCar.jpg --> upload.att.net /joesolano/Photos/Idaho COM_AshHillViewCar.jpg
2000.11.25 12:26 B C:\My Documents\WebSite\Photos\Idaho\COM_AshHill.jpg --> upload.att.net /joesolano/Photos/Idaho COM_AshHill.jpg
2001.12.19 15:43 B C:\My Documents\WebSite\Photos\Idaho\COM_AshHill.jpg --> home.tampabay.rr.com /Photos/Idaho COM_AshHill.jpg
2001.12.19 15:43 B C:\My Documents\WebSite\Photos\Idaho\COM_AshHillViewCar.jpg --> home.tampabay.rr.com /Photos/Idaho COM_AshHillViewCar.jpg
2001.12.19 15:43 B C:\My Documents\WebSite\Photos\Idaho\COM_AshViewMountains.jpg --> home.tampabay.rr.com /Photos/Idaho COM_AshViewMountains.jpg
2001.12.19 15:43 B C:\My Documents\WebSite\Photos\Idaho\COM_CratersOfTheMoon_Intro.jpg --> home.tampabay.rr.com /Photos/Idaho COM_CratersOfTheMoon_Intro.jpg
2001.12.19 15:43 B C:\My Documents\WebSite\Photos\Idaho\COM_Giustina.jpg --> home.tampabay.rr.com /Photos/Idaho COM_Giustina.jpg
2001.12.19 15:43 B C:\My Documents\WebSite\Photos\Idaho\COM_Lava.jpg --> home.tampabay.rr.com /Photos/Idaho COM_Lava.jpg
2001.12.19 15:43 B C:\My Documents\WebSite\Photos\Idaho\COM_Tree.jpg --> home.tampabay.rr.com /Photos/Idaho COM_Tree.jpg
2001.12.19 15:43 B C:\My Documents\WebSite\Photos\Idaho\IdahoSunset.jpg --> home.tampabay.rr.com /Photos/Idaho IdahoSunset.jpg
2001.12.19 15:43 B C:\My Documents\WebSite\Photos\Idaho\LittleSalmonRiver.jpg --> home.tampabay.rr.com /Photos/Idaho LittleSalmonRiver.jpg
2001.12.19 15:43 B C:\My Documents\WebSite\Photos\Idaho\LittleSalmonRiverCampground.jpg --> home.tampabay.rr.com /Photos/Idaho LittleSalmonRiverCampground.jpg
2001.12.19 15:43 B C:\My Documents\WebSite\Photos\Idaho\LittleSalmonRiverMountains.jpg --> home.tampabay.rr.com /Photos/Idaho LittleSalmonRiverMountains.jpg
2001.12.19 15:43 B C:\My Documents\WebSite\Photos\Idaho\Rainbow.jpg --> home.tampabay.rr.com /Photos/Idaho Rainbow.jpg
2001.12.19 15:44 B C:\My Documents\WebSite\Photos\Idaho\ShoshoneFalls_Falls.jpg --> home.tampabay.rr.com /Photos/Idaho ShoshoneFalls_Falls.jpg
2001.12.19 15:44 B C:\My Documents\WebSite\Photos\Idaho\ShoshoneFalls_Intro.jpg --> home.tampabay.rr.com /Photos/Idaho ShoshoneFalls_Intro.jpg
2001.12.19 15:44 B C:\My Documents\WebSite\Photos\Idaho\ShoshoneFalls_River.jpg --> home.tampabay.rr.com /Photos/Idaho ShoshoneFalls_River.jpg
2001.12.19 15:44 B C:\My Documents\WebSite\Photos\Idaho\WS_FTP.LOG --> home.tampabay.rr.com /Photos/Idaho WS_FTP.LOG
