2000.12.21 23:48 B C:\My Documents\WebSite\Photos\Arizona\SunsetCraterVolcano.jpg --> upload.att.net /joesolano/Photos/Arizona SunsetCraterVolcano.jpg
2000.12.21 23:48 B C:\My Documents\WebSite\Photos\Arizona\PetrifiedForest_RV.jpg --> upload.att.net /joesolano/Photos/Arizona PetrifiedForest_RV.jpg
2000.12.21 23:48 B C:\My Documents\WebSite\Photos\Arizona\PetrifiedForest_PaintedDesert2.jpg --> upload.att.net /joesolano/Photos/Arizona PetrifiedForest_PaintedDesert2.jpg
2000.12.21 23:48 B C:\My Documents\WebSite\Photos\Arizona\PetrifiedForest_PaintedDesert.jpg --> upload.att.net /joesolano/Photos/Arizona PetrifiedForest_PaintedDesert.jpg
2000.12.21 23:48 B C:\My Documents\WebSite\Photos\Arizona\PetrifiedForest_LotsOfLogs.jpg --> upload.att.net /joesolano/Photos/Arizona PetrifiedForest_LotsOfLogs.jpg
2000.12.21 23:49 B C:\My Documents\WebSite\Photos\Arizona\PetrifiedForest_logs2.jpg --> upload.att.net /joesolano/Photos/Arizona PetrifiedForest_logs2.jpg
2000.12.21 23:49 B C:\My Documents\WebSite\Photos\Arizona\PetrifiedForest_logs.jpg --> upload.att.net /joesolano/Photos/Arizona PetrifiedForest_logs.jpg
2000.12.21 23:49 B C:\My Documents\WebSite\Photos\Arizona\PetrifiedForest_LogGiustina.jpg --> upload.att.net /joesolano/Photos/Arizona PetrifiedForest_LogGiustina.jpg
2000.12.21 23:49 B C:\My Documents\WebSite\Photos\Arizona\PetrifiedForest_Intro.jpg --> upload.att.net /joesolano/Photos/Arizona PetrifiedForest_Intro.jpg
2000.12.21 23:49 B C:\My Documents\WebSite\Photos\Arizona\PetrifiedForest_ColorLog2.jpg --> upload.att.net /joesolano/Photos/Arizona PetrifiedForest_ColorLog2.jpg
2000.12.21 23:49 B C:\My Documents\WebSite\Photos\Arizona\PetrifiedForest_ColorLog.jpg --> upload.att.net /joesolano/Photos/Arizona PetrifiedForest_ColorLog.jpg
2000.12.21 23:49 B C:\My Documents\WebSite\Photos\Arizona\MeteorCraterMiddle.jpg --> upload.att.net /joesolano/Photos/Arizona MeteorCraterMiddle.jpg
2000.12.21 23:50 B C:\My Documents\WebSite\Photos\Arizona\MeteorCraterLeft.jpg --> upload.att.net /joesolano/Photos/Arizona MeteorCraterLeft.jpg
2000.12.21 23:50 B C:\My Documents\WebSite\Photos\Arizona\MeteorCrater_Meteor.jpg --> upload.att.net /joesolano/Photos/Arizona MeteorCrater_Meteor.jpg
2000.12.21 23:50 B C:\My Documents\WebSite\Photos\Arizona\MeteorCrater_Intro.jpg --> upload.att.net /joesolano/Photos/Arizona MeteorCrater_Intro.jpg
2000.12.21 23:50 B C:\My Documents\WebSite\Photos\Arizona\MeteorCrater_HouseRock.jpg --> upload.att.net /joesolano/Photos/Arizona MeteorCrater_HouseRock.jpg
2000.12.21 23:50 B C:\My Documents\WebSite\Photos\Arizona\MeteorCrater_Giustina.jpg --> upload.att.net /joesolano/Photos/Arizona MeteorCrater_Giustina.jpg
2000.12.21 23:50 B C:\My Documents\WebSite\Photos\Arizona\MeteorCrater_AstronautFlag.jpg --> upload.att.net /joesolano/Photos/Arizona MeteorCrater_AstronautFlag.jpg
2000.12.22 00:03 B C:\My Documents\WebSite\Photos\Arizona\WS_FTP.LOG --> upload.att.net /joesolano/Photos/Arizona WS_FTP.LOG
2000.12.22 00:03 B C:\My Documents\WebSite\Photos\Arizona\SunsetCraterVolcano.jpg --> upload.att.net /joesolano/Photos/Arizona SunsetCraterVolcano.jpg
2000.12.22 00:03 B C:\My Documents\WebSite\Photos\Arizona\PetrifiedForest_RV.jpg --> upload.att.net /joesolano/Photos/Arizona PetrifiedForest_RV.jpg
2000.12.22 00:03 B C:\My Documents\WebSite\Photos\Arizona\PetrifiedForest_PaintedDesert2.jpg --> upload.att.net /joesolano/Photos/Arizona PetrifiedForest_PaintedDesert2.jpg
2000.12.22 00:03 B C:\My Documents\WebSite\Photos\Arizona\PetrifiedForest_PaintedDesert.jpg --> upload.att.net /joesolano/Photos/Arizona PetrifiedForest_PaintedDesert.jpg
2000.12.22 00:03 B C:\My Documents\WebSite\Photos\Arizona\PetrifiedForest_LotsOfLogs.jpg --> upload.att.net /joesolano/Photos/Arizona PetrifiedForest_LotsOfLogs.jpg
2000.12.22 00:03 B C:\My Documents\WebSite\Photos\Arizona\PetrifiedForest_logs2.jpg --> upload.att.net /joesolano/Photos/Arizona PetrifiedForest_logs2.jpg
2000.12.22 00:04 B C:\My Documents\WebSite\Photos\Arizona\PetrifiedForest_logs.jpg --> upload.att.net /joesolano/Photos/Arizona PetrifiedForest_logs.jpg
2000.12.22 00:04 B C:\My Documents\WebSite\Photos\Arizona\PetrifiedForest_LogGiustina.jpg --> upload.att.net /joesolano/Photos/Arizona PetrifiedForest_LogGiustina.jpg
2000.12.22 00:04 B C:\My Documents\WebSite\Photos\Arizona\PetrifiedForest_Intro.jpg --> upload.att.net /joesolano/Photos/Arizona PetrifiedForest_Intro.jpg
2000.12.22 00:04 B C:\My Documents\WebSite\Photos\Arizona\PetrifiedForest_ColorLog2.jpg --> upload.att.net /joesolano/Photos/Arizona PetrifiedForest_ColorLog2.jpg
2000.12.22 00:04 B C:\My Documents\WebSite\Photos\Arizona\PetrifiedForest_ColorLog.jpg --> upload.att.net /joesolano/Photos/Arizona PetrifiedForest_ColorLog.jpg
2000.12.22 00:04 B C:\My Documents\WebSite\Photos\Arizona\MeteorCraterMiddle.jpg --> upload.att.net /joesolano/Photos/Arizona MeteorCraterMiddle.jpg
2000.12.22 00:04 B C:\My Documents\WebSite\Photos\Arizona\MeteorCraterLeft.jpg --> upload.att.net /joesolano/Photos/Arizona MeteorCraterLeft.jpg
2000.12.22 00:04 B C:\My Documents\WebSite\Photos\Arizona\MeteorCrater_Meteor.jpg --> upload.att.net /joesolano/Photos/Arizona MeteorCrater_Meteor.jpg
2000.12.22 00:05 B C:\My Documents\WebSite\Photos\Arizona\MeteorCrater_Intro.jpg --> upload.att.net /joesolano/Photos/Arizona MeteorCrater_Intro.jpg
2000.12.22 00:05 B C:\My Documents\WebSite\Photos\Arizona\MeteorCrater_HouseRock.jpg --> upload.att.net /joesolano/Photos/Arizona MeteorCrater_HouseRock.jpg
2000.12.22 00:05 B C:\My Documents\WebSite\Photos\Arizona\MeteorCrater_Giustina.jpg --> upload.att.net /joesolano/Photos/Arizona MeteorCrater_Giustina.jpg
2000.12.22 00:05 B C:\My Documents\WebSite\Photos\Arizona\MeteorCrater_AstronautFlag.jpg --> upload.att.net /joesolano/Photos/Arizona MeteorCrater_AstronautFlag.jpg
2001.12.19 15:41 B C:\My Documents\WebSite\Photos\Arizona\MeteorCrater_AstronautFlag.jpg --> home.tampabay.rr.com /Photos/Arizona MeteorCrater_AstronautFlag.jpg
2001.12.19 15:41 B C:\My Documents\WebSite\Photos\Arizona\MeteorCrater_Giustina.jpg --> home.tampabay.rr.com /Photos/Arizona MeteorCrater_Giustina.jpg
2001.12.19 15:41 B C:\My Documents\WebSite\Photos\Arizona\MeteorCrater_HouseRock.jpg --> home.tampabay.rr.com /Photos/Arizona MeteorCrater_HouseRock.jpg
2001.12.19 15:41 B C:\My Documents\WebSite\Photos\Arizona\MeteorCrater_Intro.jpg --> home.tampabay.rr.com /Photos/Arizona MeteorCrater_Intro.jpg
2001.12.19 15:41 B C:\My Documents\WebSite\Photos\Arizona\MeteorCrater_Meteor.jpg --> home.tampabay.rr.com /Photos/Arizona MeteorCrater_Meteor.jpg
2001.12.19 15:41 B C:\My Documents\WebSite\Photos\Arizona\MeteorCraterLeft.jpg --> home.tampabay.rr.com /Photos/Arizona MeteorCraterLeft.jpg
2001.12.19 15:41 B C:\My Documents\WebSite\Photos\Arizona\MeteorCraterMiddle.jpg --> home.tampabay.rr.com /Photos/Arizona MeteorCraterMiddle.jpg
2001.12.19 15:41 B C:\My Documents\WebSite\Photos\Arizona\PetrifiedForest_ColorLog.jpg --> home.tampabay.rr.com /Photos/Arizona PetrifiedForest_ColorLog.jpg
2001.12.19 15:41 B C:\My Documents\WebSite\Photos\Arizona\PetrifiedForest_ColorLog2.jpg --> home.tampabay.rr.com /Photos/Arizona PetrifiedForest_ColorLog2.jpg
2001.12.19 15:41 B C:\My Documents\WebSite\Photos\Arizona\PetrifiedForest_Intro.jpg --> home.tampabay.rr.com /Photos/Arizona PetrifiedForest_Intro.jpg
2001.12.19 15:41 B C:\My Documents\WebSite\Photos\Arizona\PetrifiedForest_LogGiustina.jpg --> home.tampabay.rr.com /Photos/Arizona PetrifiedForest_LogGiustina.jpg
2001.12.19 15:41 B C:\My Documents\WebSite\Photos\Arizona\PetrifiedForest_logs.jpg --> home.tampabay.rr.com /Photos/Arizona PetrifiedForest_logs.jpg
2001.12.19 15:41 B C:\My Documents\WebSite\Photos\Arizona\PetrifiedForest_logs2.jpg --> home.tampabay.rr.com /Photos/Arizona PetrifiedForest_logs2.jpg
2001.12.19 15:41 B C:\My Documents\WebSite\Photos\Arizona\PetrifiedForest_LotsOfLogs.jpg --> home.tampabay.rr.com /Photos/Arizona PetrifiedForest_LotsOfLogs.jpg
2001.12.19 15:42 B C:\My Documents\WebSite\Photos\Arizona\PetrifiedForest_PaintedDesert.jpg --> home.tampabay.rr.com /Photos/Arizona PetrifiedForest_PaintedDesert.jpg
2001.12.19 15:42 B C:\My Documents\WebSite\Photos\Arizona\PetrifiedForest_PaintedDesert2.jpg --> home.tampabay.rr.com /Photos/Arizona PetrifiedForest_PaintedDesert2.jpg
2001.12.19 15:42 B C:\My Documents\WebSite\Photos\Arizona\PetrifiedForest_RV.jpg --> home.tampabay.rr.com /Photos/Arizona PetrifiedForest_RV.jpg
2001.12.19 15:42 B C:\My Documents\WebSite\Photos\Arizona\SunsetCraterVolcano.jpg --> home.tampabay.rr.com /Photos/Arizona SunsetCraterVolcano.jpg
2001.12.19 15:42 B C:\My Documents\WebSite\Photos\Arizona\WS_FTP.LOG --> home.tampabay.rr.com /Photos/Arizona WS_FTP.LOG
