2000.09.19 22:43 B C:\My Documents\WebSite\Photos\NiagaraFalls\DockingArea.jpg --> upload.att.net /joesolano/Photos/NiagaraFalls DockingArea.jpg
2000.09.19 22:43 B C:\My Documents\WebSite\Photos\NiagaraFalls\Falls.jpg --> upload.att.net /joesolano/Photos/NiagaraFalls Falls.jpg
2000.09.19 22:43 B C:\My Documents\WebSite\Photos\NiagaraFalls\Falls2.jpg --> upload.att.net /joesolano/Photos/NiagaraFalls Falls2.jpg
2000.09.19 23:04 B C:\My Documents\WebSite\Photos\NiagaraFalls\FallsVideo.avi --> upload.att.net /joesolano/Photos/NiagaraFalls FallsVideo.avi
2000.09.19 23:04 B C:\My Documents\WebSite\Photos\NiagaraFalls\FullFalls.jpg --> upload.att.net /joesolano/Photos/NiagaraFalls FullFalls.jpg
2000.09.19 23:04 B C:\My Documents\WebSite\Photos\NiagaraFalls\GiustinaFalls.jpg --> upload.att.net /joesolano/Photos/NiagaraFalls GiustinaFalls.jpg
2000.09.19 23:04 B C:\My Documents\WebSite\Photos\NiagaraFalls\JoeAndGiustinaByFalls.jpg --> upload.att.net /joesolano/Photos/NiagaraFalls JoeAndGiustinaByFalls.jpg
2000.09.19 23:05 B C:\My Documents\WebSite\Photos\NiagaraFalls\NiagaraFallsIntro.jpg --> upload.att.net /joesolano/Photos/NiagaraFalls NiagaraFallsIntro.jpg
2000.09.19 23:05 B C:\My Documents\WebSite\Photos\NiagaraFalls\PassengerBoat.jpg --> upload.att.net /joesolano/Photos/NiagaraFalls PassengerBoat.jpg
2000.09.19 23:05 B C:\My Documents\WebSite\Photos\NiagaraFalls\Steeple.jpg --> upload.att.net /joesolano/Photos/NiagaraFalls Steeple.jpg
2000.09.19 23:05 B C:\My Documents\WebSite\Photos\NiagaraFalls\TopofFalls.jpg --> upload.att.net /joesolano/Photos/NiagaraFalls TopofFalls.jpg
2001.12.19 15:46 B C:\My Documents\WebSite\Photos\NiagaraFalls\DockingArea.jpg --> home.tampabay.rr.com /Photos/NiagaraFalls DockingArea.jpg
2001.12.19 15:46 B C:\My Documents\WebSite\Photos\NiagaraFalls\Falls.jpg --> home.tampabay.rr.com /Photos/NiagaraFalls Falls.jpg
2001.12.19 15:46 B C:\My Documents\WebSite\Photos\NiagaraFalls\Falls2.jpg --> home.tampabay.rr.com /Photos/NiagaraFalls Falls2.jpg
2001.12.19 15:46 B C:\My Documents\WebSite\Photos\NiagaraFalls\FullFalls.jpg --> home.tampabay.rr.com /Photos/NiagaraFalls FullFalls.jpg
2001.12.19 15:46 B C:\My Documents\WebSite\Photos\NiagaraFalls\GiustinaFalls.jpg --> home.tampabay.rr.com /Photos/NiagaraFalls GiustinaFalls.jpg
2001.12.19 15:46 B C:\My Documents\WebSite\Photos\NiagaraFalls\JoeAndGiustinaByFalls.jpg --> home.tampabay.rr.com /Photos/NiagaraFalls JoeAndGiustinaByFalls.jpg
2001.12.19 15:46 B C:\My Documents\WebSite\Photos\NiagaraFalls\NiagaraFallsIntro.jpg --> home.tampabay.rr.com /Photos/NiagaraFalls NiagaraFallsIntro.jpg
2001.12.19 15:46 B C:\My Documents\WebSite\Photos\NiagaraFalls\PassengerBoat.jpg --> home.tampabay.rr.com /Photos/NiagaraFalls PassengerBoat.jpg
2001.12.19 15:46 B C:\My Documents\WebSite\Photos\NiagaraFalls\Steeple.jpg --> home.tampabay.rr.com /Photos/NiagaraFalls Steeple.jpg
2001.12.19 15:46 B C:\My Documents\WebSite\Photos\NiagaraFalls\TopofFalls.jpg --> home.tampabay.rr.com /Photos/NiagaraFalls TopofFalls.jpg
2001.12.19 15:46 B C:\My Documents\WebSite\Photos\NiagaraFalls\WS_FTP.LOG --> home.tampabay.rr.com /Photos/NiagaraFalls WS_FTP.LOG
