2000.12.22 00:37 B C:\My Documents\WebSite\Photos\NewMexico\VeryLargeArray.jpg --> upload.att.net /joesolano/Photos/NewMexico VeryLargeArray.jpg
2000.12.22 00:37 B C:\My Documents\WebSite\Photos\NewMexico\RoswellUFOMuseum.jpg --> upload.att.net /joesolano/Photos/NewMexico RoswellUFOMuseum.jpg
2000.12.22 00:37 B C:\My Documents\WebSite\Photos\NewMexico\ChristmasOnThePecos_Tree.jpg --> upload.att.net /joesolano/Photos/NewMexico ChristmasOnThePecos_Tree.jpg
2000.12.22 00:37 B C:\My Documents\WebSite\Photos\NewMexico\ChristmasOnThePecos_Intro.jpg --> upload.att.net /joesolano/Photos/NewMexico ChristmasOnThePecos_Intro.jpg
2000.12.22 00:37 B C:\My Documents\WebSite\Photos\NewMexico\ChristmasOnThePecos_HappyHolidays.jpg --> upload.att.net /joesolano/Photos/NewMexico ChristmasOnThePecos_HappyHolidays.jpg
2000.12.22 00:37 B C:\My Documents\WebSite\Photos\NewMexico\ChristmasOnThePecos_Boat.jpg --> upload.att.net /joesolano/Photos/NewMexico ChristmasOnThePecos_Boat.jpg
2000.12.22 00:37 B C:\My Documents\WebSite\Photos\NewMexico\CarlsbadCaverns_Intro.jpg --> upload.att.net /joesolano/Photos/NewMexico CarlsbadCaverns_Intro.jpg
2000.12.22 00:37 B C:\My Documents\WebSite\Photos\NewMexico\CarlsbadCaverns_Entrance2.jpg --> upload.att.net /joesolano/Photos/NewMexico CarlsbadCaverns_Entrance2.jpg
2000.12.22 00:38 B C:\My Documents\WebSite\Photos\NewMexico\CarlsbadCaverns_Entrance.jpg --> upload.att.net /joesolano/Photos/NewMexico CarlsbadCaverns_Entrance.jpg
2000.12.22 00:38 B C:\My Documents\WebSite\Photos\NewMexico\CarlsbadCaverns_BreastOfVenus.jpg --> upload.att.net /joesolano/Photos/NewMexico CarlsbadCaverns_BreastOfVenus.jpg
2000.12.22 00:38 B C:\My Documents\WebSite\Photos\NewMexico\CarlsbadCaverns_4.jpg --> upload.att.net /joesolano/Photos/NewMexico CarlsbadCaverns_4.jpg
2000.12.22 00:38 B C:\My Documents\WebSite\Photos\NewMexico\CarlsbadCaverns_3.jpg --> upload.att.net /joesolano/Photos/NewMexico CarlsbadCaverns_3.jpg
2000.12.22 00:38 B C:\My Documents\WebSite\Photos\NewMexico\CarlsbadCaverns_2.jpg --> upload.att.net /joesolano/Photos/NewMexico CarlsbadCaverns_2.jpg
2000.12.22 00:38 B C:\My Documents\WebSite\Photos\NewMexico\CarlsbadCaverns_1.jpg --> upload.att.net /joesolano/Photos/NewMexico CarlsbadCaverns_1.jpg
2001.12.19 15:45 B C:\My Documents\WebSite\Photos\NewMexico\CarlsbadCaverns_1.jpg --> home.tampabay.rr.com /Photos/NewMexico CarlsbadCaverns_1.jpg
2001.12.19 15:45 B C:\My Documents\WebSite\Photos\NewMexico\CarlsbadCaverns_2.jpg --> home.tampabay.rr.com /Photos/NewMexico CarlsbadCaverns_2.jpg
2001.12.19 15:45 B C:\My Documents\WebSite\Photos\NewMexico\CarlsbadCaverns_3.jpg --> home.tampabay.rr.com /Photos/NewMexico CarlsbadCaverns_3.jpg
2001.12.19 15:45 B C:\My Documents\WebSite\Photos\NewMexico\CarlsbadCaverns_4.jpg --> home.tampabay.rr.com /Photos/NewMexico CarlsbadCaverns_4.jpg
2001.12.19 15:45 B C:\My Documents\WebSite\Photos\NewMexico\CarlsbadCaverns_BreastOfVenus.jpg --> home.tampabay.rr.com /Photos/NewMexico CarlsbadCaverns_BreastOfVenus.jpg
2001.12.19 15:45 B C:\My Documents\WebSite\Photos\NewMexico\CarlsbadCaverns_Entrance.jpg --> home.tampabay.rr.com /Photos/NewMexico CarlsbadCaverns_Entrance.jpg
2001.12.19 15:45 B C:\My Documents\WebSite\Photos\NewMexico\CarlsbadCaverns_Entrance2.jpg --> home.tampabay.rr.com /Photos/NewMexico CarlsbadCaverns_Entrance2.jpg
2001.12.19 15:45 B C:\My Documents\WebSite\Photos\NewMexico\CarlsbadCaverns_Intro.jpg --> home.tampabay.rr.com /Photos/NewMexico CarlsbadCaverns_Intro.jpg
2001.12.19 15:45 B C:\My Documents\WebSite\Photos\NewMexico\ChristmasOnThePecos_Boat.jpg --> home.tampabay.rr.com /Photos/NewMexico ChristmasOnThePecos_Boat.jpg
2001.12.19 15:45 B C:\My Documents\WebSite\Photos\NewMexico\ChristmasOnThePecos_HappyHolidays.jpg --> home.tampabay.rr.com /Photos/NewMexico ChristmasOnThePecos_HappyHolidays.jpg
2001.12.19 15:45 B C:\My Documents\WebSite\Photos\NewMexico\ChristmasOnThePecos_Intro.jpg --> home.tampabay.rr.com /Photos/NewMexico ChristmasOnThePecos_Intro.jpg
2001.12.19 15:45 B C:\My Documents\WebSite\Photos\NewMexico\ChristmasOnThePecos_Tree.jpg --> home.tampabay.rr.com /Photos/NewMexico ChristmasOnThePecos_Tree.jpg
2001.12.19 15:45 B C:\My Documents\WebSite\Photos\NewMexico\RoswellUFOMuseum.jpg --> home.tampabay.rr.com /Photos/NewMexico RoswellUFOMuseum.jpg
2001.12.19 15:45 B C:\My Documents\WebSite\Photos\NewMexico\VeryLargeArray.jpg --> home.tampabay.rr.com /Photos/NewMexico VeryLargeArray.jpg
2001.12.19 15:45 B C:\My Documents\WebSite\Photos\NewMexico\WS_FTP.LOG --> home.tampabay.rr.com /Photos/NewMexico WS_FTP.LOG
