2000.08.18 11:03 B C:\My Documents\WebSite_ATT\images\giustina.jpg --> upload.att.net /joesolano/images giustina.jpg
2000.08.18 11:03 B C:\My Documents\WebSite_ATT\images\joe.jpg --> upload.att.net /joesolano/images joe.jpg
2000.08.18 11:03 B C:\My Documents\WebSite_ATT\images\PlaceHolder.gif --> upload.att.net /joesolano/images PlaceHolder.gif
2000.08.18 11:03 B C:\My Documents\WebSite_ATT\images\TopBorder.gif --> upload.att.net /joesolano/images TopBorder.gif
2000.08.18 11:03 B C:\My Documents\WebSite_ATT\images\TopLeftBorder.GIF --> upload.att.net /joesolano/images TopLeftBorder.GIF
2000.08.21 23:54 B C:\My Documents\WebSite_ATT\images\Homepage.jpg --> upload.att.net /joesolano/images Homepage.jpg
2000.08.21 23:54 B C:\My Documents\WebSite_ATT\images\Homepage2.jpg --> upload.att.net /joesolano/images Homepage2.jpg
2000.08.21 23:54 B C:\My Documents\WebSite_ATT\images\Logo2.gif --> upload.att.net /joesolano/images Logo2.gif
2000.08.21 23:54 B C:\My Documents\WebSite_ATT\images\WS_FTP.LOG --> upload.att.net /joesolano/images WS_FTP.LOG
2000.08.22 00:12 B C:\My Documents\WebSite_ATT\images\giustina.jpg --> upload.att.net /joesolano/images giustina.jpg
2000.08.22 00:12 B C:\My Documents\WebSite_ATT\images\Homepage.jpg --> upload.att.net /joesolano/images Homepage.jpg
2000.08.22 00:13 B C:\My Documents\WebSite_ATT\images\Homepage2.jpg --> upload.att.net /joesolano/images Homepage2.jpg
2000.08.22 00:13 B C:\My Documents\WebSite_ATT\images\joe.jpg --> upload.att.net /joesolano/images joe.jpg
2000.08.22 00:13 B C:\My Documents\WebSite_ATT\images\Logo2.gif --> upload.att.net /joesolano/images Logo2.gif
2000.08.22 00:13 B C:\My Documents\WebSite_ATT\images\PlaceHolder.gif --> upload.att.net /joesolano/images PlaceHolder.gif
2000.08.22 00:13 B C:\My Documents\WebSite_ATT\images\TopBorder.gif --> upload.att.net /joesolano/images TopBorder.gif
2000.08.22 00:13 B C:\My Documents\WebSite_ATT\images\TopLeftBorder.GIF --> upload.att.net /joesolano/images TopLeftBorder.GIF
2000.08.22 00:13 B C:\My Documents\WebSite_ATT\images\WS_FTP.LOG --> upload.att.net /joesolano/images WS_FTP.LOG
2000.09.19 22:40 B C:\My Documents\WebSite\images\giustina.jpg --> upload.att.net /joesolano/images giustina.jpg
2000.09.19 22:41 B C:\My Documents\WebSite\images\Homepage.jpg --> upload.att.net /joesolano/images Homepage.jpg
2000.09.19 22:41 B C:\My Documents\WebSite\images\Homepage2.jpg --> upload.att.net /joesolano/images Homepage2.jpg
2000.09.19 22:42 B C:\My Documents\WebSite\images\Homepage3.jpg --> upload.att.net /joesolano/images Homepage3.jpg
2000.09.19 22:42 B C:\My Documents\WebSite\images\joe.jpg --> upload.att.net /joesolano/images joe.jpg
2000.09.19 22:42 B C:\My Documents\WebSite\images\Logo3.gif --> upload.att.net /joesolano/images Logo3.gif
2000.09.19 22:42 B C:\My Documents\WebSite\images\MapEndIcon.gif --> upload.att.net /joesolano/images MapEndIcon.gif
2000.09.19 22:42 B C:\My Documents\WebSite\images\MapStartIcon.gif --> upload.att.net /joesolano/images MapStartIcon.gif
2000.09.19 22:42 B C:\My Documents\WebSite\images\PlaceHolder.gif --> upload.att.net /joesolano/images PlaceHolder.gif
2000.09.19 22:42 B C:\My Documents\WebSite\images\TopBorder.gif --> upload.att.net /joesolano/images TopBorder.gif
2000.09.19 22:42 B C:\My Documents\WebSite\images\TopLeftBorder.GIF --> upload.att.net /joesolano/images TopLeftBorder.GIF
2000.09.19 22:42 B C:\My Documents\WebSite\images\WS_FTP.LOG --> upload.att.net /joesolano/images WS_FTP.LOG
2000.10.26 20:38 B C:\My Documents\WebSite\images\Homepage4.jpg --> upload.att.net /joesolano/images Homepage4.jpg
2000.10.30 01:25 B C:\My Documents\WebSite\images\Homepage5.jpg --> upload.att.net /joesolano/images Homepage5.jpg
2000.11.25 12:24 B C:\My Documents\WebSite\images\Homepage6.jpg --> upload.att.net /joesolano/images Homepage6.jpg
2000.12.21 23:47 B C:\My Documents\WebSite\images\Homepage7.jpg --> upload.att.net /joesolano/images Homepage7.jpg
2000.12.22 00:01 B C:\My Documents\WebSite\images\Homepage7.jpg --> upload.att.net /joesolano/images Homepage7.jpg
2001.12.19 15:40 B C:\My Documents\WebSite\images\giustina.jpg --> home.tampabay.rr.com /images giustina.jpg
2001.12.19 15:40 B C:\My Documents\WebSite\images\Homepage7.jpg --> home.tampabay.rr.com /images Homepage7.jpg
2001.12.19 15:40 B C:\My Documents\WebSite\images\joe.jpg --> home.tampabay.rr.com /images joe.jpg
2001.12.19 15:40 B C:\My Documents\WebSite\images\Logo3.gif --> home.tampabay.rr.com /images Logo3.gif
2001.12.19 15:40 B C:\My Documents\WebSite\images\MapEndIcon.gif --> home.tampabay.rr.com /images MapEndIcon.gif
2001.12.19 15:41 B C:\My Documents\WebSite\images\MapStartIcon.gif --> home.tampabay.rr.com /images MapStartIcon.gif
2001.12.19 15:41 B C:\My Documents\WebSite\images\PlaceHolder.gif --> home.tampabay.rr.com /images PlaceHolder.gif
2001.12.19 15:41 B C:\My Documents\WebSite\images\TopBorder.gif --> home.tampabay.rr.com /images TopBorder.gif
2001.12.19 15:41 B C:\My Documents\WebSite\images\TopLeftBorder.GIF --> home.tampabay.rr.com /images TopLeftBorder.GIF
2001.12.19 15:41 B C:\My Documents\WebSite\images\WS_FTP.LOG --> home.tampabay.rr.com /images WS_FTP.LOG
2001.12.19 16:25 B C:\My Documents\WebSite\images\giustina.jpg --> solano.topcities.com /images giustina.jpg
2001.12.19 16:26 B C:\My Documents\WebSite\images\Homepage7.jpg --> solano.topcities.com /images Homepage7.jpg
2001.12.19 16:27 B C:\My Documents\WebSite\images\joe.jpg --> solano.topcities.com /images joe.jpg
2001.12.19 16:27 B C:\My Documents\WebSite\images\Logo3.gif --> solano.topcities.com /images Logo3.gif
2001.12.19 16:27 B C:\My Documents\WebSite\images\MapEndIcon.gif --> solano.topcities.com /images MapEndIcon.gif
2001.12.19 16:27 B C:\My Documents\WebSite\images\MapStartIcon.gif --> solano.topcities.com /images MapStartIcon.gif
2001.12.19 16:27 B C:\My Documents\WebSite\images\PlaceHolder.gif --> solano.topcities.com /images PlaceHolder.gif
2001.12.19 16:27 B C:\My Documents\WebSite\images\TopBorder.gif --> solano.topcities.com /images TopBorder.gif
2001.12.19 16:27 B C:\My Documents\WebSite\images\TopLeftBorder.GIF --> solano.topcities.com /images TopLeftBorder.GIF
2001.12.19 16:27 B C:\My Documents\WebSite\images\WS_FTP.LOG --> solano.topcities.com /images WS_FTP.LOG
