2000.12.22 00:15 B C:\My Documents\WebSite\Photos\Hollywood\WarnerBros_Intro.jpg --> upload.att.net /joesolano/Photos/Hollywood WarnerBros_Intro.jpg
2000.12.22 00:15 B C:\My Documents\WebSite\Photos\Hollywood\Star_WilliamShatner.jpg --> upload.att.net /joesolano/Photos/Hollywood Star_WilliamShatner.jpg
2000.12.22 00:16 B C:\My Documents\WebSite\Photos\Hollywood\Star_WaltDisney.jpg --> upload.att.net /joesolano/Photos/Hollywood Star_WaltDisney.jpg
2000.12.22 00:16 B C:\My Documents\WebSite\Photos\Hollywood\Star_RobinWilliams.jpg --> upload.att.net /joesolano/Photos/Hollywood Star_RobinWilliams.jpg
2000.12.22 00:16 B C:\My Documents\WebSite\Photos\Hollywood\Star_BillCosby.jpg --> upload.att.net /joesolano/Photos/Hollywood Star_BillCosby.jpg
2000.12.22 00:16 B C:\My Documents\WebSite\Photos\Hollywood\MCT_TomHanks.jpg --> upload.att.net /joesolano/Photos/Hollywood MCT_TomHanks.jpg
2000.12.22 00:16 B C:\My Documents\WebSite\Photos\Hollywood\MCT_RobinWilliams.jpg --> upload.att.net /joesolano/Photos/Hollywood MCT_RobinWilliams.jpg
2000.12.22 00:16 B C:\My Documents\WebSite\Photos\Hollywood\MCT_DonaldDuck.jpg --> upload.att.net /joesolano/Photos/Hollywood MCT_DonaldDuck.jpg
2000.12.22 00:16 B C:\My Documents\WebSite\Photos\Hollywood\MCT_BruceWillis.jpg --> upload.att.net /joesolano/Photos/Hollywood MCT_BruceWillis.jpg
2000.12.22 00:16 B C:\My Documents\WebSite\Photos\Hollywood\MannsChineseTheater.jpg --> upload.att.net /joesolano/Photos/Hollywood MannsChineseTheater.jpg
2000.12.22 00:16 B C:\My Documents\WebSite\Photos\Hollywood\BacklotHouse.jpg --> upload.att.net /joesolano/Photos/Hollywood BacklotHouse.jpg
2000.12.22 00:17 B C:\My Documents\WebSite\Photos\Hollywood\Backlot_Town.jpg --> upload.att.net /joesolano/Photos/Hollywood Backlot_Town.jpg
2000.12.22 00:17 B C:\My Documents\WebSite\Photos\Hollywood\Backlot_Pharmacy.jpg --> upload.att.net /joesolano/Photos/Hollywood Backlot_Pharmacy.jpg
2000.12.22 00:17 B C:\My Documents\WebSite\Photos\Hollywood\Backlot_ERSign.jpg --> upload.att.net /joesolano/Photos/Hollywood Backlot_ERSign.jpg
2000.12.22 00:17 B C:\My Documents\WebSite\Photos\Hollywood\Backlot_EREntranceJoe.jpg --> upload.att.net /joesolano/Photos/Hollywood Backlot_EREntranceJoe.jpg
2000.12.22 00:29 B C:\My Documents\WebSite\Photos\Hollywood\Backlot_EREntranceJoe.jpg --> upload.att.net /joesolano/Photos/Hollywood Backlot_EREntranceJoe.jpg
2000.12.22 00:29 B C:\My Documents\WebSite\Photos\Hollywood\Backlot_EREntrance.jpg --> upload.att.net /joesolano/Photos/Hollywood Backlot_EREntrance.jpg
2000.12.22 00:29 B C:\My Documents\WebSite\Photos\Hollywood\Backlot_ERDocMagoos.jpg --> upload.att.net /joesolano/Photos/Hollywood Backlot_ERDocMagoos.jpg
2000.12.22 00:29 B C:\My Documents\WebSite\Photos\Hollywood\Backlot_ERBasketball.jpg --> upload.att.net /joesolano/Photos/Hollywood Backlot_ERBasketball.jpg
2000.12.22 00:29 B C:\My Documents\WebSite\Photos\Hollywood\BackLot_DukesOfHazzardGazebo.jpg --> upload.att.net /joesolano/Photos/Hollywood BackLot_DukesOfHazzardGazebo.jpg
2000.12.22 00:29 B C:\My Documents\WebSite\Photos\Hollywood\Backlot_DocMagoos.jpg --> upload.att.net /joesolano/Photos/Hollywood Backlot_DocMagoos.jpg
2001.12.19 15:43 B C:\My Documents\WebSite\Photos\Hollywood\Backlot_DocMagoos.jpg --> home.tampabay.rr.com /Photos/Hollywood Backlot_DocMagoos.jpg
2001.12.19 15:43 B C:\My Documents\WebSite\Photos\Hollywood\BackLot_DukesOfHazzardGazebo.jpg --> home.tampabay.rr.com /Photos/Hollywood BackLot_DukesOfHazzardGazebo.jpg
2001.12.19 15:43 B C:\My Documents\WebSite\Photos\Hollywood\Backlot_ERBasketball.jpg --> home.tampabay.rr.com /Photos/Hollywood Backlot_ERBasketball.jpg
2001.12.19 15:43 B C:\My Documents\WebSite\Photos\Hollywood\Backlot_ERDocMagoos.jpg --> home.tampabay.rr.com /Photos/Hollywood Backlot_ERDocMagoos.jpg
2001.12.19 15:43 B C:\My Documents\WebSite\Photos\Hollywood\Backlot_EREntrance.jpg --> home.tampabay.rr.com /Photos/Hollywood Backlot_EREntrance.jpg
2001.12.19 15:43 B C:\My Documents\WebSite\Photos\Hollywood\Backlot_EREntranceJoe.jpg --> home.tampabay.rr.com /Photos/Hollywood Backlot_EREntranceJoe.jpg
2001.12.19 15:43 B C:\My Documents\WebSite\Photos\Hollywood\Backlot_ERSign.jpg --> home.tampabay.rr.com /Photos/Hollywood Backlot_ERSign.jpg
2001.12.19 15:43 B C:\My Documents\WebSite\Photos\Hollywood\Backlot_Pharmacy.jpg --> home.tampabay.rr.com /Photos/Hollywood Backlot_Pharmacy.jpg
2001.12.19 15:43 B C:\My Documents\WebSite\Photos\Hollywood\Backlot_Town.jpg --> home.tampabay.rr.com /Photos/Hollywood Backlot_Town.jpg
2001.12.19 15:43 B C:\My Documents\WebSite\Photos\Hollywood\BacklotHouse.jpg --> home.tampabay.rr.com /Photos/Hollywood BacklotHouse.jpg
2001.12.19 15:43 B C:\My Documents\WebSite\Photos\Hollywood\MannsChineseTheater.jpg --> home.tampabay.rr.com /Photos/Hollywood MannsChineseTheater.jpg
2001.12.19 15:43 B C:\My Documents\WebSite\Photos\Hollywood\MCT_BruceWillis.jpg --> home.tampabay.rr.com /Photos/Hollywood MCT_BruceWillis.jpg
2001.12.19 15:43 B C:\My Documents\WebSite\Photos\Hollywood\MCT_DonaldDuck.jpg --> home.tampabay.rr.com /Photos/Hollywood MCT_DonaldDuck.jpg
2001.12.19 15:43 B C:\My Documents\WebSite\Photos\Hollywood\MCT_RobinWilliams.jpg --> home.tampabay.rr.com /Photos/Hollywood MCT_RobinWilliams.jpg
2001.12.19 15:43 B C:\My Documents\WebSite\Photos\Hollywood\MCT_TomHanks.jpg --> home.tampabay.rr.com /Photos/Hollywood MCT_TomHanks.jpg
2001.12.19 15:43 B C:\My Documents\WebSite\Photos\Hollywood\Star_BillCosby.jpg --> home.tampabay.rr.com /Photos/Hollywood Star_BillCosby.jpg
2001.12.19 15:43 B C:\My Documents\WebSite\Photos\Hollywood\Star_RobinWilliams.jpg --> home.tampabay.rr.com /Photos/Hollywood Star_RobinWilliams.jpg
2001.12.19 15:43 B C:\My Documents\WebSite\Photos\Hollywood\Star_WaltDisney.jpg --> home.tampabay.rr.com /Photos/Hollywood Star_WaltDisney.jpg
2001.12.19 15:43 B C:\My Documents\WebSite\Photos\Hollywood\Star_WilliamShatner.jpg --> home.tampabay.rr.com /Photos/Hollywood Star_WilliamShatner.jpg
2001.12.19 15:43 B C:\My Documents\WebSite\Photos\Hollywood\WarnerBros_Intro.jpg --> home.tampabay.rr.com /Photos/Hollywood WarnerBros_Intro.jpg
2001.12.19 15:43 B C:\My Documents\WebSite\Photos\Hollywood\WS_FTP.LOG --> home.tampabay.rr.com /Photos/Hollywood WS_FTP.LOG
