2000.11.25 12:31 B C:\My Documents\WebSite\Photos\Oregon\Lighthouse.jpg --> upload.att.net /joesolano/Photos/Oregon Lighthouse.jpg
2000.11.25 12:31 B C:\My Documents\WebSite\Photos\Oregon\Sunset_PacificOcean.jpg --> upload.att.net /joesolano/Photos/Oregon Sunset_PacificOcean.jpg
2000.11.25 12:31 B C:\My Documents\WebSite\Photos\Oregon\SeaLionCave_Seals2.jpg --> upload.att.net /joesolano/Photos/Oregon SeaLionCave_Seals2.jpg
2000.11.25 12:31 B C:\My Documents\WebSite\Photos\Oregon\SeaLionCave_Intro.jpg --> upload.att.net /joesolano/Photos/Oregon SeaLionCave_Intro.jpg
2000.11.25 12:31 B C:\My Documents\WebSite\Photos\Oregon\SeaLionCave_Giustina.jpg --> upload.att.net /joesolano/Photos/Oregon SeaLionCave_Giustina.jpg
2000.11.25 12:31 B C:\My Documents\WebSite\Photos\Oregon\PacificOcean2.jpg --> upload.att.net /joesolano/Photos/Oregon PacificOcean2.jpg
2000.11.25 12:31 B C:\My Documents\WebSite\Photos\Oregon\PacificOcean.jpg --> upload.att.net /joesolano/Photos/Oregon PacificOcean.jpg
2000.11.25 12:31 B C:\My Documents\WebSite\Photos\Oregon\Golf_HoleZ.jpg --> upload.att.net /joesolano/Photos/Oregon Golf_HoleZ.jpg
2000.11.25 12:31 B C:\My Documents\WebSite\Photos\Oregon\Golf_HoleY.jpg --> upload.att.net /joesolano/Photos/Oregon Golf_HoleY.jpg
2000.11.25 12:32 B C:\My Documents\WebSite\Photos\Oregon\Golf_HoleX.jpg --> upload.att.net /joesolano/Photos/Oregon Golf_HoleX.jpg
2000.11.25 12:32 B C:\My Documents\WebSite\Photos\Oregon\Cheese_Sealing.jpg --> upload.att.net /joesolano/Photos/Oregon Cheese_Sealing.jpg
2000.11.25 12:32 B C:\My Documents\WebSite\Photos\Oregon\Cheese_Packaging.jpg --> upload.att.net /joesolano/Photos/Oregon Cheese_Packaging.jpg
2000.11.25 12:32 B C:\My Documents\WebSite\Photos\Oregon\Cheese_Intro.jpg --> upload.att.net /joesolano/Photos/Oregon Cheese_Intro.jpg
2000.11.25 12:32 B C:\My Documents\WebSite\Photos\Oregon\Cheese_curds.jpg --> upload.att.net /joesolano/Photos/Oregon Cheese_curds.jpg
2000.11.25 12:33 B C:\My Documents\WebSite\Photos\Oregon\Campground.jpg --> upload.att.net /joesolano/Photos/Oregon Campground.jpg
2001.12.19 15:46 B C:\My Documents\WebSite\Photos\Oregon\Campground.jpg --> home.tampabay.rr.com /Photos/Oregon Campground.jpg
2001.12.19 15:46 B C:\My Documents\WebSite\Photos\Oregon\Cheese_curds.jpg --> home.tampabay.rr.com /Photos/Oregon Cheese_curds.jpg
2001.12.19 15:46 B C:\My Documents\WebSite\Photos\Oregon\Cheese_Intro.jpg --> home.tampabay.rr.com /Photos/Oregon Cheese_Intro.jpg
2001.12.19 15:46 B C:\My Documents\WebSite\Photos\Oregon\Cheese_Packaging.jpg --> home.tampabay.rr.com /Photos/Oregon Cheese_Packaging.jpg
2001.12.19 15:46 B C:\My Documents\WebSite\Photos\Oregon\Cheese_Sealing.jpg --> home.tampabay.rr.com /Photos/Oregon Cheese_Sealing.jpg
2001.12.19 15:46 B C:\My Documents\WebSite\Photos\Oregon\Golf_HoleX.jpg --> home.tampabay.rr.com /Photos/Oregon Golf_HoleX.jpg
2001.12.19 15:46 B C:\My Documents\WebSite\Photos\Oregon\Golf_HoleY.jpg --> home.tampabay.rr.com /Photos/Oregon Golf_HoleY.jpg
2001.12.19 15:46 B C:\My Documents\WebSite\Photos\Oregon\Golf_HoleZ.jpg --> home.tampabay.rr.com /Photos/Oregon Golf_HoleZ.jpg
2001.12.19 15:46 B C:\My Documents\WebSite\Photos\Oregon\Lighthouse.jpg --> home.tampabay.rr.com /Photos/Oregon Lighthouse.jpg
2001.12.19 15:46 B C:\My Documents\WebSite\Photos\Oregon\PacificOcean.jpg --> home.tampabay.rr.com /Photos/Oregon PacificOcean.jpg
2001.12.19 15:46 B C:\My Documents\WebSite\Photos\Oregon\PacificOcean2.jpg --> home.tampabay.rr.com /Photos/Oregon PacificOcean2.jpg
2001.12.19 15:46 B C:\My Documents\WebSite\Photos\Oregon\SeaLionCave_Giustina.jpg --> home.tampabay.rr.com /Photos/Oregon SeaLionCave_Giustina.jpg
2001.12.19 15:46 B C:\My Documents\WebSite\Photos\Oregon\SeaLionCave_Intro.jpg --> home.tampabay.rr.com /Photos/Oregon SeaLionCave_Intro.jpg
2001.12.19 15:46 B C:\My Documents\WebSite\Photos\Oregon\SeaLionCave_Seals2.jpg --> home.tampabay.rr.com /Photos/Oregon SeaLionCave_Seals2.jpg
2001.12.19 15:46 B C:\My Documents\WebSite\Photos\Oregon\Sunset_PacificOcean.jpg --> home.tampabay.rr.com /Photos/Oregon Sunset_PacificOcean.jpg
2001.12.19 15:46 B C:\My Documents\WebSite\Photos\Oregon\WS_FTP.LOG --> home.tampabay.rr.com /Photos/Oregon WS_FTP.LOG
