2000.10.26 20:41 B C:\My Documents\WebSite\Photos\Milwaukee\BlackWolfRun_Intro.jpg --> upload.att.net /joesolano/Photos/Milwaukee BlackWolfRun_Intro.jpg
2000.10.26 20:41 B C:\My Documents\WebSite\Photos\Milwaukee\BWR_Clubhouse.jpg --> upload.att.net /joesolano/Photos/Milwaukee BWR_Clubhouse.jpg
2000.10.26 20:42 B C:\My Documents\WebSite\Photos\Milwaukee\BWR_Fishing.jpg --> upload.att.net /joesolano/Photos/Milwaukee BWR_Fishing.jpg
2000.10.26 20:42 B C:\My Documents\WebSite\Photos\Milwaukee\BWR_Hole11SandTrap.jpg --> upload.att.net /joesolano/Photos/Milwaukee BWR_Hole11SandTrap.jpg
2000.10.26 20:42 B C:\My Documents\WebSite\Photos\Milwaukee\BWR_Hole5.jpg --> upload.att.net /joesolano/Photos/Milwaukee BWR_Hole5.jpg
2000.10.26 20:42 B C:\My Documents\WebSite\Photos\Milwaukee\BWR_Hole9.jpg --> upload.att.net /joesolano/Photos/Milwaukee BWR_Hole9.jpg
2000.10.26 20:42 B C:\My Documents\WebSite\Photos\Milwaukee\BWR_Salmon.jpg --> upload.att.net /joesolano/Photos/Milwaukee BWR_Salmon.jpg
2000.10.26 20:42 B C:\My Documents\WebSite\Photos\Milwaukee\DisneyOnIceIntro.jpg --> upload.att.net /joesolano/Photos/Milwaukee DisneyOnIceIntro.jpg
2000.10.26 20:42 B C:\My Documents\WebSite\Photos\Milwaukee\DOI_1.jpg --> upload.att.net /joesolano/Photos/Milwaukee DOI_1.jpg
2000.10.26 20:43 B C:\My Documents\WebSite\Photos\Milwaukee\DOI_2.jpg --> upload.att.net /joesolano/Photos/Milwaukee DOI_2.jpg
2000.10.26 20:43 B C:\My Documents\WebSite\Photos\Milwaukee\DOI_3.jpg --> upload.att.net /joesolano/Photos/Milwaukee DOI_3.jpg
2000.10.26 20:43 B C:\My Documents\WebSite\Photos\Milwaukee\DOI_4.jpg --> upload.att.net /joesolano/Photos/Milwaukee DOI_4.jpg
2000.10.26 20:43 B C:\My Documents\WebSite\Photos\Milwaukee\Miller_Intro.jpg --> upload.att.net /joesolano/Photos/Milwaukee Miller_Intro.jpg
2000.10.26 20:43 B C:\My Documents\WebSite\Photos\Milwaukee\Miller_tour1.jpg --> upload.att.net /joesolano/Photos/Milwaukee Miller_tour1.jpg
2000.10.26 20:44 B C:\My Documents\WebSite\Photos\Milwaukee\Miller_tour2.jpg --> upload.att.net /joesolano/Photos/Milwaukee Miller_tour2.jpg
2000.10.26 20:44 B C:\My Documents\WebSite\Photos\Milwaukee\Miller_tunnel.jpg --> upload.att.net /joesolano/Photos/Milwaukee Miller_tunnel.jpg
2000.10.26 20:44 B C:\My Documents\WebSite\Photos\Milwaukee\Museum_Butterfly1.jpg --> upload.att.net /joesolano/Photos/Milwaukee Museum_Butterfly1.jpg
2000.10.26 20:44 B C:\My Documents\WebSite\Photos\Milwaukee\Museum_Butterfly2.jpg --> upload.att.net /joesolano/Photos/Milwaukee Museum_Butterfly2.jpg
2000.10.26 20:44 B C:\My Documents\WebSite\Photos\Milwaukee\Museum_Butterfly3.jpg --> upload.att.net /joesolano/Photos/Milwaukee Museum_Butterfly3.jpg
2000.10.26 20:45 B C:\My Documents\WebSite\Photos\Milwaukee\Museum_Butterfly4.jpg --> upload.att.net /joesolano/Photos/Milwaukee Museum_Butterfly4.jpg
2000.10.26 20:45 B C:\My Documents\WebSite\Photos\Milwaukee\Museum_ButterflyGiustina.jpg --> upload.att.net /joesolano/Photos/Milwaukee Museum_ButterflyGiustina.jpg
2000.10.26 20:45 B C:\My Documents\WebSite\Photos\Milwaukee\Museum_ButterflyIntro.jpg --> upload.att.net /joesolano/Photos/Milwaukee Museum_ButterflyIntro.jpg
2000.10.26 20:45 B C:\My Documents\WebSite\Photos\Milwaukee\Museum_Intro.jpg --> upload.att.net /joesolano/Photos/Milwaukee Museum_Intro.jpg
2000.10.26 20:45 B C:\My Documents\WebSite\Photos\Milwaukee\Museum_Mastadon.jpg --> upload.att.net /joesolano/Photos/Milwaukee Museum_Mastadon.jpg
2000.10.26 20:46 B C:\My Documents\WebSite\Photos\Milwaukee\Museum_Torosaurus.jpg --> upload.att.net /joesolano/Photos/Milwaukee Museum_Torosaurus.jpg
2000.10.26 20:46 B C:\My Documents\WebSite\Photos\Milwaukee\YogiBear_RV.jpg --> upload.att.net /joesolano/Photos/Milwaukee YogiBear_RV.jpg
2000.10.26 20:46 B C:\My Documents\WebSite\Photos\Milwaukee\YogiBearIntro.jpg --> upload.att.net /joesolano/Photos/Milwaukee YogiBearIntro.jpg
2001.12.19 15:44 B C:\My Documents\WebSite\Photos\Milwaukee\BlackWolfRun_Intro.jpg --> home.tampabay.rr.com /Photos/Milwaukee BlackWolfRun_Intro.jpg
2001.12.19 15:44 B C:\My Documents\WebSite\Photos\Milwaukee\BWR_Clubhouse.jpg --> home.tampabay.rr.com /Photos/Milwaukee BWR_Clubhouse.jpg
2001.12.19 15:45 B C:\My Documents\WebSite\Photos\Milwaukee\BWR_Fishing.jpg --> home.tampabay.rr.com /Photos/Milwaukee BWR_Fishing.jpg
2001.12.19 15:45 B C:\My Documents\WebSite\Photos\Milwaukee\BWR_Hole11SandTrap.jpg --> home.tampabay.rr.com /Photos/Milwaukee BWR_Hole11SandTrap.jpg
2001.12.19 15:45 B C:\My Documents\WebSite\Photos\Milwaukee\BWR_Hole5.jpg --> home.tampabay.rr.com /Photos/Milwaukee BWR_Hole5.jpg
2001.12.19 15:45 B C:\My Documents\WebSite\Photos\Milwaukee\BWR_Hole9.jpg --> home.tampabay.rr.com /Photos/Milwaukee BWR_Hole9.jpg
2001.12.19 15:45 B C:\My Documents\WebSite\Photos\Milwaukee\BWR_Salmon.jpg --> home.tampabay.rr.com /Photos/Milwaukee BWR_Salmon.jpg
2001.12.19 15:45 B C:\My Documents\WebSite\Photos\Milwaukee\DisneyOnIceIntro.jpg --> home.tampabay.rr.com /Photos/Milwaukee DisneyOnIceIntro.jpg
2001.12.19 15:45 B C:\My Documents\WebSite\Photos\Milwaukee\DOI_1.jpg --> home.tampabay.rr.com /Photos/Milwaukee DOI_1.jpg
2001.12.19 15:45 B C:\My Documents\WebSite\Photos\Milwaukee\DOI_2.jpg --> home.tampabay.rr.com /Photos/Milwaukee DOI_2.jpg
2001.12.19 15:45 B C:\My Documents\WebSite\Photos\Milwaukee\DOI_3.jpg --> home.tampabay.rr.com /Photos/Milwaukee DOI_3.jpg
2001.12.19 15:45 B C:\My Documents\WebSite\Photos\Milwaukee\DOI_4.jpg --> home.tampabay.rr.com /Photos/Milwaukee DOI_4.jpg
2001.12.19 15:45 B C:\My Documents\WebSite\Photos\Milwaukee\Miller_Intro.jpg --> home.tampabay.rr.com /Photos/Milwaukee Miller_Intro.jpg
2001.12.19 15:45 B C:\My Documents\WebSite\Photos\Milwaukee\Miller_tour1.jpg --> home.tampabay.rr.com /Photos/Milwaukee Miller_tour1.jpg
2001.12.19 15:45 B C:\My Documents\WebSite\Photos\Milwaukee\Miller_tour2.jpg --> home.tampabay.rr.com /Photos/Milwaukee Miller_tour2.jpg
2001.12.19 15:45 B C:\My Documents\WebSite\Photos\Milwaukee\Miller_tunnel.jpg --> home.tampabay.rr.com /Photos/Milwaukee Miller_tunnel.jpg
2001.12.19 15:45 B C:\My Documents\WebSite\Photos\Milwaukee\Museum_Butterfly1.jpg --> home.tampabay.rr.com /Photos/Milwaukee Museum_Butterfly1.jpg
2001.12.19 15:45 B C:\My Documents\WebSite\Photos\Milwaukee\Museum_Butterfly2.jpg --> home.tampabay.rr.com /Photos/Milwaukee Museum_Butterfly2.jpg
2001.12.19 15:45 B C:\My Documents\WebSite\Photos\Milwaukee\Museum_Butterfly3.jpg --> home.tampabay.rr.com /Photos/Milwaukee Museum_Butterfly3.jpg
2001.12.19 15:45 B C:\My Documents\WebSite\Photos\Milwaukee\Museum_Butterfly4.jpg --> home.tampabay.rr.com /Photos/Milwaukee Museum_Butterfly4.jpg
2001.12.19 15:45 B C:\My Documents\WebSite\Photos\Milwaukee\Museum_ButterflyGiustina.jpg --> home.tampabay.rr.com /Photos/Milwaukee Museum_ButterflyGiustina.jpg
2001.12.19 15:45 B C:\My Documents\WebSite\Photos\Milwaukee\Museum_ButterflyIntro.jpg --> home.tampabay.rr.com /Photos/Milwaukee Museum_ButterflyIntro.jpg
2001.12.19 15:45 B C:\My Documents\WebSite\Photos\Milwaukee\Museum_Intro.jpg --> home.tampabay.rr.com /Photos/Milwaukee Museum_Intro.jpg
2001.12.19 15:45 B C:\My Documents\WebSite\Photos\Milwaukee\Museum_Mastadon.jpg --> home.tampabay.rr.com /Photos/Milwaukee Museum_Mastadon.jpg
2001.12.19 15:45 B C:\My Documents\WebSite\Photos\Milwaukee\Museum_Torosaurus.jpg --> home.tampabay.rr.com /Photos/Milwaukee Museum_Torosaurus.jpg
2001.12.19 15:45 B C:\My Documents\WebSite\Photos\Milwaukee\WS_FTP.LOG --> home.tampabay.rr.com /Photos/Milwaukee WS_FTP.LOG
2001.12.19 15:45 B C:\My Documents\WebSite\Photos\Milwaukee\YogiBear_RV.jpg --> home.tampabay.rr.com /Photos/Milwaukee YogiBear_RV.jpg
2001.12.19 15:45 B C:\My Documents\WebSite\Photos\Milwaukee\YogiBearIntro.jpg --> home.tampabay.rr.com /Photos/Milwaukee YogiBearIntro.jpg
