2000.10.13 18:17 B C:\My Documents\WebSite\Photos\Lancaster\TrainRidePassengerCar.jpg --> upload.att.net /joesolano/Photos/Lancaster TrainRidePassengerCar.jpg
2000.10.13 18:17 B C:\My Documents\WebSite\Photos\Lancaster\TrainRideInterior.jpg --> upload.att.net /joesolano/Photos/Lancaster TrainRideInterior.jpg
2000.10.13 18:18 B C:\My Documents\WebSite\Photos\Lancaster\ToyTrainSpiritOf76.jpg --> upload.att.net /joesolano/Photos/Lancaster ToyTrainSpiritOf76.jpg
2000.10.13 18:18 B C:\My Documents\WebSite\Photos\Lancaster\ToyTrains.jpg --> upload.att.net /joesolano/Photos/Lancaster ToyTrains.jpg
2000.10.13 18:18 B C:\My Documents\WebSite\Photos\Lancaster\ToyTrainOld.jpg --> upload.att.net /joesolano/Photos/Lancaster ToyTrainOld.jpg
2000.10.13 18:18 B C:\My Documents\WebSite\Photos\Lancaster\ToyChristmasTrain.jpg --> upload.att.net /joesolano/Photos/Lancaster ToyChristmasTrain.jpg
2000.10.13 18:18 B C:\My Documents\WebSite\Photos\Lancaster\SugarCaneSteamLoco.jpg --> upload.att.net /joesolano/Photos/Lancaster SugarCaneSteamLoco.jpg
2000.10.13 18:19 B C:\My Documents\WebSite\Photos\Lancaster\RVInCamp.jpg --> upload.att.net /joesolano/Photos/Lancaster RVInCamp.jpg
2000.10.13 18:19 B C:\My Documents\WebSite\Photos\Lancaster\RailroadMuseumIntro.jpg --> upload.att.net /joesolano/Photos/Lancaster RailroadMuseumIntro.jpg
2000.10.13 18:19 B C:\My Documents\WebSite\Photos\Lancaster\Horse.jpg --> upload.att.net /joesolano/Photos/Lancaster Horse.jpg
2000.10.13 18:19 B C:\My Documents\WebSite\Photos\Lancaster\Herse.jpg --> upload.att.net /joesolano/Photos/Lancaster Herse.jpg
2000.10.13 18:19 B C:\My Documents\WebSite\Photos\Lancaster\ElectricEngine.jpg --> upload.att.net /joesolano/Photos/Lancaster ElectricEngine.jpg
2000.10.13 18:19 B C:\My Documents\WebSite\Photos\Lancaster\DiselEngine2.jpg --> upload.att.net /joesolano/Photos/Lancaster DiselEngine2.jpg
2000.10.13 18:19 B C:\My Documents\WebSite\Photos\Lancaster\DiselEngine.jpg --> upload.att.net /joesolano/Photos/Lancaster DiselEngine.jpg
2000.10.13 18:20 B C:\My Documents\WebSite\Photos\Lancaster\DelawareAndHudsonBoxCar.jpg --> upload.att.net /joesolano/Photos/Lancaster DelawareAndHudsonBoxCar.jpg
2000.10.13 18:20 B C:\My Documents\WebSite\Photos\Lancaster\CumberlandPassengerCar.jpg --> upload.att.net /joesolano/Photos/Lancaster CumberlandPassengerCar.jpg
2000.10.13 18:20 B C:\My Documents\WebSite\Photos\Lancaster\ClassE44ElectricEngine.jpg --> upload.att.net /joesolano/Photos/Lancaster ClassE44ElectricEngine.jpg
2000.10.13 18:20 B C:\My Documents\WebSite\Photos\Lancaster\CampingSign.jpg --> upload.att.net /joesolano/Photos/Lancaster CampingSign.jpg
2000.10.13 18:20 B C:\My Documents\WebSite\Photos\Lancaster\260SteamEngine.jpg --> upload.att.net /joesolano/Photos/Lancaster 260SteamEngine.jpg
2001.12.19 15:44 B C:\My Documents\WebSite\Photos\Lancaster\260SteamEngine.jpg --> home.tampabay.rr.com /Photos/Lancaster 260SteamEngine.jpg
2001.12.19 15:44 B C:\My Documents\WebSite\Photos\Lancaster\CampingSign.jpg --> home.tampabay.rr.com /Photos/Lancaster CampingSign.jpg
2001.12.19 15:44 B C:\My Documents\WebSite\Photos\Lancaster\ClassE44ElectricEngine.jpg --> home.tampabay.rr.com /Photos/Lancaster ClassE44ElectricEngine.jpg
2001.12.19 15:44 B C:\My Documents\WebSite\Photos\Lancaster\CumberlandPassengerCar.jpg --> home.tampabay.rr.com /Photos/Lancaster CumberlandPassengerCar.jpg
2001.12.19 15:44 B C:\My Documents\WebSite\Photos\Lancaster\DelawareAndHudsonBoxCar.jpg --> home.tampabay.rr.com /Photos/Lancaster DelawareAndHudsonBoxCar.jpg
2001.12.19 15:44 B C:\My Documents\WebSite\Photos\Lancaster\DiselEngine.jpg --> home.tampabay.rr.com /Photos/Lancaster DiselEngine.jpg
2001.12.19 15:44 B C:\My Documents\WebSite\Photos\Lancaster\DiselEngine2.jpg --> home.tampabay.rr.com /Photos/Lancaster DiselEngine2.jpg
2001.12.19 15:44 B C:\My Documents\WebSite\Photos\Lancaster\ElectricEngine.jpg --> home.tampabay.rr.com /Photos/Lancaster ElectricEngine.jpg
2001.12.19 15:44 B C:\My Documents\WebSite\Photos\Lancaster\Herse.jpg --> home.tampabay.rr.com /Photos/Lancaster Herse.jpg
2001.12.19 15:44 B C:\My Documents\WebSite\Photos\Lancaster\Horse.jpg --> home.tampabay.rr.com /Photos/Lancaster Horse.jpg
2001.12.19 15:44 B C:\My Documents\WebSite\Photos\Lancaster\RailroadMuseumIntro.jpg --> home.tampabay.rr.com /Photos/Lancaster RailroadMuseumIntro.jpg
2001.12.19 15:44 B C:\My Documents\WebSite\Photos\Lancaster\RVInCamp.jpg --> home.tampabay.rr.com /Photos/Lancaster RVInCamp.jpg
2001.12.19 15:44 B C:\My Documents\WebSite\Photos\Lancaster\SugarCaneSteamLoco.jpg --> home.tampabay.rr.com /Photos/Lancaster SugarCaneSteamLoco.jpg
2001.12.19 15:44 B C:\My Documents\WebSite\Photos\Lancaster\ToyChristmasTrain.jpg --> home.tampabay.rr.com /Photos/Lancaster ToyChristmasTrain.jpg
2001.12.19 15:44 B C:\My Documents\WebSite\Photos\Lancaster\ToyTrainOld.jpg --> home.tampabay.rr.com /Photos/Lancaster ToyTrainOld.jpg
2001.12.19 15:44 B C:\My Documents\WebSite\Photos\Lancaster\ToyTrains.jpg --> home.tampabay.rr.com /Photos/Lancaster ToyTrains.jpg
2001.12.19 15:44 B C:\My Documents\WebSite\Photos\Lancaster\ToyTrainSpiritOf76.jpg --> home.tampabay.rr.com /Photos/Lancaster ToyTrainSpiritOf76.jpg
2001.12.19 15:44 B C:\My Documents\WebSite\Photos\Lancaster\TrainRideInterior.jpg --> home.tampabay.rr.com /Photos/Lancaster TrainRideInterior.jpg
2001.12.19 15:44 B C:\My Documents\WebSite\Photos\Lancaster\TrainRidePassengerCar.jpg --> home.tampabay.rr.com /Photos/Lancaster TrainRidePassengerCar.jpg
2001.12.19 15:44 B C:\My Documents\WebSite\Photos\Lancaster\WS_FTP.LOG --> home.tampabay.rr.com /Photos/Lancaster WS_FTP.LOG
